#
# A fatal error has been detected by the Java Runtime Environment:
#
#  EXCEPTION_ACCESS_VIOLATION (0xc0000005) at pc=0x00007ffde904c986, pid=7872, tid=11136
#
# JRE version: OpenJDK Runtime Environment Temurin-17.0.5+8 (17.0.5+8) (build 17.0.5+8)
# Java VM: OpenJDK 64-Bit Server VM Temurin-17.0.5+8 (17.0.5+8, mixed mode, emulated-client, tiered, compressed oops, compressed class ptrs, g1 gc, windows-amd64)
# Problematic frame:
# V  [jvm.dll+0xc986]
#
# No core dump will be written. Minidumps are not enabled by default on client versions of Windows
#
# If you would like to submit a bug report, please visit:
#   https://github.com/adoptium/adoptium-support/issues
#

---------------  S U M M A R Y ------------

Command Line: -XX:+HeapDumpOnOutOfMemoryError -Xmx1024m -Dsts.lsp.client=vscode -Dsts.log.file=/dev/null -XX:TieredStopAtLevel=1 -Xlog:jni+resolve=off -Dspring.config.location=file:c:\Users\lufer\.vscode\extensions\vmware.vscode-spring-boot-1.44.0\language-server\BOOT-INF\classes\application.properties org.springframework.ide.vscode.boot.app.BootLanguageServerBootApp

Host: Intel(R) Core(TM) i3-3110M CPU @ 2.40GHz, 4 cores, 7G,  Windows 10 , 64 bit Build 19041 (10.0.19041.2364)
Time: Sun Feb 12 11:48:55 2023 SA Pacific Standard Time elapsed time: 295.678063 seconds (0d 0h 4m 55s)

---------------  T H R E A D  ---------------

Current thread (0x00000278efcbb8d0):  ConcurrentGCThread "G1 Conc#0" [stack: 0x0000007e64d00000,0x0000007e64e00000] [id=11136]

Stack: [0x0000007e64d00000,0x0000007e64e00000],  sp=0x0000007e64dff468,  free space=1021k
Native frames: (J=compiled Java code, j=interpreted, Vv=VM code, C=native code)
V  [jvm.dll+0xc986]


siginfo: EXCEPTION_ACCESS_VIOLATION (0xc0000005), reading address 0x0000000000000008


Register to memory mapping:

RIP=0x00007ffde904c986 jvm.dll
RAX=0x90a1428509425084 is an unknown value
RBX=0x00000278efcb2501 points into unknown readable memory: 00 00 00 00 00 00 00
RCX=0x00000000c24c6358 is pointing into object: com.sun.tools.javac.code.Kinds$Kind 
{0x00000000c24c6348} - klass: 'com/sun/tools/javac/code/Kinds$Kind'
 - ---- fields (total size 5 words):
 - private final 'ordinal' 'I' @12  3
 - private final 'name' 'Ljava/lang/String;' @16  "VAR"{0x00000000c24c5ea0} (c24c5ea0)
 - private final 'kindName' 'Lcom/sun/tools/javac/code/Kinds$KindName;' @20  a 'com/sun/tools/javac/code/Kinds$KindName'{0x00000000c24c6108} (c24c6108)
 - private final 'absentKind' 'Lcom/sun/tools/javac/code/Kinds$KindName;' @24  NULL (0)
 - private final 'selector' 'Lcom/sun/tools/javac/code/Kinds$KindSelector;' @28  a 'com/sun/tools/javac/code/Kinds$KindSelector'{0x00000000c24c6370} (c24c6370)
 - private final 'category' 'Lcom/sun/tools/javac/code/Kinds$Kind$Category;' @32  a 'com/sun/tools/javac/code/Kinds$Kind$Category'{0x00000000c24c62c0} (c24c62c0)
RDX=0x00000000c24c6358 is pointing into object: com.sun.tools.javac.code.Kinds$Kind 
{0x00000000c24c6348} - klass: 'com/sun/tools/javac/code/Kinds$Kind'
 - ---- fields (total size 5 words):
 - private final 'ordinal' 'I' @12  3
 - private final 'name' 'Ljava/lang/String;' @16  "VAR"{0x00000000c24c5ea0} (c24c5ea0)
 - private final 'kindName' 'Lcom/sun/tools/javac/code/Kinds$KindName;' @20  a 'com/sun/tools/javac/code/Kinds$KindName'{0x00000000c24c6108} (c24c6108)
 - private final 'absentKind' 'Lcom/sun/tools/javac/code/Kinds$KindName;' @24  NULL (0)
 - private final 'selector' 'Lcom/sun/tools/javac/code/Kinds$KindSelector;' @28  a 'com/sun/tools/javac/code/Kinds$KindSelector'{0x00000000c24c6370} (c24c6370)
 - private final 'category' 'Lcom/sun/tools/javac/code/Kinds$Kind$Category;' @32  a 'com/sun/tools/javac/code/Kinds$Kind$Category'{0x00000000c24c62c0} (c24c62c0)
RSP=0x0000007e64dff468 points into unknown readable memory: 0x00007ffde9315288 | 88 52 31 e9 fd 7f 00 00
RBP=0x0 is NULL
RSI=0x00000278efcb2580 points into unknown readable memory: 0x00000278efcbaec0 | c0 ae cb ef 78 02 00 00
RDI=0x00000000c24c6358 is pointing into object: com.sun.tools.javac.code.Kinds$Kind 
{0x00000000c24c6348} - klass: 'com/sun/tools/javac/code/Kinds$Kind'
 - ---- fields (total size 5 words):
 - private final 'ordinal' 'I' @12  3
 - private final 'name' 'Ljava/lang/String;' @16  "VAR"{0x00000000c24c5ea0} (c24c5ea0)
 - private final 'kindName' 'Lcom/sun/tools/javac/code/Kinds$KindName;' @20  a 'com/sun/tools/javac/code/Kinds$KindName'{0x00000000c24c6108} (c24c6108)
 - private final 'absentKind' 'Lcom/sun/tools/javac/code/Kinds$KindName;' @24  NULL (0)
 - private final 'selector' 'Lcom/sun/tools/javac/code/Kinds$KindSelector;' @28  a 'com/sun/tools/javac/code/Kinds$KindSelector'{0x00000000c24c6370} (c24c6370)
 - private final 'category' 'Lcom/sun/tools/javac/code/Kinds$Kind$Category;' @32  a 'com/sun/tools/javac/code/Kinds$Kind$Category'{0x00000000c24c62c0} (c24c62c0)
R8 =0x00000278f7c33188 points into unknown readable memory: 0x90a14a8509425084 | 84 50 42 09 85 4a a1 90
R9 =0x0 is NULL
R10=0x00000000000000b9 is an unknown value
R11=0x0000000000000003 is an unknown value
R12=0x0 is NULL
R13=0xaaaaaaaaaaaaaaab is an unknown value
R14=0x000000010059aaa8 is a pointer to class: 
com.sun.tools.javac.util.ByteBuffer {0x000000010059aab0}
 - instance size:     3
 - klass size:        83
 - access:            public synchronized 
 - state:             fully_initialized
 - name:              'com/sun/tools/javac/util/ByteBuffer'
 - super:             'java/lang/Object'
 - sub:               
 - arrays:            NULL
 - methods:           Array<T>(0x0000027880df5c10)
 - method ordering:   Array<T>(0x00000278fc400018)
 - default_methods:   Array<T>(0x0000000000000000)
 - local interfaces:  Array<T>(0x00000278fc400058)
 - trans. interfaces: Array<T>(0x00000278fc400058)
 - constants:         constant pool [150] {0x0000027880df5688} for 'com/sun/tools/javac/util/ByteBuffer' cache=0x0000027880df6c28
 - class loader data:  loader data: 0x0000027881494440 for instance a 'org/openrewrite/java/JavaUnrestrictedClassLoader'{0x00000000c1af6520}
 - class annotations:       Array<T>(0x0000000000000000)
 - class type annotations:  Array<T>(0x0000000000000000)
 - field annotations:       Array<T>(0x0000000000000000)
 - field type annotations:  Array<T>(0x0000000000000000)
 - inner classes:     Array<T>(0x00000278fc400028)
 - nest members:     Array<T>(0x00000278fc400028)
 - permitted subclasses:     Array<T>(0x00000278fc400028)
 - java mirror:       a 'java/lang/Class'{0x00000000c43e7c28} = 'com/sun/tools/javac/util/ByteBuffer'
 - vtable length      23  (start addr: 0x000000010059ac70)
 - itable length      2 (start addr: 0x000000010059ad28)
 - ---- static fields (0 words):
 - ---- non-static fields (2 words):
 - public 'length' 'I' @12 
 - public 'elems' '[B' @16 
 - non-static oop maps: 16-16 
R15=0x00000000c4aafb58 is an oop: com.sun.tools.javac.code.Symbol$ParamSymbol 
{0x00000000c4aafb58} - klass: 'com/sun/tools/javac/code/Symbol$ParamSymbol'
 - ---- fields (total size 8 words):
 - public 'kind' 'Lcom/sun/tools/javac/code/Kinds$Kind;' @12  
[error occurred during error reporting (printing register info), id 0xc0000005, EXCEPTION_ACCESS_VIOLATION (0xc0000005) at pc=0x00007ffde96a2f53]

Registers:
RAX=0x90a1428509425084, RBX=0x00000278efcb2501, RCX=0x00000000c24c6358, RDX=0x00000000c24c6358
RSP=0x0000007e64dff468, RBP=0x0000000000000000, RSI=0x00000278efcb2580, RDI=0x00000000c24c6358
R8 =0x00000278f7c33188, R9 =0x0000000000000000, R10=0x00000000000000b9, R11=0x0000000000000003
R12=0x0000000000000000, R13=0xaaaaaaaaaaaaaaab, R14=0x000000010059aaa8, R15=0x00000000c4aafb58
RIP=0x00007ffde904c986, EFLAGS=0x0000000000010246

Top of Stack: (sp=0x0000007e64dff468)
0x0000007e64dff468:   00007ffde9315288 0000000000098968
0x0000007e64dff478:   00000000023c3460 000076597a2d3e49
0x0000007e64dff488:   0000007e64dff640 00000000c24c6358
0x0000007e64dff498:   00007ffde9314f0f 00000278efcbd560
0x0000007e64dff4a8:   0000007e64dff640 000000010059aa90
0x0000007e64dff4b8:   00007ffde96b008c 00000000c4aafb68
0x0000007e64dff4c8:   00007ffde931313d 00000000c4aafb64
0x0000007e64dff4d8:   00007ffde931375d 0000007e64dff510
0x0000007e64dff4e8:   0000000000000004 0000007e64dff600
0x0000007e64dff4f8:   0000000000000001 00000000c4aafb58
0x0000007e64dff508:   00007ffde9312d81 000000010059a4c8
0x0000007e64dff518:   0000000000000008 0000007e64dff640
0x0000007e64dff528:   0000000000000000 00000278efcbd560
0x0000007e64dff538:   00007ffde932881e 00000000c4aafb58
0x0000007e64dff548:   00000278efcb2590 0000007e64dff600
0x0000007e64dff558:   00000278efcb2590 00000000c4aafb58 

Instructions: (pc=0x00007ffde904c986)
0x00007ffde904c886:   cc cc cc cc cc cc cc cc cc cc 4c 8b 01 4c 8b c9
0x00007ffde904c896:   48 8b 0d f3 a2 b4 00 ba 64 60 08 00 e9 c9 f1 ff
0x00007ffde904c8a6:   ff cc cc cc cc cc cc cc cc cc 8b 05 32 ea ae 00
0x00007ffde904c8b6:   c3 cc cc cc cc cc cc cc cc cc 0f b6 05 38 ab b5
0x00007ffde904c8c6:   00 48 8b d1 84 c0 74 16 44 8b 41 08 8b 0d 10 ea
0x00007ffde904c8d6:   ae 00 49 d3 e0 4c 03 05 fe e9 ae 00 eb 04 4c 8b
0x00007ffde904c8e6:   41 08 45 8b 50 08 45 85 d2 7e 0e 41 f6 c2 01 75
0x00007ffde904c8f6:   53 41 c1 fa 03 41 8b c2 c3 79 49 84 c0 b9 10 00
0x00007ffde904c906:   00 00 8b 05 16 f9 ae 00 41 b8 0c 00 00 00 41 0f
0x00007ffde904c916:   45 c8 ff c8 4c 63 c8 48 63 14 11 41 8b ca 83 e1
0x00007ffde904c926:   3f 48 d3 e2 41 8b ca 48 c1 f9 10 0f b6 c1 49 8d
0x00007ffde904c936:   0c 11 49 f7 d1 48 03 c1 49 c1 e9 03 48 c1 e8 03
0x00007ffde904c946:   41 23 c1 c3 49 8b 00 49 8b c8 48 ff a0 00 01 00
0x00007ffde904c956:   00 cc cc cc cc cc cc cc cc cc 8b 44 24 30 45 03
0x00007ffde904c966:   c9 44 2b 4c 24 28 83 c0 0b 44 03 ca 45 03 c8 41
0x00007ffde904c976:   03 c1 c3 cc cc cc cc cc cc cc 4c 8b ca 48 8b d1
0x00007ffde904c986:   45 8b 41 08 45 85 c0 7e 0e 41 f6 c0 01 75 56 41
0x00007ffde904c996:   c1 f8 03 41 8b c0 c3 79 4c 80 3d 59 aa b5 00 00
0x00007ffde904c9a6:   b8 0c 00 00 00 b9 10 00 00 00 0f 45 c8 8b 05 6b
0x00007ffde904c9b6:   f8 ae 00 ff c8 4c 63 c8 48 63 14 11 41 8b c8 83
0x00007ffde904c9c6:   e1 3f 48 d3 e2 41 8b c8 48 c1 f9 10 0f b6 c1 49
0x00007ffde904c9d6:   8d 0c 11 49 f7 d1 48 03 c1 49 c1 e9 03 48 c1 e8
0x00007ffde904c9e6:   03 41 23 c1 c3 49 8b 01 49 8b c9 48 ff a0 00 01
0x00007ffde904c9f6:   00 00 cc cc cc cc cc cc cc cc 48 8b 41 08 0f b7
0x00007ffde904ca06:   48 2a 0f b7 40 28 83 c0 48 03 c1 c3 cc cc cc cc
0x00007ffde904ca16:   cc cc cc cc cc cc cc cc cc cc 48 89 5c 24 08 57
0x00007ffde904ca26:   48 83 ec 20 0f b6 05 3f 87 b9 00 48 8b fa 48 8b
0x00007ffde904ca36:   d9 84 c0 74 4f 48 85 15 26 7f b9 00 74 38 48 8b
0x00007ffde904ca46:   ca e8 c4 5b 85 00 48 8b d0 48 85 db 74 25 48 85
0x00007ffde904ca56:   c0 74 20 48 8b c7 f0 48 0f b1 13 74 16 48 85 05
0x00007ffde904ca66:   fe 7e b9 00 74 0d 48 8b c8 f0 48 0f b1 13 48 3b
0x00007ffde904ca76:   c1 75 ea 48 8b fa 48 8b c7 48 8b 5c 24 30 48 83 


Stack slot to memory mapping:
stack at sp + 0 slots: 0x00007ffde9315288 jvm.dll
stack at sp + 1 slots: 0x0000000000098968 is an unknown value
stack at sp + 2 slots: 0x00000000023c3460 is an unknown value
stack at sp + 3 slots: 0x000076597a2d3e49 is an unknown value
stack at sp + 4 slots: 0x0000007e64dff640 points into unknown readable memory: 0x00007ffde99905e8 | e8 05 99 e9 fd 7f 00 00
stack at sp + 5 slots: 0x00000000c24c6358 is pointing into object: com.sun.tools.javac.code.Kinds$Kind 
{0x00000000c24c6348} - klass: 'com/sun/tools/javac/code/Kinds$Kind'
 - ---- fields (total size 5 words):
 - private final 'ordinal' 'I' @12  3
 - private final 'name' 'Ljava/lang/String;' @16  "VAR"{0x00000000c24c5ea0} (c24c5ea0)
 - private final 'kindName' 'Lcom/sun/tools/javac/code/Kinds$KindName;' @20  a 'com/sun/tools/javac/code/Kinds$KindName'{0x00000000c24c6108} (c24c6108)
 - private final 'absentKind' 'Lcom/sun/tools/javac/code/Kinds$KindName;' @24  NULL (0)
 - private final 'selector' 'Lcom/sun/tools/javac/code/Kinds$KindSelector;' @28  a 'com/sun/tools/javac/code/Kinds$KindSelector'{0x00000000c24c6370} (c24c6370)
 - private final 'category' 'Lcom/sun/tools/javac/code/Kinds$Kind$Category;' @32  a 'com/sun/tools/javac/code/Kinds$Kind$Category'{0x00000000c24c62c0} (c24c62c0)
stack at sp + 6 slots: 0x00007ffde9314f0f jvm.dll
stack at sp + 7 slots: 0x00000278efcbd560 points into unknown readable memory: 0x00007ffde99905c8 | c8 05 99 e9 fd 7f 00 00


---------------  P R O C E S S  ---------------

Threads class SMR info:
_java_thread_list=0x000002788df13bc0, length=33, elements={
0x00000278fc189750, 0x00000278fc18a5c0, 0x00000278fc1b8a40, 0x00000278fc1bb5d0,
0x00000278fc1bcf90, 0x00000278fc1bd940, 0x00000278fc1be3a0, 0x00000278fc1eaff0,
0x00000278fcddefa0, 0x00000278fcde5070, 0x00000278fd49f440, 0x00000278fdbd3020,
0x00000278fdbd34f0, 0x00000278fda66950, 0x00000278fdeb6a60, 0x00000278fdeb3a40,
0x00000278fdeb60c0, 0x00000278fdeb3570, 0x00000278fe276a10, 0x00000278fe2756d0,
0x00000278fe275ba0, 0x00000278fe279f00, 0x00000278fe278bc0, 0x00000278fe277d50,
0x00000278fe276ee0, 0x00000278fe279560, 0x00000278fe273520, 0x00000278fe279a30,
0x00000278fe2739f0, 0x00000278fe274390, 0x00000278fe27a3d0, 0x00000278fe276540,
0x00000278fe2786f0
}

Java Threads: ( => current thread )
  0x00000278fc189750 JavaThread "Reference Handler" daemon [_thread_blocked, id=2424, stack(0x0000007e65100000,0x0000007e65200000)]
  0x00000278fc18a5c0 JavaThread "Finalizer" daemon [_thread_blocked, id=12164, stack(0x0000007e65200000,0x0000007e65300000)]
  0x00000278fc1b8a40 JavaThread "Signal Dispatcher" daemon [_thread_blocked, id=17364, stack(0x0000007e65300000,0x0000007e65400000)]
  0x00000278fc1bb5d0 JavaThread "Attach Listener" daemon [_thread_blocked, id=1464, stack(0x0000007e65400000,0x0000007e65500000)]
  0x00000278fc1bcf90 JavaThread "Service Thread" daemon [_thread_blocked, id=12296, stack(0x0000007e65500000,0x0000007e65600000)]
  0x00000278fc1bd940 JavaThread "Monitor Deflation Thread" daemon [_thread_blocked, id=2656, stack(0x0000007e65600000,0x0000007e65700000)]
  0x00000278fc1be3a0 JavaThread "C1 CompilerThread0" daemon [_thread_blocked, id=5240, stack(0x0000007e65700000,0x0000007e65800000)]
  0x00000278fc1eaff0 JavaThread "Sweeper thread" daemon [_thread_blocked, id=18200, stack(0x0000007e65800000,0x0000007e65900000)]
  0x00000278fcddefa0 JavaThread "Notification Thread" daemon [_thread_blocked, id=16424, stack(0x0000007e65900000,0x0000007e65a00000)]
  0x00000278fcde5070 JavaThread "Common-Cleaner" daemon [_thread_blocked, id=16112, stack(0x0000007e65b00000,0x0000007e65c00000)]
  0x00000278fd49f440 JavaThread "boundedElastic-evictor-1" daemon [_thread_blocked, id=9068, stack(0x0000007e66000000,0x0000007e66100000)]
  0x00000278fdbd3020 JavaThread "boundedElastic-evictor-2" daemon [_thread_blocked, id=11964, stack(0x0000007e66100000,0x0000007e66200000)]
  0x00000278fdbd34f0 JavaThread "pool-10-thread-1" [_thread_blocked, id=12716, stack(0x0000007e66200000,0x0000007e66300000)]
  0x00000278fda66950 JavaThread "LanguageServerApp-lifecycle" [_thread_blocked, id=6696, stack(0x0000007e66300000,0x0000007e66400000)]
  0x00000278fdeb6a60 JavaThread "DestroyJavaVM" [_thread_blocked, id=15380, stack(0x0000007e64a00000,0x0000007e64b00000)]
  0x00000278fdeb3a40 JavaThread "pool-11-thread-1" [_thread_in_native, id=17152, stack(0x0000007e66400000,0x0000007e66500000)]
  0x00000278fdeb60c0 JavaThread "Simple-Language-Server main thread" daemon [_thread_blocked, id=3812, stack(0x0000007e66500000,0x0000007e66600000)]
  0x00000278fdeb3570 JavaThread "pool-6-thread-1" [_thread_blocked, id=7696, stack(0x0000007e66900000,0x0000007e66a00000)]
  0x00000278fe276a10 JavaThread "parallel-1" daemon [_thread_blocked, id=15872, stack(0x0000007e67300000,0x0000007e67400000)]
  0x00000278fe2756d0 JavaThread "ForkJoinPool.commonPool-worker-2" daemon [_thread_blocked, id=16500, stack(0x0000007e67500000,0x0000007e67600000)]
  0x00000278fe275ba0 JavaThread "pool-4-thread-1" [_thread_blocked, id=10092, stack(0x0000007e67b00000,0x0000007e67c00000)]
  0x00000278fe279f00 JavaThread "parallel-2" daemon [_thread_blocked, id=2292, stack(0x0000007e67c00000,0x0000007e67d00000)]
  0x00000278fe278bc0 JavaThread "parallel-3" daemon [_thread_blocked, id=1632, stack(0x0000007e67e00000,0x0000007e67f00000)]
  0x00000278fe277d50 JavaThread "parallel-4" daemon [_thread_blocked, id=11328, stack(0x0000007e66d00000,0x0000007e66e00000)]
  0x00000278fe276ee0 JavaThread "Reconciler-1" daemon [_thread_blocked, id=2664, stack(0x0000007e66f00000,0x0000007e67000000)]
  0x00000278fe279560 JavaThread "ForkJoinPool-1-worker-2" daemon [_thread_blocked, id=17336, stack(0x0000007e67000000,0x0000007e67100000)]
  0x00000278fe273520 JavaThread "ForkJoinPool-1-worker-3" daemon [_thread_blocked, id=1480, stack(0x0000007e67100000,0x0000007e67200000)]
  0x00000278fe279a30 JavaThread "ForkJoinPool-1-worker-4" daemon [_thread_blocked, id=8552, stack(0x0000007e67200000,0x0000007e67300000)]
  0x00000278fe2739f0 JavaThread "pool-3-thread-4" [_thread_blocked, id=14048, stack(0x0000007e64800000,0x0000007e64900000)]
  0x00000278fe274390 JavaThread "pool-3-thread-5" [_thread_blocked, id=13624, stack(0x0000007e64900000,0x0000007e64a00000)]
  0x00000278fe27a3d0 JavaThread "ForkJoinPool.commonPool-worker-4" daemon [_thread_blocked, id=6484, stack(0x0000007e65e00000,0x0000007e65f00000)]
  0x00000278fe276540 JavaThread "ForkJoinPool.commonPool-worker-5" daemon [_thread_in_Java, id=16660, stack(0x0000007e66600000,0x0000007e66700000)]
  0x00000278fe2786f0 JavaThread "pool-3-thread-6" [_thread_blocked, id=17928, stack(0x0000007e66700000,0x0000007e66800000)]

Other Threads:
  0x00000278fc1729f0 VMThread "VM Thread" [stack: 0x0000007e65000000,0x0000007e65100000] [id=6640]
  0x00000278fcddf470 WatcherThread [stack: 0x0000007e65a00000,0x0000007e65b00000] [id=5112]
  0x00000278efcb1f80 GCTaskThread "GC Thread#0" [stack: 0x0000007e64b00000,0x0000007e64c00000] [id=13240]
  0x00000278fceeaf00 GCTaskThread "GC Thread#1" [stack: 0x0000007e65c00000,0x0000007e65d00000] [id=1792]
  0x00000278fceeb9c0 GCTaskThread "GC Thread#2" [stack: 0x0000007e65d00000,0x0000007e65e00000] [id=7048]
  0x00000278fd786e00 GCTaskThread "GC Thread#3" [stack: 0x0000007e65f00000,0x0000007e66000000] [id=15896]
  0x00000278efcbaec0 ConcurrentGCThread "G1 Main Marker" [stack: 0x0000007e64c00000,0x0000007e64d00000] [id=13668]
=>0x00000278efcbb8d0 ConcurrentGCThread "G1 Conc#0" [stack: 0x0000007e64d00000,0x0000007e64e00000] [id=11136]
  0x00000278efd2feb0 ConcurrentGCThread "G1 Refine#0" [stack: 0x0000007e64e00000,0x0000007e64f00000] [id=11920]
  0x00000278fe4a1ab0 ConcurrentGCThread "G1 Refine#1" [stack: 0x0000007e67700000,0x0000007e67800000] [id=11252]
  0x00000278fe526ce0 ConcurrentGCThread "G1 Refine#2" [stack: 0x0000007e67800000,0x0000007e67900000] [id=6992]
  0x00000278815e7010 ConcurrentGCThread "G1 Refine#3" [stack: 0x0000007e68000000,0x0000007e68100000] [id=10156]
  0x00000278efd328e0 ConcurrentGCThread "G1 Service" [stack: 0x0000007e64f00000,0x0000007e65000000] [id=13840]

Threads with active compile tasks:

VM state: not at safepoint (normal execution)

VM Mutex/Monitor currently owned by a thread: None

Heap address: 0x00000000c0000000, size: 1024 MB, Compressed Oops mode: 32-bit

CDS archive(s) not mapped
Compressed class space mapped at: 0x0000000100000000-0x0000000140000000, reserved size: 1073741824
Narrow klass base: 0x0000000000000000, Narrow klass shift: 3, Narrow klass range: 0x140000000

GC Precious Log:
 CPUs: 4 total, 4 available
 Memory: 8089M
 Large Page Support: Disabled
 NUMA Support: Disabled
 Compressed Oops: Enabled (32-bit)
 Heap Region Size: 1M
 Heap Min Capacity: 8M
 Heap Initial Capacity: 128M
 Heap Max Capacity: 1G
 Pre-touch: Disabled
 Parallel Workers: 4
 Concurrent Workers: 1
 Concurrent Refinement Workers: 4
 Periodic GC: Disabled

Heap:
 garbage-first heap   total 327680K, used 140809K [0x00000000c0000000, 0x0000000100000000)
  region size 1024K, 30 young (30720K), 15 survivors (15360K)
 Metaspace       used 70123K, committed 70656K, reserved 1114112K
  class space    used 9509K, committed 9728K, reserved 1048576K

Heap Regions: E=young(eden), S=young(survivor), O=old, HS=humongous(starts), HC=humongous(continues), CS=collection set, F=free, OA=open archive, CA=closed archive, TAMS=top-at-mark-start (previous, next)
|   0|0x00000000c0000000, 0x00000000c0100000, 0x00000000c0100000|100%| O|  |TAMS 0x00000000c0100000, 0x00000000c0100000| Untracked 
|   1|0x00000000c0100000, 0x00000000c0200000, 0x00000000c0200000|100%| O|  |TAMS 0x00000000c0200000, 0x00000000c0200000| Untracked 
|   2|0x00000000c0200000, 0x00000000c02faef0, 0x00000000c0300000| 98%| O|  |TAMS 0x00000000c02faef0, 0x00000000c02faef0| Untracked 
|   3|0x00000000c0300000, 0x00000000c0400000, 0x00000000c0400000|100%| O|  |TAMS 0x00000000c0400000, 0x00000000c0400000| Untracked 
|   4|0x00000000c0400000, 0x00000000c0500000, 0x00000000c0500000|100%| O|  |TAMS 0x00000000c0500000, 0x00000000c0500000| Untracked 
|   5|0x00000000c0500000, 0x00000000c05fffe8, 0x00000000c0600000| 99%| O|  |TAMS 0x00000000c05fffe8, 0x00000000c05fffe8| Untracked 
|   6|0x00000000c0600000, 0x00000000c06fffc0, 0x00000000c0700000| 99%| O|  |TAMS 0x00000000c06fffc0, 0x00000000c06fffc0| Untracked 
|   7|0x00000000c0700000, 0x00000000c0800000, 0x00000000c0800000|100%| O|  |TAMS 0x00000000c0800000, 0x00000000c0800000| Untracked 
|   8|0x00000000c0800000, 0x00000000c0900000, 0x00000000c0900000|100%| O|  |TAMS 0x00000000c0900000, 0x00000000c0900000| Untracked 
|   9|0x00000000c0900000, 0x00000000c0a00000, 0x00000000c0a00000|100%| O|  |TAMS 0x00000000c0a00000, 0x00000000c0a00000| Untracked 
|  10|0x00000000c0a00000, 0x00000000c0afffe8, 0x00000000c0b00000| 99%| O|  |TAMS 0x00000000c0afffe8, 0x00000000c0afffe8| Untracked 
|  11|0x00000000c0b00000, 0x00000000c0c00000, 0x00000000c0c00000|100%| O|  |TAMS 0x00000000c0c00000, 0x00000000c0c00000| Untracked 
|  12|0x00000000c0c00000, 0x00000000c0cfffd0, 0x00000000c0d00000| 99%| O|  |TAMS 0x00000000c0cfffd0, 0x00000000c0cfffd0| Untracked 
|  13|0x00000000c0d00000, 0x00000000c0dffff0, 0x00000000c0e00000| 99%| O|  |TAMS 0x00000000c0dffff0, 0x00000000c0dffff0| Untracked 
|  14|0x00000000c0e00000, 0x00000000c0f00000, 0x00000000c0f00000|100%| O|  |TAMS 0x00000000c0f00000, 0x00000000c0f00000| Untracked 
|  15|0x00000000c0f00000, 0x00000000c0ffffe8, 0x00000000c1000000| 99%| O|  |TAMS 0x00000000c0ffffe8, 0x00000000c0ffffe8| Untracked 
|  16|0x00000000c1000000, 0x00000000c10ffff8, 0x00000000c1100000| 99%| O|  |TAMS 0x00000000c10ffff8, 0x00000000c10ffff8| Untracked 
|  17|0x00000000c1100000, 0x00000000c1200000, 0x00000000c1200000|100%| O|  |TAMS 0x00000000c1200000, 0x00000000c1200000| Untracked 
|  18|0x00000000c1200000, 0x00000000c12fffe0, 0x00000000c1300000| 99%| O|  |TAMS 0x00000000c12fffe0, 0x00000000c12fffe0| Untracked 
|  19|0x00000000c1300000, 0x00000000c13ffff0, 0x00000000c1400000| 99%| O|  |TAMS 0x00000000c13ffff0, 0x00000000c13ffff0| Untracked 
|  20|0x00000000c1400000, 0x00000000c14ffff8, 0x00000000c1500000| 99%| O|  |TAMS 0x00000000c14ffff8, 0x00000000c14ffff8| Untracked 
|  21|0x00000000c1500000, 0x00000000c15ffed8, 0x00000000c1600000| 99%| O|  |TAMS 0x00000000c15ffed8, 0x00000000c15ffed8| Untracked 
|  22|0x00000000c1600000, 0x00000000c16ffff8, 0x00000000c1700000| 99%| O|  |TAMS 0x00000000c16ffff8, 0x00000000c16ffff8| Untracked 
|  23|0x00000000c1700000, 0x00000000c17fffe8, 0x00000000c1800000| 99%| O|  |TAMS 0x00000000c17fffe8, 0x00000000c17fffe8| Untracked 
|  24|0x00000000c1800000, 0x00000000c18fffe0, 0x00000000c1900000| 99%| O|  |TAMS 0x00000000c18fffe0, 0x00000000c18fffe0| Untracked 
|  25|0x00000000c1900000, 0x00000000c19ff1e8, 0x00000000c1a00000| 99%| O|  |TAMS 0x00000000c19ff1e8, 0x00000000c19ff1e8| Untracked 
|  26|0x00000000c1a00000, 0x00000000c1afffc0, 0x00000000c1b00000| 99%| O|  |TAMS 0x00000000c1afffc0, 0x00000000c1afffc0| Untracked 
|  27|0x00000000c1b00000, 0x00000000c1bf5520, 0x00000000c1c00000| 95%| O|  |TAMS 0x00000000c1bf5520, 0x00000000c1bf5520| Untracked 
|  28|0x00000000c1c00000, 0x00000000c1cf6a60, 0x00000000c1d00000| 96%| O|  |TAMS 0x00000000c1cf6a60, 0x00000000c1cf6a60| Untracked 
|  29|0x00000000c1d00000, 0x00000000c1dfffa8, 0x00000000c1e00000| 99%| O|  |TAMS 0x00000000c1dfffa8, 0x00000000c1dfffa8| Untracked 
|  30|0x00000000c1e00000, 0x00000000c1effff8, 0x00000000c1f00000| 99%| O|  |TAMS 0x00000000c1effff8, 0x00000000c1effff8| Untracked 
|  31|0x00000000c1f00000, 0x00000000c1fffe58, 0x00000000c2000000| 99%| O|  |TAMS 0x00000000c1fffe58, 0x00000000c1fffe58| Untracked 
|  32|0x00000000c2000000, 0x00000000c2100000, 0x00000000c2100000|100%| O|  |TAMS 0x00000000c2100000, 0x00000000c2100000| Untracked 
|  33|0x00000000c2100000, 0x00000000c21ffff0, 0x00000000c2200000| 99%| O|  |TAMS 0x00000000c21ffff0, 0x00000000c21ffff0| Untracked 
|  34|0x00000000c2200000, 0x00000000c22fffe8, 0x00000000c2300000| 99%| O|  |TAMS 0x00000000c22fffe8, 0x00000000c22fffe8| Untracked 
|  35|0x00000000c2300000, 0x00000000c23ffff8, 0x00000000c2400000| 99%| O|  |TAMS 0x00000000c23ffff8, 0x00000000c23ffff8| Untracked 
|  36|0x00000000c2400000, 0x00000000c24fffe0, 0x00000000c2500000| 99%| O|  |TAMS 0x00000000c24fffe0, 0x00000000c24fffe0| Untracked 
|  37|0x00000000c2500000, 0x00000000c25fffd8, 0x00000000c2600000| 99%| O|  |TAMS 0x00000000c25fffd8, 0x00000000c25fffd8| Untracked 
|  38|0x00000000c2600000, 0x00000000c26fffd0, 0x00000000c2700000| 99%| O|  |TAMS 0x00000000c26fffd0, 0x00000000c26fffd0| Untracked 
|  39|0x00000000c2700000, 0x00000000c27fffd0, 0x00000000c2800000| 99%| O|  |TAMS 0x00000000c27fffd0, 0x00000000c27fffd0| Untracked 
|  40|0x00000000c2800000, 0x00000000c28ffff8, 0x00000000c2900000| 99%| O|  |TAMS 0x00000000c28ffff8, 0x00000000c28ffff8| Untracked 
|  41|0x00000000c2900000, 0x00000000c2a00000, 0x00000000c2a00000|100%| O|  |TAMS 0x00000000c2a00000, 0x00000000c2a00000| Untracked 
|  42|0x00000000c2a00000, 0x00000000c2affff8, 0x00000000c2b00000| 99%| O|  |TAMS 0x00000000c2affff8, 0x00000000c2affff8| Untracked 
|  43|0x00000000c2b00000, 0x00000000c2bffff0, 0x00000000c2c00000| 99%| O|  |TAMS 0x00000000c2bffff0, 0x00000000c2bffff0| Untracked 
|  44|0x00000000c2c00000, 0x00000000c2d00000, 0x00000000c2d00000|100%| O|  |TAMS 0x00000000c2d00000, 0x00000000c2d00000| Untracked 
|  45|0x00000000c2d00000, 0x00000000c2dffff0, 0x00000000c2e00000| 99%| O|  |TAMS 0x00000000c2dffff0, 0x00000000c2dffff0| Untracked 
|  46|0x00000000c2e00000, 0x00000000c2efffb0, 0x00000000c2f00000| 99%| O|  |TAMS 0x00000000c2efffb0, 0x00000000c2efffb0| Untracked 
|  47|0x00000000c2f00000, 0x00000000c3000000, 0x00000000c3000000|100%|HS|  |TAMS 0x00000000c3000000, 0x00000000c3000000| Untracked 
|  48|0x00000000c3000000, 0x00000000c3100000, 0x00000000c3100000|100%|HS|  |TAMS 0x00000000c3100000, 0x00000000c3100000| Untracked 
|  49|0x00000000c3100000, 0x00000000c3200000, 0x00000000c3200000|100%| O|  |TAMS 0x00000000c3200000, 0x00000000c3200000| Untracked 
|  50|0x00000000c3200000, 0x00000000c32fff90, 0x00000000c3300000| 99%| O|  |TAMS 0x00000000c32fff90, 0x00000000c32fff90| Untracked 
|  51|0x00000000c3300000, 0x00000000c33fffb8, 0x00000000c3400000| 99%| O|  |TAMS 0x00000000c33fffb8, 0x00000000c33fffb8| Untracked 
|  52|0x00000000c3400000, 0x00000000c34ffff0, 0x00000000c3500000| 99%| O|  |TAMS 0x00000000c34ffff0, 0x00000000c34ffff0| Untracked 
|  53|0x00000000c3500000, 0x00000000c3600000, 0x00000000c3600000|100%| O|  |TAMS 0x00000000c3600000, 0x00000000c3600000| Untracked 
|  54|0x00000000c3600000, 0x00000000c36fffc8, 0x00000000c3700000| 99%| O|  |TAMS 0x00000000c36fffc8, 0x00000000c36fffc8| Untracked 
|  55|0x00000000c3700000, 0x00000000c37fffe8, 0x00000000c3800000| 99%| O|  |TAMS 0x00000000c37fffe8, 0x00000000c37fffe8| Untracked 
|  56|0x00000000c3800000, 0x00000000c38ffff8, 0x00000000c3900000| 99%| O|  |TAMS 0x00000000c38ffff8, 0x00000000c38ffff8| Untracked 
|  57|0x00000000c3900000, 0x00000000c39fffd0, 0x00000000c3a00000| 99%| O|  |TAMS 0x00000000c39fffd0, 0x00000000c39fffd0| Untracked 
|  58|0x00000000c3a00000, 0x00000000c3b00000, 0x00000000c3b00000|100%| O|  |TAMS 0x00000000c3b00000, 0x00000000c3b00000| Untracked 
|  59|0x00000000c3b00000, 0x00000000c3c00000, 0x00000000c3c00000|100%| O|  |TAMS 0x00000000c3c00000, 0x00000000c3c00000| Untracked 
|  60|0x00000000c3c00000, 0x00000000c3cffff0, 0x00000000c3d00000| 99%| O|  |TAMS 0x00000000c3cffff0, 0x00000000c3cffff0| Untracked 
|  61|0x00000000c3d00000, 0x00000000c3e00000, 0x00000000c3e00000|100%| O|  |TAMS 0x00000000c3e00000, 0x00000000c3e00000| Untracked 
|  62|0x00000000c3e00000, 0x00000000c3f00000, 0x00000000c3f00000|100%| O|  |TAMS 0x00000000c3f00000, 0x00000000c3f00000| Untracked 
|  63|0x00000000c3f00000, 0x00000000c4000000, 0x00000000c4000000|100%| O|  |TAMS 0x00000000c4000000, 0x00000000c4000000| Untracked 
|  64|0x00000000c4000000, 0x00000000c4100000, 0x00000000c4100000|100%| O|  |TAMS 0x00000000c4100000, 0x00000000c4100000| Untracked 
|  65|0x00000000c4100000, 0x00000000c4200000, 0x00000000c4200000|100%| O|  |TAMS 0x00000000c4200000, 0x00000000c4200000| Untracked 
|  66|0x00000000c4200000, 0x00000000c42fffe8, 0x00000000c4300000| 99%| O|  |TAMS 0x00000000c42fffe8, 0x00000000c42fffe8| Untracked 
|  67|0x00000000c4300000, 0x00000000c43fffd8, 0x00000000c4400000| 99%| O|  |TAMS 0x00000000c43fffd8, 0x00000000c43fffd8| Untracked 
|  68|0x00000000c4400000, 0x00000000c44ffff0, 0x00000000c4500000| 99%| O|  |TAMS 0x00000000c44ffff0, 0x00000000c44ffff0| Untracked 
|  69|0x00000000c4500000, 0x00000000c45eaa08, 0x00000000c4600000| 91%| O|  |TAMS 0x00000000c4500000, 0x00000000c45eaa08| Untracked 
|  70|0x00000000c4600000, 0x00000000c46ebf20, 0x00000000c4700000| 92%| O|  |TAMS 0x00000000c4600000, 0x00000000c46ebf20| Untracked 
|  71|0x00000000c4700000, 0x00000000c4700048, 0x00000000c4800000|  0%| O|  |TAMS 0x00000000c4700000, 0x00000000c4700048| Untracked 
|  72|0x00000000c4800000, 0x00000000c48ffff8, 0x00000000c4900000| 99%| O|  |TAMS 0x00000000c48ffff8, 0x00000000c48ffff8| Untracked 
|  73|0x00000000c4900000, 0x00000000c49ffff0, 0x00000000c4a00000| 99%| O|  |TAMS 0x00000000c49ffff0, 0x00000000c49ffff0| Untracked 
|  74|0x00000000c4a00000, 0x00000000c4b00000, 0x00000000c4b00000|100%| O|  |TAMS 0x00000000c4a00000, 0x00000000c4b00000| Untracked 
|  75|0x00000000c4b00000, 0x00000000c4c00000, 0x00000000c4c00000|100%| O|  |TAMS 0x00000000c4b00000, 0x00000000c4c00000| Untracked 
|  76|0x00000000c4c00000, 0x00000000c4d00000, 0x00000000c4d00000|100%| O|  |TAMS 0x00000000c4c00000, 0x00000000c4d00000| Untracked 
|  77|0x00000000c4d00000, 0x00000000c4e00000, 0x00000000c4e00000|100%| O|  |TAMS 0x00000000c4e00000, 0x00000000c4e00000| Untracked 
|  78|0x00000000c4e00000, 0x00000000c4f00000, 0x00000000c4f00000|100%| O|  |TAMS 0x00000000c4e00000, 0x00000000c4f00000| Untracked 
|  79|0x00000000c4f00000, 0x00000000c4fffff8, 0x00000000c5000000| 99%| O|  |TAMS 0x00000000c4fffff8, 0x00000000c4fffff8| Untracked 
|  80|0x00000000c5000000, 0x00000000c50ffff8, 0x00000000c5100000| 99%| O|  |TAMS 0x00000000c50ffff8, 0x00000000c50ffff8| Untracked 
|  81|0x00000000c5100000, 0x00000000c5200000, 0x00000000c5200000|100%| O|  |TAMS 0x00000000c5200000, 0x00000000c5200000| Untracked 
|  82|0x00000000c5200000, 0x00000000c52fffd8, 0x00000000c5300000| 99%| O|  |TAMS 0x00000000c52fffd8, 0x00000000c52fffd8| Untracked 
|  83|0x00000000c5300000, 0x00000000c5400000, 0x00000000c5400000|100%| O|  |TAMS 0x00000000c5400000, 0x00000000c5400000| Untracked 
|  84|0x00000000c5400000, 0x00000000c5500000, 0x00000000c5500000|100%| O|  |TAMS 0x00000000c5400000, 0x00000000c5500000| Untracked 
|  85|0x00000000c5500000, 0x00000000c55fffd8, 0x00000000c5600000| 99%| O|  |TAMS 0x00000000c55fffd8, 0x00000000c55fffd8| Untracked 
|  86|0x00000000c5600000, 0x00000000c5700000, 0x00000000c5700000|100%| O|  |TAMS 0x00000000c5600000, 0x00000000c5700000| Untracked 
|  87|0x00000000c5700000, 0x00000000c5800000, 0x00000000c5800000|100%| O|  |TAMS 0x00000000c5700000, 0x00000000c5800000| Untracked 
|  88|0x00000000c5800000, 0x00000000c58ffff8, 0x00000000c5900000| 99%| O|  |TAMS 0x00000000c58ffff8, 0x00000000c58ffff8| Untracked 
|  89|0x00000000c5900000, 0x00000000c5a00000, 0x00000000c5a00000|100%| O|  |TAMS 0x00000000c5900000, 0x00000000c5a00000| Untracked 
|  90|0x00000000c5a00000, 0x00000000c5afffe8, 0x00000000c5b00000| 99%| O|  |TAMS 0x00000000c5afffe8, 0x00000000c5afffe8| Untracked 
|  91|0x00000000c5b00000, 0x00000000c5c00000, 0x00000000c5c00000|100%| O|  |TAMS 0x00000000c5c00000, 0x00000000c5c00000| Untracked 
|  92|0x00000000c5c00000, 0x00000000c5cfffe0, 0x00000000c5d00000| 99%| O|  |TAMS 0x00000000c5cfffe0, 0x00000000c5cfffe0| Untracked 
|  93|0x00000000c5d00000, 0x00000000c5dc6400, 0x00000000c5e00000| 77%| O|  |TAMS 0x00000000c5d00000, 0x00000000c5dc6400| Untracked 
|  94|0x00000000c5e00000, 0x00000000c5e00000, 0x00000000c5f00000|  0%| F|  |TAMS 0x00000000c5e00000, 0x00000000c5e00000| Untracked 
|  95|0x00000000c5f00000, 0x00000000c6000000, 0x00000000c6000000|100%| O|  |TAMS 0x00000000c6000000, 0x00000000c6000000| Untracked 
|  96|0x00000000c6000000, 0x00000000c6100000, 0x00000000c6100000|100%|HS|  |TAMS 0x00000000c6000000, 0x00000000c6100000| Complete 
|  97|0x00000000c6100000, 0x00000000c6200000, 0x00000000c6200000|100%|HC|  |TAMS 0x00000000c6100000, 0x00000000c6200000| Complete 
|  98|0x00000000c6200000, 0x00000000c6300000, 0x00000000c6300000|100%|HC|  |TAMS 0x00000000c6200000, 0x00000000c6300000| Complete 
|  99|0x00000000c6300000, 0x00000000c6400000, 0x00000000c6400000|100%|HC|  |TAMS 0x00000000c6300000, 0x00000000c6400000| Complete 
| 100|0x00000000c6400000, 0x00000000c6500000, 0x00000000c6500000|100%|HC|  |TAMS 0x00000000c6400000, 0x00000000c6500000| Complete 
| 101|0x00000000c6500000, 0x00000000c6500000, 0x00000000c6600000|  0%| F|  |TAMS 0x00000000c6500000, 0x00000000c6500000| Untracked 
| 102|0x00000000c6600000, 0x00000000c6600000, 0x00000000c6700000|  0%| F|  |TAMS 0x00000000c6600000, 0x00000000c6600000| Untracked 
| 103|0x00000000c6700000, 0x00000000c6700000, 0x00000000c6800000|  0%| F|  |TAMS 0x00000000c6700000, 0x00000000c6700000| Untracked 
| 104|0x00000000c6800000, 0x00000000c6800000, 0x00000000c6900000|  0%| F|  |TAMS 0x00000000c6800000, 0x00000000c6800000| Untracked 
| 105|0x00000000c6900000, 0x00000000c6900000, 0x00000000c6a00000|  0%| F|  |TAMS 0x00000000c6900000, 0x00000000c6900000| Untracked 
| 106|0x00000000c6a00000, 0x00000000c6a00000, 0x00000000c6b00000|  0%| F|  |TAMS 0x00000000c6a00000, 0x00000000c6a00000| Untracked 
| 107|0x00000000c6b00000, 0x00000000c6b00000, 0x00000000c6c00000|  0%| F|  |TAMS 0x00000000c6b00000, 0x00000000c6b00000| Untracked 
| 108|0x00000000c6c00000, 0x00000000c6c00000, 0x00000000c6d00000|  0%| F|  |TAMS 0x00000000c6c00000, 0x00000000c6c00000| Untracked 
| 109|0x00000000c6d00000, 0x00000000c6d00000, 0x00000000c6e00000|  0%| F|  |TAMS 0x00000000c6d00000, 0x00000000c6d00000| Untracked 
| 110|0x00000000c6e00000, 0x00000000c6e00000, 0x00000000c6f00000|  0%| F|  |TAMS 0x00000000c6e00000, 0x00000000c6e00000| Untracked 
| 111|0x00000000c6f00000, 0x00000000c6f00000, 0x00000000c7000000|  0%| F|  |TAMS 0x00000000c6f00000, 0x00000000c6f00000| Untracked 
| 112|0x00000000c7000000, 0x00000000c7000000, 0x00000000c7100000|  0%| F|  |TAMS 0x00000000c7000000, 0x00000000c7000000| Untracked 
| 113|0x00000000c7100000, 0x00000000c7100000, 0x00000000c7200000|  0%| F|  |TAMS 0x00000000c7100000, 0x00000000c7100000| Untracked 
| 114|0x00000000c7200000, 0x00000000c7200000, 0x00000000c7300000|  0%| F|  |TAMS 0x00000000c7200000, 0x00000000c7200000| Untracked 
| 115|0x00000000c7300000, 0x00000000c7300000, 0x00000000c7400000|  0%| F|  |TAMS 0x00000000c7300000, 0x00000000c7300000| Untracked 
| 116|0x00000000c7400000, 0x00000000c7400000, 0x00000000c7500000|  0%| F|  |TAMS 0x00000000c7400000, 0x00000000c7400000| Untracked 
| 117|0x00000000c7500000, 0x00000000c7500000, 0x00000000c7600000|  0%| F|  |TAMS 0x00000000c7500000, 0x00000000c7500000| Untracked 
| 118|0x00000000c7600000, 0x00000000c7600000, 0x00000000c7700000|  0%| F|  |TAMS 0x00000000c7600000, 0x00000000c7600000| Untracked 
| 119|0x00000000c7700000, 0x00000000c7700000, 0x00000000c7800000|  0%| F|  |TAMS 0x00000000c7700000, 0x00000000c7700000| Untracked 
| 120|0x00000000c7800000, 0x00000000c7800000, 0x00000000c7900000|  0%| F|  |TAMS 0x00000000c7800000, 0x00000000c7800000| Untracked 
| 121|0x00000000c7900000, 0x00000000c7900000, 0x00000000c7a00000|  0%| F|  |TAMS 0x00000000c7900000, 0x00000000c7900000| Untracked 
| 122|0x00000000c7a00000, 0x00000000c7a00000, 0x00000000c7b00000|  0%| F|  |TAMS 0x00000000c7a00000, 0x00000000c7a00000| Untracked 
| 123|0x00000000c7b00000, 0x00000000c7b00000, 0x00000000c7c00000|  0%| F|  |TAMS 0x00000000c7b00000, 0x00000000c7b00000| Untracked 
| 124|0x00000000c7c00000, 0x00000000c7c00000, 0x00000000c7d00000|  0%| F|  |TAMS 0x00000000c7c00000, 0x00000000c7c00000| Untracked 
| 125|0x00000000c7d00000, 0x00000000c7d00000, 0x00000000c7e00000|  0%| F|  |TAMS 0x00000000c7d00000, 0x00000000c7d00000| Untracked 
| 126|0x00000000c7e00000, 0x00000000c7e00000, 0x00000000c7f00000|  0%| F|  |TAMS 0x00000000c7e00000, 0x00000000c7e00000| Untracked 
| 127|0x00000000c7f00000, 0x00000000c7f00000, 0x00000000c8000000|  0%| F|  |TAMS 0x00000000c7f00000, 0x00000000c7f00000| Untracked 
| 128|0x00000000c8000000, 0x00000000c8000000, 0x00000000c8100000|  0%| F|  |TAMS 0x00000000c8000000, 0x00000000c8000000| Untracked 
| 129|0x00000000c8100000, 0x00000000c8100000, 0x00000000c8200000|  0%| F|  |TAMS 0x00000000c8100000, 0x00000000c8100000| Untracked 
| 130|0x00000000c8200000, 0x00000000c8300000, 0x00000000c8300000|100%| O|  |TAMS 0x00000000c8300000, 0x00000000c8300000| Untracked 
| 131|0x00000000c8300000, 0x00000000c8300000, 0x00000000c8400000|  0%| F|  |TAMS 0x00000000c8300000, 0x00000000c8300000| Untracked 
| 132|0x00000000c8400000, 0x00000000c8400000, 0x00000000c8500000|  0%| F|  |TAMS 0x00000000c8400000, 0x00000000c8400000| Untracked 
| 133|0x00000000c8500000, 0x00000000c8500000, 0x00000000c8600000|  0%| F|  |TAMS 0x00000000c8500000, 0x00000000c8500000| Untracked 
| 134|0x00000000c8600000, 0x00000000c8600000, 0x00000000c8700000|  0%| F|  |TAMS 0x00000000c8600000, 0x00000000c8600000| Untracked 
| 135|0x00000000c8700000, 0x00000000c8700000, 0x00000000c8800000|  0%| F|  |TAMS 0x00000000c8700000, 0x00000000c8700000| Untracked 
| 136|0x00000000c8800000, 0x00000000c8800000, 0x00000000c8900000|  0%| F|  |TAMS 0x00000000c8800000, 0x00000000c8800000| Untracked 
| 137|0x00000000c8900000, 0x00000000c8900000, 0x00000000c8a00000|  0%| F|  |TAMS 0x00000000c8900000, 0x00000000c8900000| Untracked 
| 138|0x00000000c8a00000, 0x00000000c8a00000, 0x00000000c8b00000|  0%| F|  |TAMS 0x00000000c8a00000, 0x00000000c8a00000| Untracked 
| 139|0x00000000c8b00000, 0x00000000c8b00000, 0x00000000c8c00000|  0%| F|  |TAMS 0x00000000c8b00000, 0x00000000c8b00000| Untracked 
| 140|0x00000000c8c00000, 0x00000000c8c00000, 0x00000000c8d00000|  0%| F|  |TAMS 0x00000000c8c00000, 0x00000000c8c00000| Untracked 
| 141|0x00000000c8d00000, 0x00000000c8d00000, 0x00000000c8e00000|  0%| F|  |TAMS 0x00000000c8d00000, 0x00000000c8d00000| Untracked 
| 142|0x00000000c8e00000, 0x00000000c8e00000, 0x00000000c8f00000|  0%| F|  |TAMS 0x00000000c8e00000, 0x00000000c8e00000| Untracked 
| 143|0x00000000c8f00000, 0x00000000c8f00000, 0x00000000c9000000|  0%| F|  |TAMS 0x00000000c8f00000, 0x00000000c8f00000| Untracked 
| 144|0x00000000c9000000, 0x00000000c9000000, 0x00000000c9100000|  0%| F|  |TAMS 0x00000000c9000000, 0x00000000c9000000| Untracked 
| 145|0x00000000c9100000, 0x00000000c9100000, 0x00000000c9200000|  0%| F|  |TAMS 0x00000000c9100000, 0x00000000c9100000| Untracked 
| 146|0x00000000c9200000, 0x00000000c9200000, 0x00000000c9300000|  0%| F|  |TAMS 0x00000000c9200000, 0x00000000c9200000| Untracked 
| 147|0x00000000c9300000, 0x00000000c9300000, 0x00000000c9400000|  0%| F|  |TAMS 0x00000000c9300000, 0x00000000c9300000| Untracked 
| 148|0x00000000c9400000, 0x00000000c9400000, 0x00000000c9500000|  0%| F|  |TAMS 0x00000000c9400000, 0x00000000c9400000| Untracked 
| 149|0x00000000c9500000, 0x00000000c9500000, 0x00000000c9600000|  0%| F|  |TAMS 0x00000000c9500000, 0x00000000c9500000| Untracked 
| 150|0x00000000c9600000, 0x00000000c9600000, 0x00000000c9700000|  0%| F|  |TAMS 0x00000000c9600000, 0x00000000c9600000| Untracked 
| 151|0x00000000c9700000, 0x00000000c9700000, 0x00000000c9800000|  0%| F|  |TAMS 0x00000000c9700000, 0x00000000c9700000| Untracked 
| 152|0x00000000c9800000, 0x00000000c9800000, 0x00000000c9900000|  0%| F|  |TAMS 0x00000000c9800000, 0x00000000c9800000| Untracked 
| 153|0x00000000c9900000, 0x00000000c9900000, 0x00000000c9a00000|  0%| F|  |TAMS 0x00000000c9900000, 0x00000000c9900000| Untracked 
| 154|0x00000000c9a00000, 0x00000000c9a00000, 0x00000000c9b00000|  0%| F|  |TAMS 0x00000000c9a00000, 0x00000000c9a00000| Untracked 
| 155|0x00000000c9b00000, 0x00000000c9b00000, 0x00000000c9c00000|  0%| F|  |TAMS 0x00000000c9b00000, 0x00000000c9b00000| Untracked 
| 156|0x00000000c9c00000, 0x00000000c9d00000, 0x00000000c9d00000|100%| S|CS|TAMS 0x00000000c9c00000, 0x00000000c9c00000| Complete 
| 157|0x00000000c9d00000, 0x00000000c9e00000, 0x00000000c9e00000|100%| S|CS|TAMS 0x00000000c9d00000, 0x00000000c9d00000| Complete 
| 158|0x00000000c9e00000, 0x00000000c9f00000, 0x00000000c9f00000|100%| S|CS|TAMS 0x00000000c9e00000, 0x00000000c9e00000| Complete 
| 159|0x00000000c9f00000, 0x00000000ca000000, 0x00000000ca000000|100%| S|CS|TAMS 0x00000000c9f00000, 0x00000000c9f00000| Complete 
| 160|0x00000000ca000000, 0x00000000ca100000, 0x00000000ca100000|100%| S|CS|TAMS 0x00000000ca000000, 0x00000000ca000000| Complete 
| 161|0x00000000ca100000, 0x00000000ca200000, 0x00000000ca200000|100%| S|CS|TAMS 0x00000000ca100000, 0x00000000ca100000| Complete 
| 162|0x00000000ca200000, 0x00000000ca300000, 0x00000000ca300000|100%| S|CS|TAMS 0x00000000ca200000, 0x00000000ca200000| Complete 
| 163|0x00000000ca300000, 0x00000000ca400000, 0x00000000ca400000|100%| S|CS|TAMS 0x00000000ca300000, 0x00000000ca300000| Complete 
| 164|0x00000000ca400000, 0x00000000ca500000, 0x00000000ca500000|100%| S|CS|TAMS 0x00000000ca400000, 0x00000000ca400000| Complete 
| 165|0x00000000ca500000, 0x00000000ca600000, 0x00000000ca600000|100%| S|CS|TAMS 0x00000000ca500000, 0x00000000ca500000| Complete 
| 166|0x00000000ca600000, 0x00000000ca700000, 0x00000000ca700000|100%| S|CS|TAMS 0x00000000ca600000, 0x00000000ca600000| Complete 
| 167|0x00000000ca700000, 0x00000000ca800000, 0x00000000ca800000|100%| S|CS|TAMS 0x00000000ca700000, 0x00000000ca700000| Complete 
| 168|0x00000000ca800000, 0x00000000ca900000, 0x00000000ca900000|100%| S|CS|TAMS 0x00000000ca800000, 0x00000000ca800000| Complete 
| 169|0x00000000ca900000, 0x00000000caa00000, 0x00000000caa00000|100%| S|CS|TAMS 0x00000000ca900000, 0x00000000ca900000| Complete 
| 170|0x00000000caa00000, 0x00000000cab00000, 0x00000000cab00000|100%| S|CS|TAMS 0x00000000caa00000, 0x00000000caa00000| Complete 
| 171|0x00000000cab00000, 0x00000000cab00000, 0x00000000cac00000|  0%| F|  |TAMS 0x00000000cab00000, 0x00000000cab00000| Untracked 
| 172|0x00000000cac00000, 0x00000000cac00000, 0x00000000cad00000|  0%| F|  |TAMS 0x00000000cac00000, 0x00000000cac00000| Untracked 
| 173|0x00000000cad00000, 0x00000000cad00000, 0x00000000cae00000|  0%| F|  |TAMS 0x00000000cad00000, 0x00000000cad00000| Untracked 
| 174|0x00000000cae00000, 0x00000000cae00000, 0x00000000caf00000|  0%| F|  |TAMS 0x00000000cae00000, 0x00000000cae00000| Untracked 
| 175|0x00000000caf00000, 0x00000000caf00000, 0x00000000cb000000|  0%| F|  |TAMS 0x00000000caf00000, 0x00000000caf00000| Untracked 
| 176|0x00000000cb000000, 0x00000000cb000000, 0x00000000cb100000|  0%| F|  |TAMS 0x00000000cb000000, 0x00000000cb000000| Untracked 
| 177|0x00000000cb100000, 0x00000000cb100000, 0x00000000cb200000|  0%| F|  |TAMS 0x00000000cb100000, 0x00000000cb100000| Untracked 
| 178|0x00000000cb200000, 0x00000000cb200000, 0x00000000cb300000|  0%| F|  |TAMS 0x00000000cb200000, 0x00000000cb200000| Untracked 
| 179|0x00000000cb300000, 0x00000000cb300000, 0x00000000cb400000|  0%| F|  |TAMS 0x00000000cb300000, 0x00000000cb300000| Untracked 
| 180|0x00000000cb400000, 0x00000000cb400000, 0x00000000cb500000|  0%| F|  |TAMS 0x00000000cb400000, 0x00000000cb400000| Untracked 
| 181|0x00000000cb500000, 0x00000000cb500000, 0x00000000cb600000|  0%| F|  |TAMS 0x00000000cb500000, 0x00000000cb500000| Untracked 
| 182|0x00000000cb600000, 0x00000000cb600000, 0x00000000cb700000|  0%| F|  |TAMS 0x00000000cb600000, 0x00000000cb600000| Untracked 
| 183|0x00000000cb700000, 0x00000000cb700000, 0x00000000cb800000|  0%| F|  |TAMS 0x00000000cb700000, 0x00000000cb700000| Untracked 
| 184|0x00000000cb800000, 0x00000000cb800000, 0x00000000cb900000|  0%| F|  |TAMS 0x00000000cb800000, 0x00000000cb800000| Untracked 
| 185|0x00000000cb900000, 0x00000000cba00000, 0x00000000cba00000|100%| O|  |TAMS 0x00000000cba00000, 0x00000000cba00000| Untracked 
| 186|0x00000000cba00000, 0x00000000cbb00000, 0x00000000cbb00000|100%| O|  |TAMS 0x00000000cbb00000, 0x00000000cbb00000| Untracked 
| 187|0x00000000cbb00000, 0x00000000cbc00000, 0x00000000cbc00000|100%| O|  |TAMS 0x00000000cbc00000, 0x00000000cbc00000| Untracked 
| 188|0x00000000cbc00000, 0x00000000cbd00000, 0x00000000cbd00000|100%| O|  |TAMS 0x00000000cbd00000, 0x00000000cbd00000| Untracked 
| 189|0x00000000cbd00000, 0x00000000cbd00000, 0x00000000cbe00000|  0%| F|  |TAMS 0x00000000cbd00000, 0x00000000cbd00000| Untracked 
| 190|0x00000000cbe00000, 0x00000000cbe00000, 0x00000000cbf00000|  0%| F|  |TAMS 0x00000000cbe00000, 0x00000000cbe00000| Untracked 
| 191|0x00000000cbf00000, 0x00000000cbf00000, 0x00000000cc000000|  0%| F|  |TAMS 0x00000000cbf00000, 0x00000000cbf00000| Untracked 
| 192|0x00000000cc000000, 0x00000000cc000000, 0x00000000cc100000|  0%| F|  |TAMS 0x00000000cc000000, 0x00000000cc000000| Untracked 
| 193|0x00000000cc100000, 0x00000000cc100000, 0x00000000cc200000|  0%| F|  |TAMS 0x00000000cc100000, 0x00000000cc100000| Untracked 
| 194|0x00000000cc200000, 0x00000000cc200000, 0x00000000cc300000|  0%| F|  |TAMS 0x00000000cc200000, 0x00000000cc200000| Untracked 
| 195|0x00000000cc300000, 0x00000000cc300000, 0x00000000cc400000|  0%| F|  |TAMS 0x00000000cc300000, 0x00000000cc300000| Untracked 
| 196|0x00000000cc400000, 0x00000000cc400000, 0x00000000cc500000|  0%| F|  |TAMS 0x00000000cc400000, 0x00000000cc400000| Untracked 
| 197|0x00000000cc500000, 0x00000000cc500000, 0x00000000cc600000|  0%| F|  |TAMS 0x00000000cc500000, 0x00000000cc500000| Untracked 
| 198|0x00000000cc600000, 0x00000000cc600000, 0x00000000cc700000|  0%| F|  |TAMS 0x00000000cc600000, 0x00000000cc600000| Untracked 
| 199|0x00000000cc700000, 0x00000000cc700000, 0x00000000cc800000|  0%| F|  |TAMS 0x00000000cc700000, 0x00000000cc700000| Untracked 
| 200|0x00000000cc800000, 0x00000000cc800000, 0x00000000cc900000|  0%| F|  |TAMS 0x00000000cc800000, 0x00000000cc800000| Untracked 
| 201|0x00000000cc900000, 0x00000000cc900000, 0x00000000cca00000|  0%| F|  |TAMS 0x00000000cc900000, 0x00000000cc900000| Untracked 
| 202|0x00000000cca00000, 0x00000000cca00000, 0x00000000ccb00000|  0%| F|  |TAMS 0x00000000cca00000, 0x00000000cca00000| Untracked 
| 203|0x00000000ccb00000, 0x00000000ccb00000, 0x00000000ccc00000|  0%| F|  |TAMS 0x00000000ccb00000, 0x00000000ccb00000| Untracked 
| 204|0x00000000ccc00000, 0x00000000ccc00000, 0x00000000ccd00000|  0%| F|  |TAMS 0x00000000ccc00000, 0x00000000ccc00000| Untracked 
| 205|0x00000000ccd00000, 0x00000000ccd00000, 0x00000000cce00000|  0%| F|  |TAMS 0x00000000ccd00000, 0x00000000ccd00000| Untracked 
| 206|0x00000000cce00000, 0x00000000cce00000, 0x00000000ccf00000|  0%| F|  |TAMS 0x00000000cce00000, 0x00000000cce00000| Untracked 
| 207|0x00000000ccf00000, 0x00000000ccf00000, 0x00000000cd000000|  0%| F|  |TAMS 0x00000000ccf00000, 0x00000000ccf00000| Untracked 
| 208|0x00000000cd000000, 0x00000000cd000000, 0x00000000cd100000|  0%| F|  |TAMS 0x00000000cd000000, 0x00000000cd000000| Untracked 
| 209|0x00000000cd100000, 0x00000000cd100000, 0x00000000cd200000|  0%| F|  |TAMS 0x00000000cd100000, 0x00000000cd100000| Untracked 
| 210|0x00000000cd200000, 0x00000000cd200000, 0x00000000cd300000|  0%| F|  |TAMS 0x00000000cd200000, 0x00000000cd200000| Untracked 
| 211|0x00000000cd300000, 0x00000000cd300000, 0x00000000cd400000|  0%| F|  |TAMS 0x00000000cd300000, 0x00000000cd300000| Untracked 
| 212|0x00000000cd400000, 0x00000000cd400000, 0x00000000cd500000|  0%| F|  |TAMS 0x00000000cd400000, 0x00000000cd400000| Untracked 
| 213|0x00000000cd500000, 0x00000000cd500000, 0x00000000cd600000|  0%| F|  |TAMS 0x00000000cd500000, 0x00000000cd500000| Untracked 
| 214|0x00000000cd600000, 0x00000000cd600000, 0x00000000cd700000|  0%| F|  |TAMS 0x00000000cd600000, 0x00000000cd600000| Untracked 
| 215|0x00000000cd700000, 0x00000000cd700000, 0x00000000cd800000|  0%| F|  |TAMS 0x00000000cd700000, 0x00000000cd700000| Untracked 
| 216|0x00000000cd800000, 0x00000000cd800000, 0x00000000cd900000|  0%| F|  |TAMS 0x00000000cd800000, 0x00000000cd800000| Untracked 
| 217|0x00000000cd900000, 0x00000000cd900000, 0x00000000cda00000|  0%| F|  |TAMS 0x00000000cd900000, 0x00000000cd900000| Untracked 
| 218|0x00000000cda00000, 0x00000000cda00000, 0x00000000cdb00000|  0%| F|  |TAMS 0x00000000cda00000, 0x00000000cda00000| Untracked 
| 219|0x00000000cdb00000, 0x00000000cdb00000, 0x00000000cdc00000|  0%| F|  |TAMS 0x00000000cdb00000, 0x00000000cdb00000| Untracked 
| 220|0x00000000cdc00000, 0x00000000cdc00000, 0x00000000cdd00000|  0%| F|  |TAMS 0x00000000cdc00000, 0x00000000cdc00000| Untracked 
| 221|0x00000000cdd00000, 0x00000000cdd00000, 0x00000000cde00000|  0%| F|  |TAMS 0x00000000cdd00000, 0x00000000cdd00000| Untracked 
| 222|0x00000000cde00000, 0x00000000cde00000, 0x00000000cdf00000|  0%| F|  |TAMS 0x00000000cde00000, 0x00000000cde00000| Untracked 
| 223|0x00000000cdf00000, 0x00000000cdf00000, 0x00000000ce000000|  0%| F|  |TAMS 0x00000000cdf00000, 0x00000000cdf00000| Untracked 
| 224|0x00000000ce000000, 0x00000000ce000000, 0x00000000ce100000|  0%| F|  |TAMS 0x00000000ce000000, 0x00000000ce000000| Untracked 
| 225|0x00000000ce100000, 0x00000000ce100000, 0x00000000ce200000|  0%| F|  |TAMS 0x00000000ce100000, 0x00000000ce100000| Untracked 
| 226|0x00000000ce200000, 0x00000000ce200000, 0x00000000ce300000|  0%| F|  |TAMS 0x00000000ce200000, 0x00000000ce200000| Untracked 
| 227|0x00000000ce300000, 0x00000000ce300000, 0x00000000ce400000|  0%| F|  |TAMS 0x00000000ce300000, 0x00000000ce300000| Untracked 
| 228|0x00000000ce400000, 0x00000000ce400000, 0x00000000ce500000|  0%| F|  |TAMS 0x00000000ce400000, 0x00000000ce400000| Untracked 
| 229|0x00000000ce500000, 0x00000000ce600000, 0x00000000ce600000|100%|HS|  |TAMS 0x00000000ce600000, 0x00000000ce600000| Untracked 
| 230|0x00000000ce600000, 0x00000000ce700000, 0x00000000ce700000|100%|HC|  |TAMS 0x00000000ce700000, 0x00000000ce700000| Untracked 
| 231|0x00000000ce700000, 0x00000000ce800000, 0x00000000ce800000|100%|HC|  |TAMS 0x00000000ce800000, 0x00000000ce800000| Untracked 
| 232|0x00000000ce800000, 0x00000000ce800000, 0x00000000ce900000|  0%| F|  |TAMS 0x00000000ce800000, 0x00000000ce800000| Untracked 
| 233|0x00000000ce900000, 0x00000000ce900000, 0x00000000cea00000|  0%| F|  |TAMS 0x00000000ce900000, 0x00000000ce900000| Untracked 
| 234|0x00000000cea00000, 0x00000000cea00000, 0x00000000ceb00000|  0%| F|  |TAMS 0x00000000cea00000, 0x00000000cea00000| Untracked 
| 235|0x00000000ceb00000, 0x00000000ceb00000, 0x00000000cec00000|  0%| F|  |TAMS 0x00000000ceb00000, 0x00000000ceb00000| Untracked 
| 236|0x00000000cec00000, 0x00000000cec00000, 0x00000000ced00000|  0%| F|  |TAMS 0x00000000cec00000, 0x00000000cec00000| Untracked 
| 237|0x00000000ced00000, 0x00000000ced00000, 0x00000000cee00000|  0%| F|  |TAMS 0x00000000ced00000, 0x00000000ced00000| Untracked 
| 238|0x00000000cee00000, 0x00000000cee00000, 0x00000000cef00000|  0%| F|  |TAMS 0x00000000cee00000, 0x00000000cee00000| Untracked 
| 239|0x00000000cef00000, 0x00000000cef00000, 0x00000000cf000000|  0%| F|  |TAMS 0x00000000cef00000, 0x00000000cef00000| Untracked 
| 240|0x00000000cf000000, 0x00000000cf000000, 0x00000000cf100000|  0%| F|  |TAMS 0x00000000cf000000, 0x00000000cf000000| Untracked 
| 241|0x00000000cf100000, 0x00000000cf100000, 0x00000000cf200000|  0%| F|  |TAMS 0x00000000cf100000, 0x00000000cf100000| Untracked 
| 242|0x00000000cf200000, 0x00000000cf200000, 0x00000000cf300000|  0%| F|  |TAMS 0x00000000cf200000, 0x00000000cf200000| Untracked 
| 243|0x00000000cf300000, 0x00000000cf300000, 0x00000000cf400000|  0%| F|  |TAMS 0x00000000cf300000, 0x00000000cf300000| Untracked 
| 244|0x00000000cf400000, 0x00000000cf400000, 0x00000000cf500000|  0%| F|  |TAMS 0x00000000cf400000, 0x00000000cf400000| Untracked 
| 245|0x00000000cf500000, 0x00000000cf500000, 0x00000000cf600000|  0%| F|  |TAMS 0x00000000cf500000, 0x00000000cf500000| Untracked 
| 246|0x00000000cf600000, 0x00000000cf600000, 0x00000000cf700000|  0%| F|  |TAMS 0x00000000cf600000, 0x00000000cf600000| Untracked 
| 247|0x00000000cf700000, 0x00000000cf700000, 0x00000000cf800000|  0%| F|  |TAMS 0x00000000cf700000, 0x00000000cf700000| Untracked 
| 248|0x00000000cf800000, 0x00000000cf800000, 0x00000000cf900000|  0%| F|  |TAMS 0x00000000cf800000, 0x00000000cf800000| Untracked 
| 249|0x00000000cf900000, 0x00000000cf900000, 0x00000000cfa00000|  0%| F|  |TAMS 0x00000000cf900000, 0x00000000cf900000| Untracked 
| 250|0x00000000cfa00000, 0x00000000cfa00000, 0x00000000cfb00000|  0%| F|  |TAMS 0x00000000cfa00000, 0x00000000cfa00000| Untracked 
| 251|0x00000000cfb00000, 0x00000000cfb00000, 0x00000000cfc00000|  0%| F|  |TAMS 0x00000000cfb00000, 0x00000000cfb00000| Untracked 
| 252|0x00000000cfc00000, 0x00000000cfc00000, 0x00000000cfd00000|  0%| F|  |TAMS 0x00000000cfc00000, 0x00000000cfc00000| Untracked 
| 253|0x00000000cfd00000, 0x00000000cfd00000, 0x00000000cfe00000|  0%| F|  |TAMS 0x00000000cfd00000, 0x00000000cfd00000| Untracked 
| 254|0x00000000cfe00000, 0x00000000cfe00000, 0x00000000cff00000|  0%| F|  |TAMS 0x00000000cfe00000, 0x00000000cfe00000| Untracked 
| 255|0x00000000cff00000, 0x00000000cff00000, 0x00000000d0000000|  0%| F|  |TAMS 0x00000000cff00000, 0x00000000cff00000| Untracked 
| 256|0x00000000d0000000, 0x00000000d0000000, 0x00000000d0100000|  0%| F|  |TAMS 0x00000000d0000000, 0x00000000d0000000| Untracked 
| 257|0x00000000d0100000, 0x00000000d0100000, 0x00000000d0200000|  0%| F|  |TAMS 0x00000000d0100000, 0x00000000d0100000| Untracked 
| 258|0x00000000d0200000, 0x00000000d0200000, 0x00000000d0300000|  0%| F|  |TAMS 0x00000000d0200000, 0x00000000d0200000| Untracked 
| 259|0x00000000d0300000, 0x00000000d0300000, 0x00000000d0400000|  0%| F|  |TAMS 0x00000000d0300000, 0x00000000d0300000| Untracked 
| 260|0x00000000d0400000, 0x00000000d0400000, 0x00000000d0500000|  0%| F|  |TAMS 0x00000000d0400000, 0x00000000d0400000| Untracked 
| 261|0x00000000d0500000, 0x00000000d0500000, 0x00000000d0600000|  0%| F|  |TAMS 0x00000000d0500000, 0x00000000d0500000| Untracked 
| 262|0x00000000d0600000, 0x00000000d0600000, 0x00000000d0700000|  0%| F|  |TAMS 0x00000000d0600000, 0x00000000d0600000| Untracked 
| 263|0x00000000d0700000, 0x00000000d0700000, 0x00000000d0800000|  0%| F|  |TAMS 0x00000000d0700000, 0x00000000d0700000| Untracked 
| 264|0x00000000d0800000, 0x00000000d0800000, 0x00000000d0900000|  0%| F|  |TAMS 0x00000000d0800000, 0x00000000d0800000| Untracked 
| 265|0x00000000d0900000, 0x00000000d0900000, 0x00000000d0a00000|  0%| F|  |TAMS 0x00000000d0900000, 0x00000000d0900000| Untracked 
| 266|0x00000000d0a00000, 0x00000000d0a00000, 0x00000000d0b00000|  0%| F|  |TAMS 0x00000000d0a00000, 0x00000000d0a00000| Untracked 
| 267|0x00000000d0b00000, 0x00000000d0b00000, 0x00000000d0c00000|  0%| F|  |TAMS 0x00000000d0b00000, 0x00000000d0b00000| Untracked 
| 268|0x00000000d0c00000, 0x00000000d0c00000, 0x00000000d0d00000|  0%| F|  |TAMS 0x00000000d0c00000, 0x00000000d0c00000| Untracked 
| 269|0x00000000d0d00000, 0x00000000d0d00000, 0x00000000d0e00000|  0%| F|  |TAMS 0x00000000d0d00000, 0x00000000d0d00000| Untracked 
| 270|0x00000000d0e00000, 0x00000000d0e00000, 0x00000000d0f00000|  0%| F|  |TAMS 0x00000000d0e00000, 0x00000000d0e00000| Untracked 
| 271|0x00000000d0f00000, 0x00000000d0f00000, 0x00000000d1000000|  0%| F|  |TAMS 0x00000000d0f00000, 0x00000000d0f00000| Untracked 
| 272|0x00000000d1000000, 0x00000000d1000000, 0x00000000d1100000|  0%| F|  |TAMS 0x00000000d1000000, 0x00000000d1000000| Untracked 
| 273|0x00000000d1100000, 0x00000000d1100000, 0x00000000d1200000|  0%| F|  |TAMS 0x00000000d1100000, 0x00000000d1100000| Untracked 
| 274|0x00000000d1200000, 0x00000000d1200000, 0x00000000d1300000|  0%| F|  |TAMS 0x00000000d1200000, 0x00000000d1200000| Untracked 
| 275|0x00000000d1300000, 0x00000000d1300000, 0x00000000d1400000|  0%| F|  |TAMS 0x00000000d1300000, 0x00000000d1300000| Untracked 
| 276|0x00000000d1400000, 0x00000000d1400000, 0x00000000d1500000|  0%| F|  |TAMS 0x00000000d1400000, 0x00000000d1400000| Untracked 
| 277|0x00000000d1500000, 0x00000000d1500000, 0x00000000d1600000|  0%| F|  |TAMS 0x00000000d1500000, 0x00000000d1500000| Untracked 
| 278|0x00000000d1600000, 0x00000000d1600000, 0x00000000d1700000|  0%| F|  |TAMS 0x00000000d1600000, 0x00000000d1600000| Untracked 
| 279|0x00000000d1700000, 0x00000000d1700000, 0x00000000d1800000|  0%| F|  |TAMS 0x00000000d1700000, 0x00000000d1700000| Untracked 
| 280|0x00000000d1800000, 0x00000000d1800000, 0x00000000d1900000|  0%| F|  |TAMS 0x00000000d1800000, 0x00000000d1800000| Untracked 
| 281|0x00000000d1900000, 0x00000000d1900000, 0x00000000d1a00000|  0%| F|  |TAMS 0x00000000d1900000, 0x00000000d1900000| Untracked 
| 282|0x00000000d1a00000, 0x00000000d1a00000, 0x00000000d1b00000|  0%| F|  |TAMS 0x00000000d1a00000, 0x00000000d1a00000| Untracked 
| 283|0x00000000d1b00000, 0x00000000d1b00000, 0x00000000d1c00000|  0%| F|  |TAMS 0x00000000d1b00000, 0x00000000d1b00000| Untracked 
| 284|0x00000000d1c00000, 0x00000000d1c00000, 0x00000000d1d00000|  0%| F|  |TAMS 0x00000000d1c00000, 0x00000000d1c00000| Untracked 
| 285|0x00000000d1d00000, 0x00000000d1d00000, 0x00000000d1e00000|  0%| F|  |TAMS 0x00000000d1d00000, 0x00000000d1d00000| Untracked 
| 286|0x00000000d1e00000, 0x00000000d1e00000, 0x00000000d1f00000|  0%| F|  |TAMS 0x00000000d1e00000, 0x00000000d1e00000| Untracked 
| 287|0x00000000d1f00000, 0x00000000d1f00000, 0x00000000d2000000|  0%| F|  |TAMS 0x00000000d1f00000, 0x00000000d1f00000| Untracked 
| 288|0x00000000d2000000, 0x00000000d2000000, 0x00000000d2100000|  0%| F|  |TAMS 0x00000000d2000000, 0x00000000d2000000| Untracked 
| 289|0x00000000d2100000, 0x00000000d2100000, 0x00000000d2200000|  0%| F|  |TAMS 0x00000000d2100000, 0x00000000d2100000| Untracked 
| 290|0x00000000d2200000, 0x00000000d2200000, 0x00000000d2300000|  0%| F|  |TAMS 0x00000000d2200000, 0x00000000d2200000| Untracked 
| 291|0x00000000d2300000, 0x00000000d2300000, 0x00000000d2400000|  0%| F|  |TAMS 0x00000000d2300000, 0x00000000d2300000| Untracked 
| 292|0x00000000d2400000, 0x00000000d2400000, 0x00000000d2500000|  0%| F|  |TAMS 0x00000000d2400000, 0x00000000d2400000| Untracked 
| 293|0x00000000d2500000, 0x00000000d2500000, 0x00000000d2600000|  0%| F|  |TAMS 0x00000000d2500000, 0x00000000d2500000| Untracked 
| 294|0x00000000d2600000, 0x00000000d2600000, 0x00000000d2700000|  0%| F|  |TAMS 0x00000000d2600000, 0x00000000d2600000| Untracked 
| 295|0x00000000d2700000, 0x00000000d2700000, 0x00000000d2800000|  0%| F|  |TAMS 0x00000000d2700000, 0x00000000d2700000| Untracked 
| 296|0x00000000d2800000, 0x00000000d2800000, 0x00000000d2900000|  0%| F|  |TAMS 0x00000000d2800000, 0x00000000d2800000| Untracked 
| 297|0x00000000d2900000, 0x00000000d2900000, 0x00000000d2a00000|  0%| F|  |TAMS 0x00000000d2900000, 0x00000000d2900000| Untracked 
| 298|0x00000000d2a00000, 0x00000000d2a00000, 0x00000000d2b00000|  0%| F|  |TAMS 0x00000000d2a00000, 0x00000000d2a00000| Untracked 
| 299|0x00000000d2b00000, 0x00000000d2b00000, 0x00000000d2c00000|  0%| F|  |TAMS 0x00000000d2b00000, 0x00000000d2b00000| Untracked 
| 300|0x00000000d2c00000, 0x00000000d2c00000, 0x00000000d2d00000|  0%| F|  |TAMS 0x00000000d2c00000, 0x00000000d2c00000| Untracked 
| 301|0x00000000d2d00000, 0x00000000d2d00000, 0x00000000d2e00000|  0%| F|  |TAMS 0x00000000d2d00000, 0x00000000d2d00000| Untracked 
| 302|0x00000000d2e00000, 0x00000000d2e00000, 0x00000000d2f00000|  0%| F|  |TAMS 0x00000000d2e00000, 0x00000000d2e00000| Untracked 
| 303|0x00000000d2f00000, 0x00000000d3000000, 0x00000000d3000000|100%| E|  |TAMS 0x00000000d2f00000, 0x00000000d2f00000| Complete 
| 304|0x00000000d3000000, 0x00000000d3100000, 0x00000000d3100000|100%| E|CS|TAMS 0x00000000d3000000, 0x00000000d3000000| Complete 
| 305|0x00000000d3100000, 0x00000000d3200000, 0x00000000d3200000|100%| E|CS|TAMS 0x00000000d3100000, 0x00000000d3100000| Complete 
| 306|0x00000000d3200000, 0x00000000d3300000, 0x00000000d3300000|100%| E|CS|TAMS 0x00000000d3200000, 0x00000000d3200000| Complete 
| 307|0x00000000d3300000, 0x00000000d3400000, 0x00000000d3400000|100%| E|CS|TAMS 0x00000000d3300000, 0x00000000d3300000| Complete 
| 308|0x00000000d3400000, 0x00000000d3500000, 0x00000000d3500000|100%| E|CS|TAMS 0x00000000d3400000, 0x00000000d3400000| Complete 
| 309|0x00000000d3500000, 0x00000000d3600000, 0x00000000d3600000|100%| O|  |TAMS 0x00000000d3600000, 0x00000000d3600000| Untracked 
| 310|0x00000000d3600000, 0x00000000d3700000, 0x00000000d3700000|100%| E|CS|TAMS 0x00000000d3600000, 0x00000000d3600000| Complete 
| 311|0x00000000d3700000, 0x00000000d3800000, 0x00000000d3800000|100%| E|CS|TAMS 0x00000000d3700000, 0x00000000d3700000| Complete 
| 312|0x00000000d3800000, 0x00000000d3900000, 0x00000000d3900000|100%| E|CS|TAMS 0x00000000d3800000, 0x00000000d3800000| Complete 
| 313|0x00000000d3900000, 0x00000000d3a00000, 0x00000000d3a00000|100%| E|CS|TAMS 0x00000000d3900000, 0x00000000d3900000| Complete 
| 314|0x00000000d3a00000, 0x00000000d3b00000, 0x00000000d3b00000|100%| E|CS|TAMS 0x00000000d3a00000, 0x00000000d3a00000| Complete 
| 315|0x00000000d3b00000, 0x00000000d3c00000, 0x00000000d3c00000|100%| E|CS|TAMS 0x00000000d3b00000, 0x00000000d3b00000| Complete 
| 316|0x00000000d3c00000, 0x00000000d3d00000, 0x00000000d3d00000|100%| E|CS|TAMS 0x00000000d3c00000, 0x00000000d3c00000| Complete 
| 317|0x00000000d3d00000, 0x00000000d3e00000, 0x00000000d3e00000|100%| E|CS|TAMS 0x00000000d3d00000, 0x00000000d3d00000| Complete 
| 318|0x00000000d3e00000, 0x00000000d3f00000, 0x00000000d3f00000|100%| E|CS|TAMS 0x00000000d3e00000, 0x00000000d3e00000| Complete 
| 337|0x00000000d5100000, 0x00000000d5200000, 0x00000000d5200000|100%| O|  |TAMS 0x00000000d5200000, 0x00000000d5200000| Untracked 

Card table byte_map: [0x00000278f77a0000,0x00000278f79a0000] _byte_map_base: 0x00000278f71a0000

Marking Bits (Prev, Next): (CMBitMap*) 0x00000278efcb25d0, (CMBitMap*) 0x00000278efcb2590
 Prev Bits: [0x00000278f8ba0000, 0x00000278f9ba0000)
 Next Bits: [0x00000278f7ba0000, 0x00000278f8ba0000)

Polling page: 0x00000278efd40000

Metaspace:

Usage:
  Non-class:     59.19 MB used.
      Class:      9.29 MB used.
       Both:     68.48 MB used.

Virtual space:
  Non-class space:       64.00 MB reserved,      59.50 MB ( 93%) committed,  8 nodes.
      Class space:        1.00 GB reserved,       9.50 MB ( <1%) committed,  1 nodes.
             Both:        1.06 GB reserved,      69.00 MB (  6%) committed. 

Chunk freelists:
   Non-Class:  240.00 KB
       Class:  2.45 MB
        Both:  2.68 MB

MaxMetaspaceSize: unlimited
CompressedClassSpaceSize: 1.00 GB
Initial GC threshold: 21.00 MB
Current GC threshold: 114.81 MB
CDS: off
MetaspaceReclaimPolicy: balanced
 - commit_granule_bytes: 65536.
 - commit_granule_words: 8192.
 - virtual_space_node_default_size: 1048576.
 - enlarge_chunks_in_place: 1.
 - new_chunks_are_fully_committed: 0.
 - uncommit_free_chunks: 1.
 - use_allocation_guard: 0.
 - handle_deallocations: 1.


Internal statistics:

num_allocs_failed_limit: 6.
num_arena_births: 680.
num_arena_deaths: 0.
num_vsnodes_births: 9.
num_vsnodes_deaths: 0.
num_space_committed: 1104.
num_space_uncommitted: 0.
num_chunks_returned_to_freelist: 6.
num_chunks_taken_from_freelist: 3066.
num_chunk_merges: 6.
num_chunk_splits: 2083.
num_chunks_enlarged: 1470.
num_purges: 2.
num_inconsistent_stats: 0.

CodeCache: size=49152Kb used=20612Kb max_used=20686Kb free=28540Kb
 bounds [0x00000278f4100000, 0x00000278f5550000, 0x00000278f7100000]
 total_blobs=11968 nmethods=11276 adapters=618
 compilation: enabled
              stopped_count=0, restarted_count=0
 full_count=0

Compilation events (20 events):
Event: 295.222 Thread 0x00000278fc1be3a0 11441   !   1       com.sun.tools.javac.code.Types$4::containsTypeRecursive (94 bytes)
Event: 295.223 Thread 0x00000278fc1be3a0 nmethod 11441 0x00000278f54f2610 code [0x00000278f54f2840, 0x00000278f54f2d18]
Event: 295.223 Thread 0x00000278fc1be3a0 11445       1       com.sun.tools.javac.comp.Attr$PostAttrAnalyzer::scan (23 bytes)
Event: 295.223 Thread 0x00000278fc1be3a0 nmethod 11445 0x00000278f54f2210 code [0x00000278f54f23c0, 0x00000278f54f2578]
Event: 295.223 Thread 0x00000278fc1be3a0 11442       1       com.sun.tools.javac.code.Types$TypePair::<init> (20 bytes)
Event: 295.224 Thread 0x00000278fc1be3a0 nmethod 11442 0x00000278f54f1e10 code [0x00000278f54f1fa0, 0x00000278f54f2178]
Event: 295.225 Thread 0x00000278fc1be3a0 11446       1       com.sun.tools.javac.code.Types$12::visitType (2 bytes)
Event: 295.225 Thread 0x00000278fc1be3a0 nmethod 11446 0x00000278f54f1b10 code [0x00000278f54f1ca0, 0x00000278f54f1d78]
Event: 295.232 Thread 0x00000278fc1be3a0 11447       1       com.sun.tools.javac.tree.JCTree$JCImport::getKind (4 bytes)
Event: 295.232 Thread 0x00000278fc1be3a0 nmethod 11447 0x00000278f54f1810 code [0x00000278f54f19a0, 0x00000278f54f1a78]
Event: 295.232 Thread 0x00000278fc1be3a0 11448       1       com.sun.tools.javac.tree.JCTree$JCImport::accept (9 bytes)
Event: 295.232 Thread 0x00000278fc1be3a0 nmethod 11448 0x00000278f54f1510 code [0x00000278f54f16a0, 0x00000278f54f1788]
Event: 295.232 Thread 0x00000278fc1be3a0 11449       1       org.openrewrite.java.isolated.ReloadableJava17ParserVisitor::visitImport (10 bytes)
Event: 295.233 Thread 0x00000278fc1be3a0 nmethod 11449 0x00000278f54f1190 code [0x00000278f54f1320, 0x00000278f54f1428]
Event: 295.233 Thread 0x00000278fc1be3a0 11450       1       org.openrewrite.java.isolated.ReloadableJava17ParserVisitor::visitImport (77 bytes)
Event: 295.234 Thread 0x00000278fc1be3a0 nmethod 11450 0x00000278f54f0610 code [0x00000278f54f0820, 0x00000278f54f0f18]
Event: 295.234 Thread 0x00000278fc1be3a0 11451       1       com.sun.tools.javac.tree.JCTree$JCImport::getQualifiedIdentifier (5 bytes)
Event: 295.234 Thread 0x00000278fc1be3a0 nmethod 11451 0x00000278f54f0310 code [0x00000278f54f04a0, 0x00000278f54f0578]
Event: 295.234 Thread 0x00000278fc1be3a0 11452       1       org.openrewrite.java.tree.J$Import::<init> (32 bytes)
Event: 295.235 Thread 0x00000278fc1be3a0 nmethod 11452 0x00000278f54efe90 code [0x00000278f54f0020, 0x00000278f54f02b8]

GC Heap History (20 events):
Event: 140.936 GC heap before
{Heap before GC invocations=59 (full 3):
 garbage-first heap   total 327680K, used 97008K [0x00000000c0000000, 0x0000000100000000)
  region size 1024K, 1 young (1024K), 0 survivors (0K)
 Metaspace       used 70003K, committed 70528K, reserved 1114112K
  class space    used 9490K, committed 9728K, reserved 1048576K
}
Event: 141.067 GC heap after
{Heap after GC invocations=60 (full 4):
 garbage-first heap   total 327680K, used 97008K [0x00000000c0000000, 0x0000000100000000)
  region size 1024K, 0 young (0K), 0 survivors (0K)
 Metaspace       used 70003K, committed 70528K, reserved 1114112K
  class space    used 9490K, committed 9728K, reserved 1048576K
}
Event: 151.302 GC heap before
{Heap before GC invocations=60 (full 4):
 garbage-first heap   total 327680K, used 97008K [0x00000000c0000000, 0x0000000100000000)
  region size 1024K, 1 young (1024K), 0 survivors (0K)
 Metaspace       used 70003K, committed 70528K, reserved 1114112K
  class space    used 9490K, committed 9728K, reserved 1048576K
}
Event: 151.426 GC heap after
{Heap after GC invocations=61 (full 5):
 garbage-first heap   total 327680K, used 97008K [0x00000000c0000000, 0x0000000100000000)
  region size 1024K, 0 young (0K), 0 survivors (0K)
 Metaspace       used 70003K, committed 70528K, reserved 1114112K
  class space    used 9490K, committed 9728K, reserved 1048576K
}
Event: 161.665 GC heap before
{Heap before GC invocations=61 (full 5):
 garbage-first heap   total 327680K, used 97008K [0x00000000c0000000, 0x0000000100000000)
  region size 1024K, 1 young (1024K), 0 survivors (0K)
 Metaspace       used 70003K, committed 70528K, reserved 1114112K
  class space    used 9490K, committed 9728K, reserved 1048576K
}
Event: 161.792 GC heap after
{Heap after GC invocations=62 (full 6):
 garbage-first heap   total 327680K, used 97008K [0x00000000c0000000, 0x0000000100000000)
  region size 1024K, 0 young (0K), 0 survivors (0K)
 Metaspace       used 70003K, committed 70528K, reserved 1114112K
  class space    used 9490K, committed 9728K, reserved 1048576K
}
Event: 172.009 GC heap before
{Heap before GC invocations=62 (full 6):
 garbage-first heap   total 327680K, used 97008K [0x00000000c0000000, 0x0000000100000000)
  region size 1024K, 1 young (1024K), 0 survivors (0K)
 Metaspace       used 70003K, committed 70528K, reserved 1114112K
  class space    used 9490K, committed 9728K, reserved 1048576K
}
Event: 172.140 GC heap after
{Heap after GC invocations=63 (full 7):
 garbage-first heap   total 327680K, used 97008K [0x00000000c0000000, 0x0000000100000000)
  region size 1024K, 0 young (0K), 0 survivors (0K)
 Metaspace       used 70003K, committed 70528K, reserved 1114112K
  class space    used 9490K, committed 9728K, reserved 1048576K
}
Event: 182.335 GC heap before
{Heap before GC invocations=63 (full 7):
 garbage-first heap   total 327680K, used 97008K [0x00000000c0000000, 0x0000000100000000)
  region size 1024K, 1 young (1024K), 0 survivors (0K)
 Metaspace       used 70003K, committed 70528K, reserved 1114112K
  class space    used 9490K, committed 9728K, reserved 1048576K
}
Event: 182.454 GC heap after
{Heap after GC invocations=64 (full 8):
 garbage-first heap   total 327680K, used 97008K [0x00000000c0000000, 0x0000000100000000)
  region size 1024K, 0 young (0K), 0 survivors (0K)
 Metaspace       used 70003K, committed 70528K, reserved 1114112K
  class space    used 9490K, committed 9728K, reserved 1048576K
}
Event: 192.648 GC heap before
{Heap before GC invocations=64 (full 8):
 garbage-first heap   total 327680K, used 97008K [0x00000000c0000000, 0x0000000100000000)
  region size 1024K, 1 young (1024K), 0 survivors (0K)
 Metaspace       used 70003K, committed 70528K, reserved 1114112K
  class space    used 9490K, committed 9728K, reserved 1048576K
}
Event: 192.774 GC heap after
{Heap after GC invocations=65 (full 9):
 garbage-first heap   total 327680K, used 97008K [0x00000000c0000000, 0x0000000100000000)
  region size 1024K, 0 young (0K), 0 survivors (0K)
 Metaspace       used 70003K, committed 70528K, reserved 1114112K
  class space    used 9490K, committed 9728K, reserved 1048576K
}
Event: 203.013 GC heap before
{Heap before GC invocations=65 (full 9):
 garbage-first heap   total 327680K, used 97008K [0x00000000c0000000, 0x0000000100000000)
  region size 1024K, 1 young (1024K), 0 survivors (0K)
 Metaspace       used 70003K, committed 70528K, reserved 1114112K
  class space    used 9490K, committed 9728K, reserved 1048576K
}
Event: 203.149 GC heap after
{Heap after GC invocations=66 (full 10):
 garbage-first heap   total 327680K, used 97008K [0x00000000c0000000, 0x0000000100000000)
  region size 1024K, 0 young (0K), 0 survivors (0K)
 Metaspace       used 70003K, committed 70528K, reserved 1114112K
  class space    used 9490K, committed 9728K, reserved 1048576K
}
Event: 266.121 GC heap before
{Heap before GC invocations=66 (full 10):
 garbage-first heap   total 327680K, used 246512K [0x00000000c0000000, 0x0000000100000000)
  region size 1024K, 141 young (144384K), 0 survivors (0K)
 Metaspace       used 70050K, committed 70592K, reserved 1114112K
  class space    used 9500K, committed 9728K, reserved 1048576K
}
Event: 266.139 GC heap after
{Heap after GC invocations=67 (full 10):
 garbage-first heap   total 327680K, used 112368K [0x00000000c0000000, 0x0000000100000000)
  region size 1024K, 10 young (10240K), 10 survivors (10240K)
 Metaspace       used 70050K, committed 70592K, reserved 1114112K
  class space    used 9500K, committed 9728K, reserved 1048576K
}
Event: 276.255 GC heap before
{Heap before GC invocations=67 (full 10):
 garbage-first heap   total 327680K, used 248560K [0x00000000c0000000, 0x0000000100000000)
  region size 1024K, 143 young (146432K), 10 survivors (10240K)
 Metaspace       used 70059K, committed 70592K, reserved 1114112K
  class space    used 9501K, committed 9728K, reserved 1048576K
}
Event: 276.276 GC heap after
{Heap after GC invocations=68 (full 10):
 garbage-first heap   total 327680K, used 117124K [0x00000000c0000000, 0x0000000100000000)
  region size 1024K, 6 young (6144K), 6 survivors (6144K)
 Metaspace       used 70059K, committed 70592K, reserved 1114112K
  class space    used 9501K, committed 9728K, reserved 1048576K
}
Event: 295.394 GC heap before
{Heap before GC invocations=68 (full 10):
 garbage-first heap   total 327680K, used 254340K [0x00000000c0000000, 0x0000000100000000)
  region size 1024K, 140 young (143360K), 6 survivors (6144K)
 Metaspace       used 70123K, committed 70656K, reserved 1114112K
  class space    used 9509K, committed 9728K, reserved 1048576K
}
Event: 295.420 GC heap after
{Heap after GC invocations=69 (full 10):
 garbage-first heap   total 327680K, used 126473K [0x00000000c0000000, 0x0000000100000000)
  region size 1024K, 15 young (15360K), 15 survivors (15360K)
 Metaspace       used 70123K, committed 70656K, reserved 1114112K
  class space    used 9509K, committed 9728K, reserved 1048576K
}

Dll operation events (10 events):
Event: 0.072 Loaded shared library c:\Users\lufer\.vscode\extensions\redhat.java-1.14.0-win32-x64\jre\17.0.5-win32-x86_64\bin\java.dll
Event: 2.111 Loaded shared library C:\Users\lufer\.vscode\extensions\redhat.java-1.14.0-win32-x64\jre\17.0.5-win32-x86_64\bin\net.dll
Event: 2.234 Loaded shared library C:\Users\lufer\.vscode\extensions\redhat.java-1.14.0-win32-x64\jre\17.0.5-win32-x86_64\bin\nio.dll
Event: 4.752 Loaded shared library C:\Users\lufer\.vscode\extensions\redhat.java-1.14.0-win32-x64\jre\17.0.5-win32-x86_64\bin\zip.dll
Event: 28.110 Loaded shared library C:\Users\lufer\.vscode\extensions\redhat.java-1.14.0-win32-x64\jre\17.0.5-win32-x86_64\bin\jimage.dll
Event: 31.356 Loaded shared library c:\Users\lufer\.vscode\extensions\redhat.java-1.14.0-win32-x64\jre\17.0.5-win32-x86_64\bin\verify.dll
Event: 49.395 Loaded shared library C:\Users\lufer\.vscode\extensions\redhat.java-1.14.0-win32-x64\jre\17.0.5-win32-x86_64\bin\management.dll
Event: 49.437 Loaded shared library C:\Users\lufer\.vscode\extensions\redhat.java-1.14.0-win32-x64\jre\17.0.5-win32-x86_64\bin\management_ext.dll
Event: 54.408 Loaded shared library C:\Users\lufer\.vscode\extensions\redhat.java-1.14.0-win32-x64\jre\17.0.5-win32-x86_64\bin\sunmscapi.dll
Event: 59.686 Loaded shared library C:\Users\lufer\AppData\Local\Temp\snappy-1.1.8-91e5f62d-6f89-4521-bd8c-87a404adee7e-snappyjava.dll

Deoptimization events (20 events):
Event: 72.439 Thread 0x00000278fdeb3f10 DEOPT PACKING pc=0x00000278f52c7ef4 sp=0x0000007e66afe150
Event: 72.440 Thread 0x00000278fdeb3f10 DEOPT UNPACKING pc=0x00000278f4152b43 sp=0x0000007e66afd680 mode 0
Event: 72.441 Thread 0x00000278fdeb3f10 DEOPT PACKING pc=0x00000278f52758f4 sp=0x0000007e66afe450
Event: 72.441 Thread 0x00000278fdeb3f10 DEOPT UNPACKING pc=0x00000278f4152b43 sp=0x0000007e66afd948 mode 0
Event: 72.441 Thread 0x00000278fdeb3f10 DEOPT PACKING pc=0x00000278f523df74 sp=0x0000007e66afe520
Event: 72.441 Thread 0x00000278fdeb3f10 DEOPT UNPACKING pc=0x00000278f4152b43 sp=0x0000007e66afd9f8 mode 0
Event: 72.441 Thread 0x00000278fdeb3f10 DEOPT PACKING pc=0x00000278f523be24 sp=0x0000007e66afe5d0
Event: 72.441 Thread 0x00000278fdeb3f10 DEOPT UNPACKING pc=0x00000278f4152b43 sp=0x0000007e66afdb50 mode 0
Event: 72.442 Thread 0x00000278fdeb3f10 DEOPT PACKING pc=0x00000278f528e2ac sp=0x0000007e66afe8f0
Event: 72.442 Thread 0x00000278fdeb3f10 DEOPT UNPACKING pc=0x00000278f4152b43 sp=0x0000007e66afdd80 mode 0
Event: 74.020 Thread 0x00000278fdeb3f10 DEOPT PACKING pc=0x00000278f4e0f336 sp=0x0000007e66afd1e0
Event: 74.020 Thread 0x00000278fdeb3f10 DEOPT UNPACKING pc=0x00000278f4152b43 sp=0x0000007e66afc6d8 mode 3
Event: 74.081 Thread 0x00000278fe276ee0 DEOPT PACKING pc=0x00000278f4de87a0 sp=0x0000007e66ffd710
Event: 74.081 Thread 0x00000278fe276ee0 DEOPT UNPACKING pc=0x00000278f4152b43 sp=0x0000007e66ffcb90 mode 3
Event: 74.659 Thread 0x00000278fdeb3f10 DEOPT PACKING pc=0x00000278f4eddafc sp=0x0000007e66afcaa0
Event: 74.659 Thread 0x00000278fdeb3f10 DEOPT UNPACKING pc=0x00000278f4152b43 sp=0x0000007e66afc028 mode 0
Event: 74.659 Thread 0x00000278fdeb3f10 DEOPT PACKING pc=0x00000278f4fd8844 sp=0x0000007e66afcc40
Event: 74.659 Thread 0x00000278fdeb3f10 DEOPT UNPACKING pc=0x00000278f4152b43 sp=0x0000007e66afc170 mode 0
Event: 204.882 Thread 0x00000278fdeb3a40 DEOPT PACKING pc=0x00000278f468eed4 sp=0x0000007e664fec70
Event: 204.882 Thread 0x00000278fdeb3a40 DEOPT UNPACKING pc=0x00000278f4152b43 sp=0x0000007e664fe0f8 mode 0

Classes unloaded (0 events):
No events

Classes redefined (0 events):
No events

Internal exceptions (20 events):
Event: 245.140 Thread 0x00000278fe276540 Exception <a 'sun/nio/fs/WindowsException'{0x00000000cbf93aa8}> (0x00000000cbf93aa8) 
thrown [s\src\hotspot\share\prims\jni.cpp, line 516]
Event: 245.140 Thread 0x00000278fe276540 Exception <a 'sun/nio/fs/WindowsException'{0x00000000cbf93d98}> (0x00000000cbf93d98) 
thrown [s\src\hotspot\share\prims\jni.cpp, line 516]
Event: 245.140 Thread 0x00000278fe276540 Exception <a 'sun/nio/fs/WindowsException'{0x00000000cbf951d0}> (0x00000000cbf951d0) 
thrown [s\src\hotspot\share\prims\jni.cpp, line 516]
Event: 245.140 Thread 0x00000278fe276540 Exception <a 'sun/nio/fs/WindowsException'{0x00000000cbf954d0}> (0x00000000cbf954d0) 
thrown [s\src\hotspot\share\prims\jni.cpp, line 516]
Event: 265.628 Thread 0x00000278fe276540 Exception <a 'sun/nio/fs/WindowsException'{0x00000000cbe5f138}> (0x00000000cbe5f138) 
thrown [s\src\hotspot\share\prims\jni.cpp, line 516]
Event: 265.629 Thread 0x00000278fe276540 Exception <a 'sun/nio/fs/WindowsException'{0x00000000cbe5ff00}> (0x00000000cbe5ff00) 
thrown [s\src\hotspot\share\prims\jni.cpp, line 516]
Event: 269.061 Thread 0x00000278fe276540 Exception <a 'sun/nio/fs/WindowsException'{0x00000000d13a8d38}> (0x00000000d13a8d38) 
thrown [s\src\hotspot\share\prims\jni.cpp, line 516]
Event: 269.063 Thread 0x00000278fe276540 Exception <a 'sun/nio/fs/WindowsException'{0x00000000d13a9b00}> (0x00000000d13a9b00) 
thrown [s\src\hotspot\share\prims\jni.cpp, line 516]
Event: 273.006 Thread 0x00000278fe276540 Exception <a 'sun/nio/fs/WindowsException'{0x00000000cd3eb5a0}> (0x00000000cd3eb5a0) 
thrown [s\src\hotspot\share\prims\jni.cpp, line 516]
Event: 273.007 Thread 0x00000278fe276540 Exception <a 'sun/nio/fs/WindowsException'{0x00000000cd3ec368}> (0x00000000cd3ec368) 
thrown [s\src\hotspot\share\prims\jni.cpp, line 516]
Event: 276.019 Thread 0x00000278fe276540 Exception <a 'sun/nio/fs/WindowsException'{0x00000000cc044428}> (0x00000000cc044428) 
thrown [s\src\hotspot\share\prims\jni.cpp, line 516]
Event: 276.020 Thread 0x00000278fe276540 Exception <a 'sun/nio/fs/WindowsException'{0x00000000cc0451f0}> (0x00000000cc0451f0) 
thrown [s\src\hotspot\share\prims\jni.cpp, line 516]
Event: 279.837 Thread 0x00000278fe276540 Exception <a 'sun/nio/fs/WindowsException'{0x00000000d0e1ced8}> (0x00000000d0e1ced8) 
thrown [s\src\hotspot\share\prims\jni.cpp, line 516]
Event: 279.838 Thread 0x00000278fe276540 Exception <a 'sun/nio/fs/WindowsException'{0x00000000d0e1dca0}> (0x00000000d0e1dca0) 
thrown [s\src\hotspot\share\prims\jni.cpp, line 516]
Event: 283.228 Thread 0x00000278fe276540 Exception <a 'sun/nio/fs/WindowsException'{0x00000000cfb5d610}> (0x00000000cfb5d610) 
thrown [s\src\hotspot\share\prims\jni.cpp, line 516]
Event: 283.229 Thread 0x00000278fe276540 Exception <a 'sun/nio/fs/WindowsException'{0x00000000cfb5e3d8}> (0x00000000cfb5e3d8) 
thrown [s\src\hotspot\share\prims\jni.cpp, line 516]
Event: 291.318 Thread 0x00000278fe276540 Exception <a 'sun/nio/fs/WindowsException'{0x00000000ce8c1060}> (0x00000000ce8c1060) 
thrown [s\src\hotspot\share\prims\jni.cpp, line 516]
Event: 291.321 Thread 0x00000278fe276540 Exception <a 'sun/nio/fs/WindowsException'{0x00000000ce8c1e28}> (0x00000000ce8c1e28) 
thrown [s\src\hotspot\share\prims\jni.cpp, line 516]
Event: 294.497 Thread 0x00000278fe276540 Exception <a 'sun/nio/fs/WindowsException'{0x00000000cd19d1c8}> (0x00000000cd19d1c8) 
thrown [s\src\hotspot\share\prims\jni.cpp, line 516]
Event: 294.498 Thread 0x00000278fe276540 Exception <a 'sun/nio/fs/WindowsException'{0x00000000cd19df90}> (0x00000000cd19df90) 
thrown [s\src\hotspot\share\prims\jni.cpp, line 516]

VM Operations (20 events):
Event: 276.255 Executing VM operation: G1CollectForAllocation
Event: 276.277 Executing VM operation: G1CollectForAllocation done
Event: 277.289 Executing VM operation: Cleanup
Event: 277.289 Executing VM operation: Cleanup done
Event: 280.326 Executing VM operation: Cleanup
Event: 280.326 Executing VM operation: Cleanup done
Event: 281.334 Executing VM operation: Cleanup
Event: 281.334 Executing VM operation: Cleanup done
Event: 283.354 Executing VM operation: Cleanup
Event: 283.354 Executing VM operation: Cleanup done
Event: 284.358 Executing VM operation: Cleanup
Event: 284.358 Executing VM operation: Cleanup done
Event: 292.429 Executing VM operation: Cleanup
Event: 292.429 Executing VM operation: Cleanup done
Event: 295.120 Executing VM operation: HandshakeAllThreads
Event: 295.121 Executing VM operation: HandshakeAllThreads done
Event: 295.121 Executing VM operation: Cleanup
Event: 295.121 Executing VM operation: Cleanup done
Event: 295.394 Executing VM operation: G1CollectForAllocation
Event: 295.420 Executing VM operation: G1CollectForAllocation done

Events (20 events):
Event: 109.472 loading class jdk/internal/event/ProcessStartEvent done
Event: 110.529 Thread 0x00000278fdeb5250 Thread exited: 0x00000278fdeb5250
Event: 113.780 Thread 0x00000278fdeb5bf0 Thread exited: 0x00000278fdeb5bf0
Event: 113.783 Thread 0x00000278fdeb43e0 Thread exited: 0x00000278fdeb43e0
Event: 115.198 Thread 0x00000278fe278220 Thread exited: 0x00000278fe278220
Event: 115.713 Thread 0x00000278fe2739f0 Thread exited: 0x00000278fe2739f0
Event: 134.032 Thread 0x00000278fe276540 Thread exited: 0x00000278fe276540
Event: 134.975 Thread 0x00000278fdeb3f10 Thread exited: 0x00000278fdeb3f10
Event: 138.282 Thread 0x00000278fe275200 Thread exited: 0x00000278fe275200
Event: 194.984 Thread 0x00000278fe2773b0 Thread exited: 0x00000278fe2773b0
Event: 198.289 Thread 0x00000278fe279090 Thread exited: 0x00000278fe279090
Event: 204.883 Thread 0x00000278fe2739f0 Thread added: 0x00000278fe2739f0
Event: 233.591 Thread 0x00000278fe274390 Thread added: 0x00000278fe274390
Event: 233.925 Thread 0x00000278fe27a3d0 Thread added: 0x00000278fe27a3d0
Event: 233.929 loading class java/util/concurrent/CompletionException
Event: 233.929 loading class java/util/concurrent/CompletionException done
Event: 234.035 Thread 0x00000278fe276540 Thread added: 0x00000278fe276540
Event: 234.039 Thread 0x00000278fe2786f0 Thread added: 0x00000278fe2786f0
Event: 268.959 Thread 0x00000278fdff6cd0 Thread added: 0x00000278fdff6cd0
Event: 272.994 Thread 0x00000278fdff6cd0 Thread exited: 0x00000278fdff6cd0


Dynamic libraries:
0x00007ff6486e0000 - 0x00007ff6486ee000 	c:\Users\lufer\.vscode\extensions\redhat.java-1.14.0-win32-x64\jre\17.0.5-win32-x86_64\bin\java.exe
0x00007ffe4b2d0000 - 0x00007ffe4b4c8000 	C:\WINDOWS\SYSTEM32\ntdll.dll
0x00007ffe494c0000 - 0x00007ffe4957f000 	C:\WINDOWS\System32\KERNEL32.DLL
0x00007ffe489c0000 - 0x00007ffe48c92000 	C:\WINDOWS\System32\KERNELBASE.dll
0x00007ffe48e20000 - 0x00007ffe48f20000 	C:\WINDOWS\System32\ucrtbase.dll
0x00007ffe43700000 - 0x00007ffe43717000 	c:\Users\lufer\.vscode\extensions\redhat.java-1.14.0-win32-x64\jre\17.0.5-win32-x86_64\bin\jli.dll
0x00007ffe49310000 - 0x00007ffe494b1000 	C:\WINDOWS\System32\USER32.dll
0x00007ffe48df0000 - 0x00007ffe48e12000 	C:\WINDOWS\System32\win32u.dll
0x00007ffe497d0000 - 0x00007ffe497fb000 	C:\WINDOWS\System32\GDI32.dll
0x00007ffe48f20000 - 0x00007ffe4902f000 	C:\WINDOWS\System32\gdi32full.dll
0x00007ffe49270000 - 0x00007ffe4930d000 	C:\WINDOWS\System32\msvcp_win.dll
0x00007ffe2e0e0000 - 0x00007ffe2e0f9000 	c:\Users\lufer\.vscode\extensions\redhat.java-1.14.0-win32-x64\jre\17.0.5-win32-x86_64\bin\VCRUNTIME140.dll
0x00007ffe47d90000 - 0x00007ffe4802a000 	C:\WINDOWS\WinSxS\amd64_microsoft.windows.common-controls_6595b64144ccf1df_6.0.19041.1110_none_60b5254171f9507e\COMCTL32.dll
0x00007ffe49580000 - 0x00007ffe4961e000 	C:\WINDOWS\System32\msvcrt.dll
0x00007ffe4ac30000 - 0x00007ffe4ac62000 	C:\WINDOWS\System32\IMM32.DLL
0x00007ffe436f0000 - 0x00007ffe436fc000 	c:\Users\lufer\.vscode\extensions\redhat.java-1.14.0-win32-x64\jre\17.0.5-win32-x86_64\bin\vcruntime140_1.dll
0x00007ffe07390000 - 0x00007ffe07421000 	c:\Users\lufer\.vscode\extensions\redhat.java-1.14.0-win32-x64\jre\17.0.5-win32-x86_64\bin\msvcp140.dll
0x00007ffde9040000 - 0x00007ffde9c84000 	c:\Users\lufer\.vscode\extensions\redhat.java-1.14.0-win32-x64\jre\17.0.5-win32-x86_64\bin\server\jvm.dll
0x00007ffe4b1e0000 - 0x00007ffe4b28e000 	C:\WINDOWS\System32\ADVAPI32.dll
0x00007ffe4a980000 - 0x00007ffe4aa1c000 	C:\WINDOWS\System32\sechost.dll
0x00007ffe49e90000 - 0x00007ffe49fb5000 	C:\WINDOWS\System32\RPCRT4.dll
0x00007ffe3a990000 - 0x00007ffe3a999000 	C:\WINDOWS\SYSTEM32\WSOCK32.dll
0x00007ffe4ad00000 - 0x00007ffe4ad6b000 	C:\WINDOWS\System32\WS2_32.dll
0x00007ffe42e00000 - 0x00007ffe42e27000 	C:\WINDOWS\SYSTEM32\WINMM.dll
0x00007ffe38900000 - 0x00007ffe3890a000 	C:\WINDOWS\SYSTEM32\VERSION.dll
0x00007ffe45a40000 - 0x00007ffe45a52000 	C:\WINDOWS\SYSTEM32\kernel.appcore.dll
0x00007ffe3a3c0000 - 0x00007ffe3a3ca000 	c:\Users\lufer\.vscode\extensions\redhat.java-1.14.0-win32-x64\jre\17.0.5-win32-x86_64\bin\jimage.dll
0x00007ffe48250000 - 0x00007ffe48434000 	C:\WINDOWS\SYSTEM32\DBGHELP.DLL
0x00007ffe48170000 - 0x00007ffe481a5000 	C:\WINDOWS\SYSTEM32\dbgcore.DLL
0x00007ffe491e0000 - 0x00007ffe49262000 	C:\WINDOWS\System32\bcryptPrimitives.dll
0x00007ffe2ce70000 - 0x00007ffe2ce95000 	c:\Users\lufer\.vscode\extensions\redhat.java-1.14.0-win32-x64\jre\17.0.5-win32-x86_64\bin\java.dll
0x00007ffe27f10000 - 0x00007ffe27f28000 	c:\Users\lufer\.vscode\extensions\redhat.java-1.14.0-win32-x64\jre\17.0.5-win32-x86_64\bin\zip.dll
0x00007ffe4a230000 - 0x00007ffe4a974000 	C:\WINDOWS\System32\SHELL32.dll
0x00007ffe45c40000 - 0x00007ffe463d2000 	C:\WINDOWS\SYSTEM32\windows.storage.dll
0x00007ffe49940000 - 0x00007ffe49c95000 	C:\WINDOWS\System32\combase.dll
0x00007ffe47d20000 - 0x00007ffe47d50000 	C:\WINDOWS\SYSTEM32\Wldp.dll
0x00007ffe4a100000 - 0x00007ffe4a1ad000 	C:\WINDOWS\System32\SHCORE.dll
0x00007ffe49fc0000 - 0x00007ffe4a015000 	C:\WINDOWS\System32\shlwapi.dll
0x00007ffe48900000 - 0x00007ffe4891f000 	C:\WINDOWS\SYSTEM32\profapi.dll
0x00007ffe27ec0000 - 0x00007ffe27ed9000 	C:\Users\lufer\.vscode\extensions\redhat.java-1.14.0-win32-x64\jre\17.0.5-win32-x86_64\bin\net.dll
0x00007ffe3baf0000 - 0x00007ffe3bbfc000 	C:\WINDOWS\SYSTEM32\WINHTTP.dll
0x00007ffe47a10000 - 0x00007ffe47a7a000 	C:\WINDOWS\system32\mswsock.dll
0x00007ffe27c50000 - 0x00007ffe27c65000 	C:\Users\lufer\.vscode\extensions\redhat.java-1.14.0-win32-x64\jre\17.0.5-win32-x86_64\bin\nio.dll
0x00007ffe2d5f0000 - 0x00007ffe2d600000 	c:\Users\lufer\.vscode\extensions\redhat.java-1.14.0-win32-x64\jre\17.0.5-win32-x86_64\bin\verify.dll
0x00007ffe48750000 - 0x00007ffe48768000 	C:\WINDOWS\SYSTEM32\CRYPTSP.dll
0x00007ffe47350000 - 0x00007ffe47384000 	C:\WINDOWS\system32\rsaenh.dll
0x00007ffe48ca0000 - 0x00007ffe48cc7000 	C:\WINDOWS\System32\bcrypt.dll
0x00007ffe488c0000 - 0x00007ffe488ee000 	C:\WINDOWS\SYSTEM32\USERENV.dll
0x00007ffe47ce0000 - 0x00007ffe47cec000 	C:\WINDOWS\SYSTEM32\CRYPTBASE.dll
0x00007ffe476e0000 - 0x00007ffe4771b000 	C:\WINDOWS\SYSTEM32\IPHLPAPI.DLL
0x00007ffe49e80000 - 0x00007ffe49e88000 	C:\WINDOWS\System32\NSI.dll
0x00007ffe3c1d0000 - 0x00007ffe3c1e7000 	C:\WINDOWS\SYSTEM32\dhcpcsvc6.DLL
0x00007ffe3e740000 - 0x00007ffe3e75d000 	C:\WINDOWS\SYSTEM32\dhcpcsvc.DLL
0x00007ffe47720000 - 0x00007ffe477ea000 	C:\WINDOWS\SYSTEM32\DNSAPI.dll
0x00007ffe421c0000 - 0x00007ffe421c9000 	C:\Users\lufer\.vscode\extensions\redhat.java-1.14.0-win32-x64\jre\17.0.5-win32-x86_64\bin\management.dll
0x00007ffe421b0000 - 0x00007ffe421bb000 	C:\Users\lufer\.vscode\extensions\redhat.java-1.14.0-win32-x64\jre\17.0.5-win32-x86_64\bin\management_ext.dll
0x00007ffe4abc0000 - 0x00007ffe4abc8000 	C:\WINDOWS\System32\PSAPI.DLL
0x00007ffe41170000 - 0x00007ffe4117e000 	C:\Users\lufer\.vscode\extensions\redhat.java-1.14.0-win32-x64\jre\17.0.5-win32-x86_64\bin\sunmscapi.dll
0x00007ffe49080000 - 0x00007ffe491d6000 	C:\WINDOWS\System32\CRYPT32.dll
0x00007ffe48030000 - 0x00007ffe48057000 	C:\WINDOWS\SYSTEM32\ncrypt.dll
0x00007ffe47d50000 - 0x00007ffe47d8b000 	C:\WINDOWS\SYSTEM32\NTASN1.dll
0x00007ffe39a10000 - 0x00007ffe39a1a000 	C:\Windows\System32\rasadhlp.dll
0x00007ffe3acd0000 - 0x00007ffe3ad50000 	C:\WINDOWS\System32\fwpuclnt.dll
0x000000006c500000 - 0x000000006c5c7000 	C:\Users\lufer\AppData\Local\Temp\snappy-1.1.8-91e5f62d-6f89-4521-bd8c-87a404adee7e-snappyjava.dll

dbghelp: loaded successfully - version: 4.0.5 - missing functions: none
symbol engine: initialized successfully - sym options: 0x614 - pdb path: .;c:\Users\lufer\.vscode\extensions\redhat.java-1.14.0-win32-x64\jre\17.0.5-win32-x86_64\bin;C:\WINDOWS\SYSTEM32;C:\WINDOWS\WinSxS\amd64_microsoft.windows.common-controls_6595b64144ccf1df_6.0.19041.1110_none_60b5254171f9507e;c:\Users\lufer\.vscode\extensions\redhat.java-1.14.0-win32-x64\jre\17.0.5-win32-x86_64\bin\server;C:\Users\lufer\AppData\Local\Temp

VM Arguments:
jvm_args: -XX:+HeapDumpOnOutOfMemoryError -Xmx1024m -Dsts.lsp.client=vscode -Dsts.log.file=/dev/null -XX:TieredStopAtLevel=1 -Xlog:jni+resolve=off -Dspring.config.location=file:c:\Users\lufer\.vscode\extensions\vmware.vscode-spring-boot-1.44.0\language-server\BOOT-INF\classes\application.properties 
java_command: org.springframework.ide.vscode.boot.app.BootLanguageServerBootApp
java_class_path (initial): c:\Users\lufer\.vscode\extensions\vmware.vscode-spring-boot-1.44.0\language-server\BOOT-INF\classes;c:\Users\lufer\.vscode\extensions\vmware.vscode-spring-boot-1.44.0\language-server\BOOT-INF\lib\annotations-24.0.0.jar;c:\Users\lufer\.vscode\extensions\vmware.vscode-spring-boot-1.44.0\language-server\BOOT-INF\lib\ant-1.10.13.jar;c:\Users\lufer\.vscode\extensions\vmware.vscode-spring-boot-1.44.0\language-server\BOOT-INF\lib\ant-launcher-1.10.13.jar;c:\Users\lufer\.vscode\extensions\vmware.vscode-spring-boot-1.44.0\language-server\BOOT-INF\lib\antlr-runtime-3.5.2.jar;c:\Users\lufer\.vscode\extensions\vmware.vscode-spring-boot-1.44.0\language-server\BOOT-INF\lib\antlr4-4.9.3.jar;c:\Users\lufer\.vscode\extensions\vmware.vscode-spring-boot-1.44.0\language-server\BOOT-INF\lib\antlr4-runtime-4.9.3.jar;c:\Users\lufer\.vscode\extensions\vmware.vscode-spring-boot-1.44.0\language-server\BOOT-INF\lib\apiguardian-api-1.1.2.jar;c:\Users\lufer\.vscode\extensions\vmware.vscode-spring-boot-1.44.0\language-server\BOOT-INF\lib\asm-9.4.jar;c:\Users\lufer\.vscode\extensions\vmware.vscode-spring-boot-1.44.0\language-server\BOOT-INF\lib\asm-analysis-9.4.jar;c:\Users\lufer\.vscode\extensions\vmware.vscode-spring-boot-1.44.0\language-server\BOOT-INF\lib\asm-tree-9.4.jar;c:\Users\lufer\.vscode\extensions\vmware.vscode-spring-boot-1.44.0\language-server\BOOT-INF\lib\asm-util-9.4.jar;c:\Users\lufer\.vscode\extensions\vmware.vscode-spring-boot-1.44.0\language-server\BOOT-INF\lib\caffeine-3.1.2.jar;c:\Users\lufer\.vscode\extensions\vmware.vscode-spring-boot-1.44.0\language-server\BOOT-INF\lib\checker-qual-3.12.0.jar;c:\Users\lufer\.vscode\extensions\vmware.vscode-spring-boot-1.44.0\language-server\BOOT-INF\lib\ci-environment-9.1.0.jar;c:\Users\lufer\.vscode\extensions\vmware.vscode-spring-boot-1.44.0\language-server\BOOT-INF\lib\classgraph-4.8.149.jar;c:\Users\lufer\.vscode\extensions\vmware.vscode-spring-boot-1.44.0\language-server\BOOT-INF\lib\commons-codec-1.15.ja
Launcher Type: SUN_STANDARD

[Global flags]
     intx CICompilerCount                          = 3                                         {product} {ergonomic}
     uint ConcGCThreads                            = 1                                         {product} {ergonomic}
     uint G1ConcRefinementThreads                  = 4                                         {product} {ergonomic}
   size_t G1HeapRegionSize                         = 1048576                                   {product} {ergonomic}
    uintx GCDrainStackTargetSize                   = 64                                        {product} {ergonomic}
     bool HeapDumpOnOutOfMemoryError               = true                                   {manageable} {command line}
   size_t InitialHeapSize                          = 134217728                                 {product} {ergonomic}
   size_t MarkStackSize                            = 4194304                                   {product} {ergonomic}
   size_t MaxHeapSize                              = 1073741824                                {product} {command line}
   size_t MaxNewSize                               = 643825664                                 {product} {ergonomic}
   size_t MinHeapDeltaBytes                        = 1048576                                   {product} {ergonomic}
   size_t MinHeapSize                              = 8388608                                   {product} {ergonomic}
    uintx NonProfiledCodeHeapSize                  = 0                                      {pd product} {ergonomic}
     bool ProfileInterpreter                       = false                                  {pd product} {command line}
    uintx ProfiledCodeHeapSize                     = 0                                      {pd product} {ergonomic}
   size_t SoftMaxHeapSize                          = 1073741824                             {manageable} {ergonomic}
     intx TieredStopAtLevel                        = 1                                         {product} {command line}
     bool UseCompressedClassPointers               = true                           {product lp64_product} {ergonomic}
     bool UseCompressedOops                        = true                           {product lp64_product} {ergonomic}
     bool UseG1GC                                  = true                                      {product} {ergonomic}
     bool UseLargePagesIndividualAllocation        = false                                  {pd product} {ergonomic}

Logging:
Log output configuration:
 #0: stdout all=warning,jni+resolve=off uptime,level,tags
 #1: stderr all=off uptime,level,tags

Environment Variables:
JAVA_HOME=C:\Program Files\Java\jdk-18.0.1.1
PATH=C:\WINDOWS\system32;C:\WINDOWS;C:\WINDOWS\System32\Wbem;C:\WINDOWS\System32\WindowsPowerShell\v1.0\;C:\WINDOWS\System32\OpenSSH\;C:\Program Files\Git\cmd;C:\Program Files\Java\jdk-18.0.1.1\bin;C:\Program Files\Calibre2\;C:\Program Files\nodejs\;C:\Program Files\MySQL\MySQL Shell 8.0\bin\;C:\Users\lufer\AppData\Local\Microsoft\WindowsApps;C:\Users\lufer\AppData\Roaming\npm;C:\Users\lufer\AppData\Local\Programs\Microsoft VS Code\bin;C:\Users\lufer\AppData\Local\JetBrains\Toolbox\scripts;
USERNAME=lufer
OS=Windows_NT
PROCESSOR_IDENTIFIER=Intel64 Family 6 Model 58 Stepping 9, GenuineIntel
TMP=C:\Users\lufer\AppData\Local\Temp
TEMP=C:\Users\lufer\AppData\Local\Temp



---------------  S Y S T E M  ---------------

OS:
 Windows 10 , 64 bit Build 19041 (10.0.19041.2364)
OS uptime: 7 days 17:33 hours
Hyper-V role detected

CPU: total 4 (initial active 4) (2 cores per cpu, 2 threads per core) family 6 model 58 stepping 9 microcode 0x21, cx8, cmov, fxsr, ht, mmx, sse, sse2, sse3, ssse3, sse4.1, sse4.2, popcnt, tsc, tscinvbit, avx, erms, clmul, vzeroupper, clflush, hv

Memory: 4k page, system-wide physical 8089M (2685M free)
TotalPageFile size 14745M (AvailPageFile size 7935M)
current process WorkingSet (physical memory assigned to process): 529M, peak: 1010M
current process commit charge ("private bytes"): 519M, peak: 1014M

vm_info: OpenJDK 64-Bit Server VM (17.0.5+8) for windows-amd64 JRE (17.0.5+8), built on Oct 19 2022 04:48:13 by "temurin" with MS VC++ 16.7 (VS2019)

END.
