#
# A fatal error has been detected by the Java Runtime Environment:
#
#  EXCEPTION_ACCESS_VIOLATION (0xc0000005) at pc=0x00007ffa0df651c2, pid=2968, tid=14988
#
# JRE version: OpenJDK Runtime Environment Temurin-17.0.5+8 (17.0.5+8) (build 17.0.5+8)
# Java VM: OpenJDK 64-Bit Server VM Temurin-17.0.5+8 (17.0.5+8, mixed mode, emulated-client, tiered, compressed oops, compressed class ptrs, g1 gc, windows-amd64)
# Problematic frame:
# V  [jvm.dll+0x2d51c2]
#
# No core dump will be written. Minidumps are not enabled by default on client versions of Windows
#
# If you would like to submit a bug report, please visit:
#   https://github.com/adoptium/adoptium-support/issues
#

---------------  S U M M A R Y ------------

Command Line: -XX:+HeapDumpOnOutOfMemoryError -Xmx1024m -Dsts.lsp.client=vscode -Dsts.log.file=/dev/null -XX:TieredStopAtLevel=1 -Xlog:jni+resolve=off -Dspring.config.location=file:c:\Users\lufer\.vscode\extensions\vmware.vscode-spring-boot-1.44.0\language-server\BOOT-INF\classes\application.properties org.springframework.ide.vscode.boot.app.BootLanguageServerBootApp

Host: Intel(R) Core(TM) i3-3110M CPU @ 2.40GHz, 4 cores, 7G,  Windows 10 , 64 bit Build 19041 (10.0.19041.2364)
Time: Wed Feb  1 10:38:39 2023 SA Pacific Standard Time elapsed time: 51.991727 seconds (0d 0h 0m 51s)

---------------  T H R E A D  ---------------

Current thread (0x0000022d1a39d2d0):  ConcurrentGCThread "G1 Conc#0" [stack: 0x000000fb5fa00000,0x000000fb5fb00000] [id=14988]

Stack: [0x000000fb5fa00000,0x000000fb5fb00000],  sp=0x000000fb5faffb10,  free space=1022k
Native frames: (J=compiled Java code, j=interpreted, Vv=VM code, C=native code)
V  [jvm.dll+0x2d51c2]
V  [jvm.dll+0x2d4f0f]
V  [jvm.dll+0x2d313d]
V  [jvm.dll+0x2d2d81]
V  [jvm.dll+0x2e881e]
V  [jvm.dll+0x2e4f81]
V  [jvm.dll+0x2e68dc]
V  [jvm.dll+0x2e58b4]
V  [jvm.dll+0x2e9446]
V  [jvm.dll+0x85e31b]
V  [jvm.dll+0x85e366]
V  [jvm.dll+0x7e17ea]
V  [jvm.dll+0x6759e5]
C  [ucrtbase.dll+0x21bb2]
C  [KERNEL32.DLL+0x17614]
C  [ntdll.dll+0x526a1]


siginfo: EXCEPTION_ACCESS_VIOLATION (0xc0000005), reading address 0x00000000000000c0


Register to memory mapping:

RIP=0x00007ffa0df651c2 jvm.dll
RAX=0x0000022d1a375980 points into unknown readable memory: 0x0000000000000000 | 00 00 00 00 00 00 00 00
RBX=0x0000022d1a39de60 points into unknown readable memory: 0x00007ffa0e5e05c8 | c8 05 5e 0e fa 7f 00 00
RCX=0x0000000000000014 is an unknown value
RDX=0x0 is NULL
RSP=0x000000fb5faffb10 points into unknown readable memory: 0x00000000c1538fc8 | c8 8f 53 c1 00 00 00 00
RBP=0x0 is NULL
RSI=0x0000022d1a394070 points into unknown readable memory: 0x0000022d1a39c9b0 | b0 c9 39 1a 2d 02 00 00
RDI=0x0000000020008368 is an unknown value
R8 =0x0000000020008368 is an unknown value
R9 =0x0 is NULL
R10=0x0000000000000052 is an unknown value
R11=0x0000000000000003 is an unknown value
R12=0x0 is NULL
R13=0xaaaaaaaaaaaaaaab is an unknown value
R14=0x0000000100041df0 is a pointer to class: 
java.lang.reflect.AnnotatedElement {0x0000000100041df8}
 - instance size:     2
 - klass size:        63
 - access:            public interface abstract 
 - state:             fully_initialized
 - name:              'java/lang/reflect/AnnotatedElement'
 - super:             'java/lang/Object'
 - sub:               
 - nof implementors:  2
 - arrays:            'java/lang/reflect/AnnotatedElement'[]
 - methods:           Array<T>(0x0000022d24c10f70)
 - method ordering:   Array<T>(0x0000022d24c00018)
 - default_methods:   Array<T>(0x0000000000000000)
 - local interfaces:  Array<T>(0x0000022d24c00058)
 - trans. interfaces: Array<T>(0x0000022d24c00058)
 - constants:         constant pool [145]/operands[21] {0x0000022d24c10a08} for 'java/lang/reflect/AnnotatedElement' cache=0x0000022d24d0e058
 - class loader data:  loader data: 0x0000022d247224a0 of 'bootstrap'
 - class annotations:       Array<T>(0x0000000000000000)
 - class type annotations:  Array<T>(0x0000000000000000)
 - field annotations:       Array<T>(0x0000000000000000)
 - field type annotations:  Array<T>(0x0000000000000000)
 - inner classes:     Array<T>(0x0000022d24c11500)
 - nest members:     Array<T>(0x0000022d24c00028)
 - permitted subclasses:     Array<T>(0x0000022d24c00028)
 - java mirror:       a 'java/lang/Class'{0x00000000c0530018} = 'java/lang/reflect/AnnotatedElement'
 - vtable length      5  (start addr: 0x0000000100041fb8)
 - itable length      0 (start addr: 0x0000000100041fe0)
 - ---- static fields (0 words):
 - ---- non-static fields (0 words):
 - non-static oop maps: 
R15=0x00000000c15394a0 is an oop: java.lang.String 
{0x00000000c15394a0} - klass: 'java/lang/String'

[error occurred during error reporting (printing register info), id 0xc0000005, EXCEPTION_ACCESS_VIOLATION (0xc0000005) at pc=0x00007ffa0e00164a]

Registers:
RAX=0x0000022d1a375980, RBX=0x0000022d1a39de60, RCX=0x0000000000000014, RDX=0x0000000000000000
RSP=0x000000fb5faffb10, RBP=0x0000000000000000, RSI=0x0000022d1a394070, RDI=0x0000000020008368
R8 =0x0000000020008368, R9 =0x0000000000000000, R10=0x0000000000000052, R11=0x0000000000000003
R12=0x0000000000000000, R13=0xaaaaaaaaaaaaaaab, R14=0x0000000100041df0, R15=0x00000000c15394a0
RIP=0x00007ffa0df651c2, EFLAGS=0x0000000000010206

Top of Stack: (sp=0x000000fb5faffb10)
0x000000fb5faffb10:   00000000c1538fc8 00007ffa0df651f4
0x000000fb5faffb20:   00001b9de739acb0 000000fb5faffce0
0x000000fb5faffb30:   0000000020008368 00007ffa0df64f0f
0x000000fb5faffb40:   0000022d1a39de60 000000fb5faffce0
0x000000fb5faffb50:   0000000100041de8 000000fb5faffce0
0x000000fb5faffb60:   00000000c15394b8 00007ffa0df6313d
0x000000fb5faffb70:   00000000c15394b4 00007ffa0df636fd
0x000000fb5faffb80:   00000000c1539300 0000000100046768
0x000000fb5faffb90:   000000fb5faffca0 0000000000000001
0x000000fb5faffba0:   00000000c15394a0 00007ffa0df62d81
0x000000fb5faffbb0:   0000000100041b58 0000000000000003
0x000000fb5faffbc0:   000000fb5faffce0 00000000c1538fc8
0x000000fb5faffbd0:   0000022d1a39de60 00007ffa0df7881e
0x000000fb5faffbe0:   00000000c15394a0 0000022d1a3940c0
0x000000fb5faffbf0:   000000fb5faffca0 0000022d1a3940c0
0x000000fb5faffc00:   00000000c15394a0 00007ffa0df74f81 

Instructions: (pc=0x00007ffa0df651c2)
0x00007ffa0df650c2:   48 3b c8 75 ee 32 db 48 8b 6c 24 38 0f b6 c3 48
0x00007ffa0df650d2:   8b 5c 24 30 48 8b 74 24 40 48 83 c4 20 5f c3 80
0x00007ffa0df650e2:   3d 17 23 89 00 00 b3 01 74 15 8b 57 08 8b 0d f3
0x00007ffa0df650f2:   61 82 00 48 d3 e2 48 03 15 e1 61 82 00 eb 04 48
0x00007ffa0df65102:   8b 57 08 48 8b cf e8 73 78 d3 ff 4c 63 d8 48 8b
0x00007ffa0df65112:   86 08 03 00 00 4c 8b 04 e8 49 8b 40 18 8b 88 c0
0x00007ffa0df65122:   01 00 00 48 8b 90 b8 01 00 00 48 d3 e2 8b 0d 0b
0x00007ffa0df65132:   2c 89 00 48 2b fa 41 8b 50 60 48 d3 ef 44 8b d7
0x00007ffa0df65142:   49 23 d2 48 c1 e2 04 49 03 50 40 8b 02 3b c7 74
0x00007ffa0df65152:   2d 4c 8b 4a 08 4d 85 c9 74 0c 8b c8 49 8b 40 38
0x00007ffa0df65162:   f0 4c 0f c1 0c c8 48 c7 42 08 00 00 00 00 44 89
0x00007ffa0df65172:   12 49 ff 40 58 4c 01 5a 08 e9 49 ff ff ff 49 ff
0x00007ffa0df65182:   40 50 4c 01 5a 08 e9 3c ff ff ff cc cc cc 48 89
0x00007ffa0df65192:   6c 24 10 48 89 74 24 18 57 48 83 ec 20 48 8b 41
0x00007ffa0df651a2:   08 48 8b f1 4d 8b c8 8b ea 49 8b f8 8b 88 c0 01
0x00007ffa0df651b2:   00 00 48 8b 80 b0 01 00 00 49 d3 e9 4e 8b 0c c8
0x00007ffa0df651c2:   4d 3b 81 c0 00 00 00 72 12 32 c0 48 8b 6c 24 38
0x00007ffa0df651d2:   48 8b 74 24 40 48 83 c4 20 5f c3 48 89 5c 24 30
0x00007ffa0df651e2:   48 8b d7 48 8b 9e 98 00 00 00 48 8b cb 48 8b 03
0x00007ffa0df651f2:   ff 10 8b 4b 18 48 8b d7 48 2b 53 08 48 8b 43 20
0x00007ffa0df65202:   48 c1 ea 03 48 d3 ea 48 8b ca 48 c1 e9 06 4c 8d
0x00007ffa0df65212:   04 c8 0f b6 ca 49 8b 00 80 e1 3f ba 01 00 00 00
0x00007ffa0df65222:   48 d3 e2 48 8b c8 48 0b ca 48 3b c8 74 12 f0 49
0x00007ffa0df65232:   0f b1 08 74 25 48 8b c8 48 0b ca 48 3b c8 75 ee
0x00007ffa0df65242:   32 db 48 8b 6c 24 38 0f b6 c3 48 8b 5c 24 30 48
0x00007ffa0df65252:   8b 74 24 40 48 83 c4 20 5f c3 80 3d 9c 21 89 00
0x00007ffa0df65262:   00 b3 01 74 15 8b 57 08 8b 0d 78 60 82 00 48 d3
0x00007ffa0df65272:   e2 48 03 15 66 60 82 00 eb 04 48 8b 57 08 48 8b
0x00007ffa0df65282:   cf e8 f8 76 d3 ff 4c 63 d8 48 8b 86 08 03 00 00
0x00007ffa0df65292:   4c 8b 04 e8 49 8b 40 18 8b 88 c0 01 00 00 48 8b
0x00007ffa0df652a2:   90 b8 01 00 00 48 d3 e2 8b 0d 90 2a 89 00 48 2b
0x00007ffa0df652b2:   fa 41 8b 50 60 48 d3 ef 44 8b d7 49 23 d2 48 c1 


Stack slot to memory mapping:
stack at sp + 0 slots: 0x00000000c1538fc8 is an oop: java.lang.ref.SoftReference 
{0x00000000c1538fc8} - klass: 'java/lang/ref/SoftReference'
 - ---- fields (total size 5 words):
 - private 'referent' 'Ljava/lang/Object;' @12  a 'java/lang/Class$ReflectionData'{0x00000000c1538ff0} (c1538ff0)
 - volatile 'queue' 'Ljava/lang/ref/ReferenceQueue;' @16  a 'java/lang/ref/ReferenceQueue$Null'{0x00000000c0557810} (c0557810)
 - volatile 'next' 'Ljava/lang/ref/Reference;' @20  NULL (0)
 - private transient 'discovered' 'Ljava/lang/ref/Reference;' @24  NULL (0)
 - private 'timestamp' 'J' @32  45181891 (2b16bc3 0)
stack at sp + 1 slots: 0x00007ffa0df651f4 jvm.dll
stack at sp + 2 slots: 0x00001b9de739acb0 is an unknown value
stack at sp + 3 slots: 0x000000fb5faffce0 points into unknown readable memory: 0x00007ffa0e5e05e8 | e8 05 5e 0e fa 7f 00 00
stack at sp + 4 slots: 0x0000000020008368 is an unknown value
stack at sp + 5 slots: 0x00007ffa0df64f0f jvm.dll
stack at sp + 6 slots: 0x0000022d1a39de60 points into unknown readable memory: 0x00007ffa0e5e05c8 | c8 05 5e 0e fa 7f 00 00
stack at sp + 7 slots: 0x000000fb5faffce0 points into unknown readable memory: 0x00007ffa0e5e05e8 | e8 05 5e 0e fa 7f 00 00


---------------  P R O C E S S  ---------------

Threads class SMR info:
_java_thread_list=0x0000022d26a79380, length=35, elements={
0x0000022d248bb750, 0x0000022d248bc4d0, 0x0000022d248e99c0, 0x0000022d248ec550,
0x0000022d248ee220, 0x0000022d248eeae0, 0x0000022d248ef450, 0x0000022d248f1d60,
0x0000022d255de0e0, 0x0000022d255e1860, 0x0000022d254bb0b0, 0x0000022d2657f090,
0x0000022d266c0a00, 0x0000022d267f6580, 0x0000022d268f8030, 0x0000022d25ddd420,
0x0000022d1a351fa0, 0x0000022d267c2570, 0x0000022d25d18030, 0x0000022d2697b060,
0x0000022d26596d60, 0x0000022d26a431d0, 0x0000022d26a449e0, 0x0000022d26a42360,
0x0000022d26a41020, 0x0000022d26a419c0, 0x0000022d26a436a0, 0x0000022d26a42830,
0x0000022d26a44510, 0x0000022d26a414f0, 0x0000022d26a44040, 0x0000022d26a42d00,
0x0000022d26a43b70, 0x0000022d26a41e90, 0x0000022d26d30a30
}

Java Threads: ( => current thread )
  0x0000022d248bb750 JavaThread "Reference Handler" daemon [_thread_blocked, id=10364, stack(0x000000fb5fe00000,0x000000fb5ff00000)]
  0x0000022d248bc4d0 JavaThread "Finalizer" daemon [_thread_blocked, id=8528, stack(0x000000fb5ff00000,0x000000fb60000000)]
  0x0000022d248e99c0 JavaThread "Signal Dispatcher" daemon [_thread_blocked, id=5944, stack(0x000000fb60000000,0x000000fb60100000)]
  0x0000022d248ec550 JavaThread "Attach Listener" daemon [_thread_blocked, id=14996, stack(0x000000fb60100000,0x000000fb60200000)]
  0x0000022d248ee220 JavaThread "Service Thread" daemon [_thread_blocked, id=1156, stack(0x000000fb60200000,0x000000fb60300000)]
  0x0000022d248eeae0 JavaThread "Monitor Deflation Thread" daemon [_thread_blocked, id=12264, stack(0x000000fb60300000,0x000000fb60400000)]
  0x0000022d248ef450 JavaThread "C1 CompilerThread0" daemon [_thread_blocked, id=7176, stack(0x000000fb60400000,0x000000fb60500000)]
  0x0000022d248f1d60 JavaThread "Sweeper thread" daemon [_thread_blocked, id=3872, stack(0x000000fb60500000,0x000000fb60600000)]
  0x0000022d255de0e0 JavaThread "Notification Thread" daemon [_thread_blocked, id=7976, stack(0x000000fb60600000,0x000000fb60700000)]
  0x0000022d255e1860 JavaThread "Common-Cleaner" daemon [_thread_blocked, id=5940, stack(0x000000fb60800000,0x000000fb60900000)]
  0x0000022d254bb0b0 JavaThread "C1 CompilerThread1" daemon [_thread_blocked, id=8276, stack(0x000000fb60900000,0x000000fb60a00000)]
  0x0000022d2657f090 JavaThread "C1 CompilerThread2" daemon [_thread_blocked, id=14980, stack(0x000000fb60d00000,0x000000fb60e00000)]
  0x0000022d266c0a00 JavaThread "boundedElastic-evictor-1" daemon [_thread_blocked, id=5284, stack(0x000000fb60e00000,0x000000fb60f00000)]
  0x0000022d267f6580 JavaThread "boundedElastic-evictor-2" daemon [_thread_blocked, id=14936, stack(0x000000fb60f00000,0x000000fb61000000)]
  0x0000022d268f8030 JavaThread "pool-10-thread-1" [_thread_blocked, id=14132, stack(0x000000fb61000000,0x000000fb61100000)]
  0x0000022d25ddd420 JavaThread "LanguageServerApp-lifecycle" [_thread_blocked, id=1876, stack(0x000000fb61100000,0x000000fb61200000)]
  0x0000022d1a351fa0 JavaThread "DestroyJavaVM" [_thread_blocked, id=6884, stack(0x000000fb5f700000,0x000000fb5f800000)]
  0x0000022d267c2570 JavaThread "pool-11-thread-1" [_thread_in_native, id=1008, stack(0x000000fb61200000,0x000000fb61300000)]
  0x0000022d25d18030 JavaThread "Simple-Language-Server main thread" daemon [_thread_blocked, id=14632, stack(0x000000fb61300000,0x000000fb61400000)]
  0x0000022d2697b060 JavaThread "pool-6-thread-1" [_thread_blocked, id=13616, stack(0x000000fb61400000,0x000000fb61500000)]
  0x0000022d26596d60 JavaThread "ForkJoinPool.commonPool-worker-1" daemon [_thread_blocked, id=5360, stack(0x000000fb61500000,0x000000fb61600000)]
  0x0000022d26a431d0 JavaThread "ClassGraph-worker-0" daemon [_thread_blocked, id=2560, stack(0x000000fb61600000,0x000000fb61700000)]
  0x0000022d26a449e0 JavaThread "ClassGraph-worker-1" daemon [_thread_blocked, id=11468, stack(0x000000fb61700000,0x000000fb61800000)]
  0x0000022d26a42360 JavaThread "ClassGraph-worker-2" daemon [_thread_blocked, id=4140, stack(0x000000fb61800000,0x000000fb61900000)]
  0x0000022d26a41020 JavaThread "ClassGraph-worker-3" daemon [_thread_blocked, id=13184, stack(0x000000fb61900000,0x000000fb61a00000)]
  0x0000022d26a419c0 JavaThread "ClassGraph-worker-4" daemon [_thread_blocked, id=4528, stack(0x000000fb61a00000,0x000000fb61b00000)]
  0x0000022d26a436a0 JavaThread "ClassGraph-worker-5" daemon [_thread_blocked, id=12456, stack(0x000000fb61b00000,0x000000fb61c00000)]
  0x0000022d26a42830 JavaThread "ClassGraph-worker-6" daemon [_thread_blocked, id=13372, stack(0x000000fb61c00000,0x000000fb61d00000)]
  0x0000022d26a44510 JavaThread "ClassGraph-worker-7" daemon [_thread_blocked, id=1924, stack(0x000000fb61d00000,0x000000fb61e00000)]
  0x0000022d26a414f0 JavaThread "parallel-1" daemon [_thread_blocked, id=7384, stack(0x000000fb61e00000,0x000000fb61f00000)]
  0x0000022d26a44040 JavaThread "parallel-2" daemon [_thread_blocked, id=16360, stack(0x000000fb61f00000,0x000000fb62000000)]
  0x0000022d26a42d00 JavaThread "pool-3-thread-1" [_thread_blocked, id=13152, stack(0x000000fb62000000,0x000000fb62100000)]
  0x0000022d26a43b70 JavaThread "ForkJoinPool.commonPool-worker-2" daemon [_thread_blocked, id=2148, stack(0x000000fb62100000,0x000000fb62200000)]
  0x0000022d26a41e90 JavaThread "pool-3-thread-2" [_thread_blocked, id=5572, stack(0x000000fb62200000,0x000000fb62300000)]
  0x0000022d26d30a30 JavaThread "pool-3-thread-3" [_thread_blocked, id=15992, stack(0x000000fb62300000,0x000000fb62400000)]

Other Threads:
  0x0000022d248a4230 VMThread "VM Thread" [stack: 0x000000fb5fd00000,0x000000fb5fe00000] [id=7112]
  0x0000022d255de5b0 WatcherThread [stack: 0x000000fb60700000,0x000000fb60800000] [id=10728]
  0x0000022d1a393b60 GCTaskThread "GC Thread#0" [stack: 0x000000fb5f800000,0x000000fb5f900000] [id=6740]
  0x0000022d254bb970 GCTaskThread "GC Thread#1" [stack: 0x000000fb60a00000,0x000000fb60b00000] [id=7288]
  0x0000022d254bbc20 GCTaskThread "GC Thread#2" [stack: 0x000000fb60b00000,0x000000fb60c00000] [id=5556]
  0x0000022d26049940 GCTaskThread "GC Thread#3" [stack: 0x000000fb60c00000,0x000000fb60d00000] [id=12228]
  0x0000022d1a39c9b0 ConcurrentGCThread "G1 Main Marker" [stack: 0x000000fb5f900000,0x000000fb5fa00000] [id=14836]
=>0x0000022d1a39d2d0 ConcurrentGCThread "G1 Conc#0" [stack: 0x000000fb5fa00000,0x000000fb5fb00000] [id=14988]
  0x0000022d1a410a50 ConcurrentGCThread "G1 Refine#0" [stack: 0x000000fb5fb00000,0x000000fb5fc00000] [id=10156]
  0x0000022d1a413390 ConcurrentGCThread "G1 Service" [stack: 0x000000fb5fc00000,0x000000fb5fd00000] [id=14256]

Threads with active compile tasks:

VM state: not at safepoint (normal execution)

VM Mutex/Monitor currently owned by a thread:  ([mutex/lock_event])
[0x0000022d1a34fe90] Heap_lock - owner thread: 0x0000022d26a431d0

Heap address: 0x00000000c0000000, size: 1024 MB, Compressed Oops mode: 32-bit

CDS archive(s) not mapped
Compressed class space mapped at: 0x0000000100000000-0x0000000140000000, reserved size: 1073741824
Narrow klass base: 0x0000000000000000, Narrow klass shift: 3, Narrow klass range: 0x140000000

GC Precious Log:
 CPUs: 4 total, 4 available
 Memory: 8089M
 Large Page Support: Disabled
 NUMA Support: Disabled
 Compressed Oops: Enabled (32-bit)
 Heap Region Size: 1M
 Heap Min Capacity: 8M
 Heap Initial Capacity: 128M
 Heap Max Capacity: 1G
 Pre-touch: Disabled
 Parallel Workers: 4
 Concurrent Workers: 1
 Concurrent Refinement Workers: 4
 Periodic GC: Disabled

Heap:
 garbage-first heap   total 48128K, used 37122K [0x00000000c0000000, 0x0000000100000000)
  region size 1024K, 11 young (11264K), 2 survivors (2048K)
 Metaspace       used 37064K, committed 37504K, reserved 1089536K
  class space    used 4843K, committed 5056K, reserved 1048576K

Heap Regions: E=young(eden), S=young(survivor), O=old, HS=humongous(starts), HC=humongous(continues), CS=collection set, F=free, OA=open archive, CA=closed archive, TAMS=top-at-mark-start (previous, next)
|   0|0x00000000c0000000, 0x00000000c0100000, 0x00000000c0100000|100%| O|  |TAMS 0x00000000c0100000, 0x00000000c0100000| Untracked 
|   1|0x00000000c0100000, 0x00000000c0200000, 0x00000000c0200000|100%| O|  |TAMS 0x00000000c0200000, 0x00000000c0200000| Untracked 
|   2|0x00000000c0200000, 0x00000000c0300000, 0x00000000c0300000|100%| O|  |TAMS 0x00000000c0300000, 0x00000000c0300000| Untracked 
|   3|0x00000000c0300000, 0x00000000c0400000, 0x00000000c0400000|100%| O|  |TAMS 0x00000000c0400000, 0x00000000c0400000| Untracked 
|   4|0x00000000c0400000, 0x00000000c0500000, 0x00000000c0500000|100%| O|  |TAMS 0x00000000c0500000, 0x00000000c0500000| Untracked 
|   5|0x00000000c0500000, 0x00000000c0600000, 0x00000000c0600000|100%| O|  |TAMS 0x00000000c0600000, 0x00000000c0600000| Untracked 
|   6|0x00000000c0600000, 0x00000000c0700000, 0x00000000c0700000|100%| O|  |TAMS 0x00000000c0700000, 0x00000000c0700000| Untracked 
|   7|0x00000000c0700000, 0x00000000c0800000, 0x00000000c0800000|100%| O|  |TAMS 0x00000000c0800000, 0x00000000c0800000| Untracked 
|   8|0x00000000c0800000, 0x00000000c0900000, 0x00000000c0900000|100%| O|  |TAMS 0x00000000c0900000, 0x00000000c0900000| Untracked 
|   9|0x00000000c0900000, 0x00000000c0a00000, 0x00000000c0a00000|100%| O|  |TAMS 0x00000000c0a00000, 0x00000000c0a00000| Untracked 
|  10|0x00000000c0a00000, 0x00000000c0af8e00, 0x00000000c0b00000| 97%| O|  |TAMS 0x00000000c0af8e00, 0x00000000c0af8e00| Untracked 
|  11|0x00000000c0b00000, 0x00000000c0c00000, 0x00000000c0c00000|100%| O|  |TAMS 0x00000000c0c00000, 0x00000000c0c00000| Untracked 
|  12|0x00000000c0c00000, 0x00000000c0d00000, 0x00000000c0d00000|100%| O|  |TAMS 0x00000000c0d00000, 0x00000000c0d00000| Untracked 
|  13|0x00000000c0d00000, 0x00000000c0e00000, 0x00000000c0e00000|100%| O|  |TAMS 0x00000000c0e00000, 0x00000000c0e00000| Untracked 
|  14|0x00000000c0e00000, 0x00000000c0f00000, 0x00000000c0f00000|100%| O|  |TAMS 0x00000000c0f00000, 0x00000000c0f00000| Untracked 
|  15|0x00000000c0f00000, 0x00000000c1000000, 0x00000000c1000000|100%| O|  |TAMS 0x00000000c1000000, 0x00000000c1000000| Untracked 
|  16|0x00000000c1000000, 0x00000000c1100000, 0x00000000c1100000|100%| O|  |TAMS 0x00000000c1100000, 0x00000000c1100000| Untracked 
|  17|0x00000000c1100000, 0x00000000c1200000, 0x00000000c1200000|100%| O|  |TAMS 0x00000000c113ce00, 0x00000000c1200000| Untracked 
|  18|0x00000000c1200000, 0x00000000c1300000, 0x00000000c1300000|100%| O|  |TAMS 0x00000000c1200000, 0x00000000c1300000| Untracked 
|  19|0x00000000c1300000, 0x00000000c1400000, 0x00000000c1400000|100%| O|  |TAMS 0x00000000c1300000, 0x00000000c1400000| Untracked 
|  20|0x00000000c1400000, 0x00000000c1500000, 0x00000000c1500000|100%| O|  |TAMS 0x00000000c1400000, 0x00000000c1500000| Untracked 
|  21|0x00000000c1500000, 0x00000000c1600000, 0x00000000c1600000|100%| O|  |TAMS 0x00000000c1500000, 0x00000000c1600000| Untracked 
|  22|0x00000000c1600000, 0x00000000c1700000, 0x00000000c1700000|100%| O|  |TAMS 0x00000000c1600000, 0x00000000c1700000| Untracked 
|  23|0x00000000c1700000, 0x00000000c1800000, 0x00000000c1800000|100%| O|  |TAMS 0x00000000c1700000, 0x00000000c1700000| Untracked 
|  24|0x00000000c1800000, 0x00000000c1900000, 0x00000000c1900000|100%| O|  |TAMS 0x00000000c1800000, 0x00000000c1800000| Untracked 
|  25|0x00000000c1900000, 0x00000000c1947c00, 0x00000000c1a00000| 28%| O|  |TAMS 0x00000000c1900000, 0x00000000c1900000| Untracked 
|  26|0x00000000c1a00000, 0x00000000c1a00000, 0x00000000c1b00000|  0%| F|  |TAMS 0x00000000c1a00000, 0x00000000c1a00000| Untracked 
|  27|0x00000000c1b00000, 0x00000000c1b00000, 0x00000000c1c00000|  0%| F|  |TAMS 0x00000000c1b00000, 0x00000000c1b00000| Untracked 
|  28|0x00000000c1c00000, 0x00000000c1c00000, 0x00000000c1d00000|  0%| F|  |TAMS 0x00000000c1c00000, 0x00000000c1c00000| Untracked 
|  29|0x00000000c1d00000, 0x00000000c1d00000, 0x00000000c1e00000|  0%| F|  |TAMS 0x00000000c1d00000, 0x00000000c1d00000| Untracked 
|  30|0x00000000c1e00000, 0x00000000c1e00000, 0x00000000c1f00000|  0%| F|  |TAMS 0x00000000c1e00000, 0x00000000c1e00000| Untracked 
|  31|0x00000000c1f00000, 0x00000000c1f00000, 0x00000000c2000000|  0%| F|  |TAMS 0x00000000c1f00000, 0x00000000c1f00000| Untracked 
|  32|0x00000000c2000000, 0x00000000c2000000, 0x00000000c2100000|  0%| F|  |TAMS 0x00000000c2000000, 0x00000000c2000000| Untracked 
|  33|0x00000000c2100000, 0x00000000c2100000, 0x00000000c2200000|  0%| F|  |TAMS 0x00000000c2100000, 0x00000000c2100000| Untracked 
|  34|0x00000000c2200000, 0x00000000c2300000, 0x00000000c2300000|100%| S|CS|TAMS 0x00000000c2200000, 0x00000000c2200000| Complete 
|  35|0x00000000c2300000, 0x00000000c2400000, 0x00000000c2400000|100%| S|CS|TAMS 0x00000000c2300000, 0x00000000c2300000| Complete 
|  36|0x00000000c2400000, 0x00000000c2400000, 0x00000000c2500000|  0%| F|  |TAMS 0x00000000c2400000, 0x00000000c2400000| Untracked 
|  37|0x00000000c2500000, 0x00000000c2500000, 0x00000000c2600000|  0%| F|  |TAMS 0x00000000c2500000, 0x00000000c2500000| Untracked 
|  38|0x00000000c2600000, 0x00000000c2700000, 0x00000000c2700000|100%| E|CS|TAMS 0x00000000c2600000, 0x00000000c2600000| Complete 
|  39|0x00000000c2700000, 0x00000000c2800000, 0x00000000c2800000|100%| E|CS|TAMS 0x00000000c2700000, 0x00000000c2700000| Complete 
|  40|0x00000000c2800000, 0x00000000c2900000, 0x00000000c2900000|100%| E|CS|TAMS 0x00000000c2800000, 0x00000000c2800000| Complete 
|  41|0x00000000c2900000, 0x00000000c2a00000, 0x00000000c2a00000|100%| E|CS|TAMS 0x00000000c2900000, 0x00000000c2900000| Complete 
|  42|0x00000000c2a00000, 0x00000000c2b00000, 0x00000000c2b00000|100%| E|CS|TAMS 0x00000000c2a00000, 0x00000000c2a00000| Complete 
|  43|0x00000000c2b00000, 0x00000000c2c00000, 0x00000000c2c00000|100%| E|CS|TAMS 0x00000000c2b00000, 0x00000000c2b00000| Complete 
| 105|0x00000000c6900000, 0x00000000c6a00000, 0x00000000c6a00000|100%| E|CS|TAMS 0x00000000c6900000, 0x00000000c6900000| Complete 
| 106|0x00000000c6a00000, 0x00000000c6b00000, 0x00000000c6b00000|100%| E|CS|TAMS 0x00000000c6a00000, 0x00000000c6a00000| Complete 
| 127|0x00000000c7f00000, 0x00000000c8000000, 0x00000000c8000000|100%| E|CS|TAMS 0x00000000c7f00000, 0x00000000c7f00000| Complete 

Card table byte_map: [0x0000022d1ffe0000,0x0000022d201e0000] _byte_map_base: 0x0000022d1f9e0000

Marking Bits (Prev, Next): (CMBitMap*) 0x0000022d1a394080, (CMBitMap*) 0x0000022d1a3940c0
 Prev Bits: [0x0000022d203e0000, 0x0000022d213e0000)
 Next Bits: [0x0000022d213e0000, 0x0000022d223e0000)

Polling page: 0x0000022d18140000

Metaspace:

Usage:
  Non-class:     31.47 MB used.
      Class:      4.73 MB used.
       Both:     36.20 MB used.

Virtual space:
  Non-class space:       40.00 MB reserved,      31.69 MB ( 79%) committed,  5 nodes.
      Class space:        1.00 GB reserved,       4.94 MB ( <1%) committed,  1 nodes.
             Both:        1.04 GB reserved,      36.62 MB (  3%) committed. 

Chunk freelists:
   Non-Class:  3.42 MB
       Class:  2.97 MB
        Both:  6.39 MB

MaxMetaspaceSize: unlimited
CompressedClassSpaceSize: 1.00 GB
Initial GC threshold: 21.00 MB
Current GC threshold: 58.88 MB
CDS: off
MetaspaceReclaimPolicy: balanced
 - commit_granule_bytes: 65536.
 - commit_granule_words: 8192.
 - virtual_space_node_default_size: 1048576.
 - enlarge_chunks_in_place: 1.
 - new_chunks_are_fully_committed: 0.
 - uncommit_free_chunks: 1.
 - use_allocation_guard: 0.
 - handle_deallocations: 1.


Internal statistics:

num_allocs_failed_limit: 6.
num_arena_births: 466.
num_arena_deaths: 0.
num_vsnodes_births: 6.
num_vsnodes_deaths: 0.
num_space_committed: 586.
num_space_uncommitted: 0.
num_chunks_returned_to_freelist: 6.
num_chunks_taken_from_freelist: 1580.
num_chunk_merges: 6.
num_chunk_splits: 1062.
num_chunks_enlarged: 793.
num_purges: 0.
num_inconsistent_stats: 0.

CodeCache: size=49152Kb used=8028Kb max_used=8028Kb free=41123Kb
 bounds [0x0000022d1cfe0000, 0x0000022d1d7c0000, 0x0000022d1ffe0000]
 total_blobs=4120 nmethods=3578 adapters=467
 compilation: enabled
              stopped_count=0, restarted_count=0
 full_count=0

Compilation events (20 events):
Event: 51.779 Thread 0x0000022d248ef450 3572   !   1       sun.security.x509.AVA::toRFC2253CanonicalString (390 bytes)
Event: 51.779 Thread 0x0000022d254bb0b0 3573       1       nonapi.io.github.classgraph.fileslice.Slice::<init> (13 bytes)
Event: 51.779 Thread 0x0000022d254bb0b0 nmethod 3573 0x0000022d1d7b1290 code [0x0000022d1d7b1420, 0x0000022d1d7b1528]
Event: 51.781 Thread 0x0000022d2657f090 3574       1       sun.security.util.ObjectIdentifier::toString (287 bytes)
Event: 51.783 Thread 0x0000022d2657f090 nmethod 3574 0x0000022d1d7b1610 code [0x0000022d1d7b18c0, 0x0000022d1d7b2108]
Event: 51.783 Thread 0x0000022d248ef450 nmethod 3572 0x0000022d1d7b2710 code [0x0000022d1d7b2ae0, 0x0000022d1d7b39a8]
Event: 51.786 Thread 0x0000022d248ef450 3575       1       nonapi.io.github.classgraph.fileslice.reader.RandomAccessFileChannelReader::readShort (7 bytes)
Event: 51.786 Thread 0x0000022d2657f090 3576       1       nonapi.io.github.classgraph.fastzipfilereader.NestedJarHandler$RecyclableInflater::getInflater (5 bytes)
Event: 51.786 Thread 0x0000022d248ef450 nmethod 3575 0x0000022d1d7b4490 code [0x0000022d1d7b4620, 0x0000022d1d7b4708]
Event: 51.786 Thread 0x0000022d2657f090 nmethod 3576 0x0000022d1d7b4790 code [0x0000022d1d7b4920, 0x0000022d1d7b49f8]
Event: 51.786 Thread 0x0000022d2657f090 3577   !   1       nonapi.io.github.classgraph.fastzipfilereader.NestedJarHandler$8::read (225 bytes)
Event: 51.787 Thread 0x0000022d248ef450 3578   !   1       nonapi.io.github.classgraph.fastzipfilereader.NestedJarHandler$8::close (37 bytes)
Event: 51.787 Thread 0x0000022d2657f090 nmethod 3577 0x0000022d1d7b4a90 code [0x0000022d1d7b4d00, 0x0000022d1d7b5548]
Event: 51.787 Thread 0x0000022d248ef450 nmethod 3578 0x0000022d1d7b5c10 code [0x0000022d1d7b5de0, 0x0000022d1d7b6108]
Event: 51.788 Thread 0x0000022d254bb0b0 3579       1       java.util.concurrent.ConcurrentHashMap::<init> (9 bytes)
Event: 51.789 Thread 0x0000022d254bb0b0 nmethod 3579 0x0000022d1d7b6310 code [0x0000022d1d7b64c0, 0x0000022d1d7b65a8]
Event: 51.956 Thread 0x0000022d248ef450 3580       1       sun.util.calendar.CalendarDate::getYear (5 bytes)
Event: 51.956 Thread 0x0000022d248ef450 nmethod 3580 0x0000022d1d7b6c10 code [0x0000022d1d7b6da0, 0x0000022d1d7b6e78]
Event: 51.972 Thread 0x0000022d2657f090 3581       1       java.lang.Math::max (12 bytes)
Event: 51.972 Thread 0x0000022d2657f090 nmethod 3581 0x0000022d1d7b6f10 code [0x0000022d1d7b70a0, 0x0000022d1d7b7158]

GC Heap History (20 events):
Event: 38.736 GC heap before
{Heap before GC invocations=2 (full 0):
 garbage-first heap   total 131072K, used 30876K [0x00000000c0000000, 0x0000000100000000)
  region size 1024K, 24 young (24576K), 1 survivors (1024K)
 Metaspace       used 16489K, committed 16768K, reserved 1064960K
  class space    used 2042K, committed 2176K, reserved 1048576K
}
Event: 38.745 GC heap after
{Heap after GC invocations=3 (full 0):
 garbage-first heap   total 131072K, used 11230K [0x00000000c0000000, 0x0000000100000000)
  region size 1024K, 3 young (3072K), 3 survivors (3072K)
 Metaspace       used 16489K, committed 16768K, reserved 1064960K
  class space    used 2042K, committed 2176K, reserved 1048576K
}
Event: 40.082 GC heap before
{Heap before GC invocations=3 (full 0):
 garbage-first heap   total 131072K, used 30686K [0x00000000c0000000, 0x0000000100000000)
  region size 1024K, 24 young (24576K), 3 survivors (3072K)
 Metaspace       used 21325K, committed 21504K, reserved 1073152K
  class space    used 2613K, committed 2688K, reserved 1048576K
}
Event: 40.091 GC heap after
{Heap after GC invocations=4 (full 0):
 garbage-first heap   total 131072K, used 12615K [0x00000000c0000000, 0x0000000100000000)
  region size 1024K, 2 young (2048K), 2 survivors (2048K)
 Metaspace       used 21325K, committed 21504K, reserved 1073152K
  class space    used 2613K, committed 2688K, reserved 1048576K
}
Event: 44.763 GC heap before
{Heap before GC invocations=5 (full 0):
 garbage-first heap   total 48128K, used 36167K [0x00000000c0000000, 0x0000000100000000)
  region size 1024K, 27 young (27648K), 2 survivors (2048K)
 Metaspace       used 25263K, committed 25472K, reserved 1073152K
  class space    used 3146K, committed 3264K, reserved 1048576K
}
Event: 44.771 GC heap after
{Heap after GC invocations=6 (full 0):
 garbage-first heap   total 48128K, used 13976K [0x00000000c0000000, 0x0000000100000000)
  region size 1024K, 3 young (3072K), 3 survivors (3072K)
 Metaspace       used 25263K, committed 25472K, reserved 1073152K
  class space    used 3146K, committed 3264K, reserved 1048576K
}
Event: 46.908 GC heap before
{Heap before GC invocations=6 (full 0):
 garbage-first heap   total 48128K, used 32408K [0x00000000c0000000, 0x0000000100000000)
  region size 1024K, 21 young (21504K), 3 survivors (3072K)
 Metaspace       used 28895K, committed 29248K, reserved 1081344K
  class space    used 3672K, committed 3840K, reserved 1048576K
}
Event: 46.921 GC heap after
{Heap after GC invocations=7 (full 0):
 garbage-first heap   total 48128K, used 15420K [0x00000000c0000000, 0x0000000100000000)
  region size 1024K, 3 young (3072K), 3 survivors (3072K)
 Metaspace       used 28895K, committed 29248K, reserved 1081344K
  class space    used 3672K, committed 3840K, reserved 1048576K
}
Event: 48.878 GC heap before
{Heap before GC invocations=7 (full 0):
 garbage-first heap   total 48128K, used 32828K [0x00000000c0000000, 0x0000000100000000)
  region size 1024K, 21 young (21504K), 3 survivors (3072K)
 Metaspace       used 31606K, committed 31936K, reserved 1081344K
  class space    used 4022K, committed 4160K, reserved 1048576K
}
Event: 48.890 GC heap after
{Heap after GC invocations=8 (full 0):
 garbage-first heap   total 48128K, used 17477K [0x00000000c0000000, 0x0000000100000000)
  region size 1024K, 3 young (3072K), 3 survivors (3072K)
 Metaspace       used 31606K, committed 31936K, reserved 1081344K
  class space    used 4022K, committed 4160K, reserved 1048576K
}
Event: 50.478 GC heap before
{Heap before GC invocations=8 (full 0):
 garbage-first heap   total 48128K, used 32837K [0x00000000c0000000, 0x0000000100000000)
  region size 1024K, 19 young (19456K), 3 survivors (3072K)
 Metaspace       used 34579K, committed 34944K, reserved 1081344K
  class space    used 4488K, committed 4672K, reserved 1048576K
}
Event: 50.487 GC heap after
{Heap after GC invocations=9 (full 0):
 garbage-first heap   total 48128K, used 19544K [0x00000000c0000000, 0x0000000100000000)
  region size 1024K, 2 young (2048K), 2 survivors (2048K)
 Metaspace       used 34579K, committed 34944K, reserved 1081344K
  class space    used 4488K, committed 4672K, reserved 1048576K
}
Event: 50.767 GC heap before
{Heap before GC invocations=9 (full 0):
 garbage-first heap   total 48128K, used 25688K [0x00000000c0000000, 0x0000000100000000)
  region size 1024K, 9 young (9216K), 2 survivors (2048K)
 Metaspace       used 35769K, committed 36096K, reserved 1081344K
  class space    used 4678K, committed 4800K, reserved 1048576K
}
Event: 50.773 GC heap after
{Heap after GC invocations=10 (full 0):
 garbage-first heap   total 48128K, used 20105K [0x00000000c0000000, 0x0000000100000000)
  region size 1024K, 1 young (1024K), 1 survivors (1024K)
 Metaspace       used 35769K, committed 36096K, reserved 1081344K
  class space    used 4678K, committed 4800K, reserved 1048576K
}
Event: 51.450 GC heap before
{Heap before GC invocations=11 (full 0):
 garbage-first heap   total 48128K, used 35465K [0x00000000c0000000, 0x0000000100000000)
  region size 1024K, 17 young (17408K), 1 survivors (1024K)
 Metaspace       used 36421K, committed 36800K, reserved 1081344K
  class space    used 4796K, committed 4992K, reserved 1048576K
}
Event: 51.456 GC heap after
{Heap after GC invocations=12 (full 0):
 garbage-first heap   total 48128K, used 22870K [0x00000000c0000000, 0x0000000100000000)
  region size 1024K, 3 young (3072K), 3 survivors (3072K)
 Metaspace       used 36421K, committed 36800K, reserved 1081344K
  class space    used 4796K, committed 4992K, reserved 1048576K
}
Event: 51.656 GC heap before
{Heap before GC invocations=12 (full 0):
 garbage-first heap   total 48128K, used 35158K [0x00000000c0000000, 0x0000000100000000)
  region size 1024K, 16 young (16384K), 3 survivors (3072K)
 Metaspace       used 36690K, committed 37120K, reserved 1089536K
  class space    used 4818K, committed 5056K, reserved 1048576K
}
Event: 51.665 GC heap after
{Heap after GC invocations=13 (full 0):
 garbage-first heap   total 48128K, used 25571K [0x00000000c0000000, 0x0000000100000000)
  region size 1024K, 2 young (2048K), 2 survivors (2048K)
 Metaspace       used 36690K, committed 37120K, reserved 1089536K
  class space    used 4818K, committed 5056K, reserved 1048576K
}
Event: 51.871 GC heap before
{Heap before GC invocations=13 (full 0):
 garbage-first heap   total 48128K, used 35811K [0x00000000c0000000, 0x0000000100000000)
  region size 1024K, 13 young (13312K), 2 survivors (2048K)
 Metaspace       used 36770K, committed 37184K, reserved 1089536K
  class space    used 4825K, committed 5056K, reserved 1048576K
}
Event: 51.878 GC heap after
{Heap after GC invocations=14 (full 0):
 garbage-first heap   total 48128K, used 27906K [0x00000000c0000000, 0x0000000100000000)
  region size 1024K, 2 young (2048K), 2 survivors (2048K)
 Metaspace       used 36770K, committed 37184K, reserved 1089536K
  class space    used 4825K, committed 5056K, reserved 1048576K
}

Dll operation events (8 events):
Event: 0.023 Loaded shared library c:\Users\lufer\.vscode\extensions\redhat.java-1.14.0-win32-x64\jre\17.0.5-win32-x86_64\bin\java.dll
Event: 1.233 Loaded shared library C:\Users\lufer\.vscode\extensions\redhat.java-1.14.0-win32-x64\jre\17.0.5-win32-x86_64\bin\net.dll
Event: 1.257 Loaded shared library C:\Users\lufer\.vscode\extensions\redhat.java-1.14.0-win32-x64\jre\17.0.5-win32-x86_64\bin\nio.dll
Event: 2.148 Loaded shared library C:\Users\lufer\.vscode\extensions\redhat.java-1.14.0-win32-x64\jre\17.0.5-win32-x86_64\bin\zip.dll
Event: 30.772 Loaded shared library C:\Users\lufer\.vscode\extensions\redhat.java-1.14.0-win32-x64\jre\17.0.5-win32-x86_64\bin\jimage.dll
Event: 33.825 Loaded shared library c:\Users\lufer\.vscode\extensions\redhat.java-1.14.0-win32-x64\jre\17.0.5-win32-x86_64\bin\verify.dll
Event: 49.442 Loaded shared library C:\Users\lufer\.vscode\extensions\redhat.java-1.14.0-win32-x64\jre\17.0.5-win32-x86_64\bin\management.dll
Event: 49.482 Loaded shared library C:\Users\lufer\.vscode\extensions\redhat.java-1.14.0-win32-x64\jre\17.0.5-win32-x86_64\bin\management_ext.dll

Deoptimization events (8 events):
Event: 40.231 Thread 0x0000022d1a351fa0 DEOPT PACKING pc=0x0000022d1d462e99 sp=0x000000fb5f7fd370
Event: 40.231 Thread 0x0000022d1a351fa0 DEOPT UNPACKING pc=0x0000022d1d032b43 sp=0x000000fb5f7fc850 mode 3
Event: 50.505 Thread 0x0000022d2697b060 DEOPT PACKING pc=0x0000022d1d6f3db5 sp=0x000000fb614feb00
Event: 50.505 Thread 0x0000022d2697b060 DEOPT UNPACKING pc=0x0000022d1d032b43 sp=0x000000fb614fe018 mode 3
Event: 50.764 Thread 0x0000022d26596d60 DEOPT PACKING pc=0x0000022d1d70b0ab sp=0x000000fb615fe7b0
Event: 50.764 Thread 0x0000022d26596d60 DEOPT UNPACKING pc=0x0000022d1d032b43 sp=0x000000fb615fdcf8 mode 3
Event: 51.196 Thread 0x0000022d267c2570 DEOPT PACKING pc=0x0000022d1d467201 sp=0x000000fb612fdd90
Event: 51.196 Thread 0x0000022d267c2570 DEOPT UNPACKING pc=0x0000022d1d032b43 sp=0x000000fb612fd220 mode 3

Classes unloaded (0 events):
No events

Classes redefined (0 events):
No events

Internal exceptions (20 events):
Event: 50.872 Thread 0x0000022d26a431d0 Exception <a 'sun/nio/fs/WindowsException'{0x00000000c697a618}> (0x00000000c697a618) 
thrown [s\src\hotspot\share\prims\jni.cpp, line 516]
Event: 50.872 Thread 0x0000022d26a431d0 Exception <a 'sun/nio/fs/WindowsException'{0x00000000c697aa20}> (0x00000000c697aa20) 
thrown [s\src\hotspot\share\prims\jni.cpp, line 516]
Event: 50.872 Thread 0x0000022d26a431d0 Exception <a 'sun/nio/fs/WindowsException'{0x00000000c697b430}> (0x00000000c697b430) 
thrown [s\src\hotspot\share\prims\jni.cpp, line 516]
Event: 50.873 Thread 0x0000022d26a431d0 Exception <a 'sun/nio/fs/WindowsException'{0x00000000c697b808}> (0x00000000c697b808) 
thrown [s\src\hotspot\share\prims\jni.cpp, line 516]
Event: 50.873 Thread 0x0000022d26a431d0 Exception <a 'sun/nio/fs/WindowsException'{0x00000000c697c1f0}> (0x00000000c697c1f0) 
thrown [s\src\hotspot\share\prims\jni.cpp, line 516]
Event: 50.873 Thread 0x0000022d26a431d0 Exception <a 'sun/nio/fs/WindowsException'{0x00000000c697c590}> (0x00000000c697c590) 
thrown [s\src\hotspot\share\prims\jni.cpp, line 516]
Event: 50.873 Thread 0x0000022d26a431d0 Exception <a 'sun/nio/fs/WindowsException'{0x00000000c697cf88}> (0x00000000c697cf88) 
thrown [s\src\hotspot\share\prims\jni.cpp, line 516]
Event: 50.873 Thread 0x0000022d26a431d0 Exception <a 'sun/nio/fs/WindowsException'{0x00000000c697d340}> (0x00000000c697d340) 
thrown [s\src\hotspot\share\prims\jni.cpp, line 516]
Event: 50.873 Thread 0x0000022d26a431d0 Exception <a 'sun/nio/fs/WindowsException'{0x00000000c697dd28}> (0x00000000c697dd28) 
thrown [s\src\hotspot\share\prims\jni.cpp, line 516]
Event: 50.874 Thread 0x0000022d26a431d0 Exception <a 'sun/nio/fs/WindowsException'{0x00000000c697e0d0}> (0x00000000c697e0d0) 
thrown [s\src\hotspot\share\prims\jni.cpp, line 516]
Event: 50.874 Thread 0x0000022d26a431d0 Exception <a 'sun/nio/fs/WindowsException'{0x00000000c697eac8}> (0x00000000c697eac8) 
thrown [s\src\hotspot\share\prims\jni.cpp, line 516]
Event: 50.874 Thread 0x0000022d26a431d0 Exception <a 'sun/nio/fs/WindowsException'{0x00000000c697ee80}> (0x00000000c697ee80) 
thrown [s\src\hotspot\share\prims\jni.cpp, line 516]
Event: 50.874 Thread 0x0000022d26a431d0 Exception <a 'sun/nio/fs/WindowsException'{0x00000000c697f890}> (0x00000000c697f890) 
thrown [s\src\hotspot\share\prims\jni.cpp, line 516]
Event: 50.874 Thread 0x0000022d26a431d0 Exception <a 'sun/nio/fs/WindowsException'{0x00000000c697fc68}> (0x00000000c697fc68) 
thrown [s\src\hotspot\share\prims\jni.cpp, line 516]
Event: 50.882 Thread 0x0000022d26a431d0 Exception <a 'sun/nio/fs/WindowsException'{0x00000000c6980690}> (0x00000000c6980690) 
thrown [s\src\hotspot\share\prims\jni.cpp, line 516]
Event: 50.882 Thread 0x0000022d26a431d0 Exception <a 'sun/nio/fs/WindowsException'{0x00000000c6980a80}> (0x00000000c6980a80) 
thrown [s\src\hotspot\share\prims\jni.cpp, line 516]
Event: 50.883 Thread 0x0000022d26a431d0 Exception <a 'sun/nio/fs/WindowsException'{0x00000000c69814a0}> (0x00000000c69814a0) 
thrown [s\src\hotspot\share\prims\jni.cpp, line 516]
Event: 50.883 Thread 0x0000022d26a431d0 Exception <a 'sun/nio/fs/WindowsException'{0x00000000c6981888}> (0x00000000c6981888) 
thrown [s\src\hotspot\share\prims\jni.cpp, line 516]
Event: 50.917 Thread 0x0000022d267c2570 Exception <a 'java/lang/NoSuchMethodError'{0x00000000c69f2818}: 'int java.lang.invoke.DirectMethodHandle$Holder.invokeStatic(java.lang.Object)'> (0x00000000c69f2818) 
thrown [s\src\hotspot\share\interpreter\linkResolver.cpp, line 759]
Event: 50.918 Thread 0x0000022d267c2570 Exception <a 'java/lang/NoSuchMethodError'{0x00000000c69f5ec0}: 'int java.lang.invoke.DirectMethodHandle$Holder.invokeStaticInit(java.lang.Object)'> (0x00000000c69f5ec0) 
thrown [s\src\hotspot\share\interpreter\linkResolver.cpp, line 759]

VM Operations (20 events):
Event: 50.365 Executing VM operation: HandshakeAllThreads
Event: 50.469 Executing VM operation: HandshakeAllThreads done
Event: 50.469 Executing VM operation: Cleanup
Event: 50.470 Executing VM operation: Cleanup done
Event: 50.477 Executing VM operation: G1CollectForAllocation
Event: 50.487 Executing VM operation: G1CollectForAllocation done
Event: 50.767 Executing VM operation: CollectForMetadataAllocation
Event: 50.773 Executing VM operation: CollectForMetadataAllocation done
Event: 50.821 Executing VM operation: G1Concurrent
Event: 50.824 Executing VM operation: G1Concurrent done
Event: 50.845 Executing VM operation: G1Concurrent
Event: 50.849 Executing VM operation: G1Concurrent done
Event: 51.314 Executing VM operation: G1CollectForAllocation
Event: 51.467 Executing VM operation: G1CollectForAllocation done
Event: 51.632 Executing VM operation: G1CollectForAllocation
Event: 51.655 Executing VM operation: G1CollectForAllocation done
Event: 51.656 Executing VM operation: G1CollectForAllocation
Event: 51.665 Executing VM operation: G1CollectForAllocation done
Event: 51.792 Executing VM operation: G1CollectForAllocation
Event: 51.912 Executing VM operation: G1CollectForAllocation done

Events (20 events):
Event: 50.955 loading class java/util/zip/DataFormatException done
Event: 50.959 loading class java/util/WeakHashMap$EntrySet
Event: 50.959 loading class java/util/WeakHashMap$EntrySet done
Event: 50.959 loading class java/util/WeakHashMap$EntryIterator
Event: 50.959 loading class java/util/WeakHashMap$HashIterator
Event: 50.959 loading class java/util/WeakHashMap$HashIterator done
Event: 50.959 loading class java/util/WeakHashMap$EntryIterator done
Event: 50.976 Thread 0x0000022d26a44040 Thread added: 0x0000022d26a44040
Event: 50.987 loading class java/util/concurrent/CompletableFuture$UniApply
Event: 50.987 loading class java/util/concurrent/CompletableFuture$UniApply done
Event: 50.988 Thread 0x0000022d26a42d00 Thread added: 0x0000022d26a42d00
Event: 50.988 loading class java/util/concurrent/CompletableFuture$UniExceptionally
Event: 50.989 loading class java/util/concurrent/CompletableFuture$UniExceptionally done
Event: 50.998 Thread 0x0000022d26a43b70 Thread added: 0x0000022d26a43b70
Event: 51.196 loading class java/util/concurrent/locks/AbstractQueuedSynchronizer$ExclusiveNode
Event: 51.196 loading class java/util/concurrent/locks/AbstractQueuedSynchronizer$ExclusiveNode done
Event: 51.204 loading class jdk/internal/vm/annotation/ForceInline
Event: 51.204 loading class jdk/internal/vm/annotation/ForceInline done
Event: 51.470 Thread 0x0000022d26a41e90 Thread added: 0x0000022d26a41e90
Event: 51.473 Thread 0x0000022d26d30a30 Thread added: 0x0000022d26d30a30


Dynamic libraries:
0x00007ff629880000 - 0x00007ff62988e000 	c:\Users\lufer\.vscode\extensions\redhat.java-1.14.0-win32-x64\jre\17.0.5-win32-x86_64\bin\java.exe
0x00007ffa87bf0000 - 0x00007ffa87de8000 	C:\WINDOWS\SYSTEM32\ntdll.dll
0x00007ffa86c80000 - 0x00007ffa86d3f000 	C:\WINDOWS\System32\KERNEL32.DLL
0x00007ffa855f0000 - 0x00007ffa858c2000 	C:\WINDOWS\System32\KERNELBASE.dll
0x00007ffa85b30000 - 0x00007ffa85c30000 	C:\WINDOWS\System32\ucrtbase.dll
0x00007ffa7ac00000 - 0x00007ffa7ac17000 	c:\Users\lufer\.vscode\extensions\redhat.java-1.14.0-win32-x64\jre\17.0.5-win32-x86_64\bin\jli.dll
0x00007ffa86ad0000 - 0x00007ffa86c71000 	C:\WINDOWS\System32\USER32.dll
0x00007ffa852e0000 - 0x00007ffa85302000 	C:\WINDOWS\System32\win32u.dll
0x00007ffa86250000 - 0x00007ffa8627b000 	C:\WINDOWS\System32\GDI32.dll
0x00007ffa854e0000 - 0x00007ffa855ef000 	C:\WINDOWS\System32\gdi32full.dll
0x00007ffa858d0000 - 0x00007ffa8596d000 	C:\WINDOWS\System32\msvcp_win.dll
0x00007ffa797e0000 - 0x00007ffa797f9000 	c:\Users\lufer\.vscode\extensions\redhat.java-1.14.0-win32-x64\jre\17.0.5-win32-x86_64\bin\VCRUNTIME140.dll
0x00007ffa846e0000 - 0x00007ffa8497a000 	C:\WINDOWS\WinSxS\amd64_microsoft.windows.common-controls_6595b64144ccf1df_6.0.19041.1110_none_60b5254171f9507e\COMCTL32.dll
0x00007ffa86a20000 - 0x00007ffa86abe000 	C:\WINDOWS\System32\msvcrt.dll
0x00007ffa863a0000 - 0x00007ffa863d2000 	C:\WINDOWS\System32\IMM32.DLL
0x00007ffa7bcb0000 - 0x00007ffa7bcbc000 	c:\Users\lufer\.vscode\extensions\redhat.java-1.14.0-win32-x64\jre\17.0.5-win32-x86_64\bin\vcruntime140_1.dll
0x00007ffa2ba50000 - 0x00007ffa2bae1000 	c:\Users\lufer\.vscode\extensions\redhat.java-1.14.0-win32-x64\jre\17.0.5-win32-x86_64\bin\msvcp140.dll
0x00007ffa0dc90000 - 0x00007ffa0e8d4000 	c:\Users\lufer\.vscode\extensions\redhat.java-1.14.0-win32-x64\jre\17.0.5-win32-x86_64\bin\server\jvm.dll
0x00007ffa86520000 - 0x00007ffa865ce000 	C:\WINDOWS\System32\ADVAPI32.dll
0x00007ffa861b0000 - 0x00007ffa8624c000 	C:\WINDOWS\System32\sechost.dll
0x00007ffa863f0000 - 0x00007ffa86515000 	C:\WINDOWS\System32\RPCRT4.dll
0x00007ffa7f240000 - 0x00007ffa7f249000 	C:\WINDOWS\SYSTEM32\WSOCK32.dll
0x00007ffa86990000 - 0x00007ffa869fb000 	C:\WINDOWS\System32\WS2_32.dll
0x00007ffa7eb80000 - 0x00007ffa7eba7000 	C:\WINDOWS\SYSTEM32\WINMM.dll
0x00007ffa761c0000 - 0x00007ffa761ca000 	C:\WINDOWS\SYSTEM32\VERSION.dll
0x00007ffa82360000 - 0x00007ffa82372000 	C:\WINDOWS\SYSTEM32\kernel.appcore.dll
0x00007ffa7ba30000 - 0x00007ffa7ba3a000 	c:\Users\lufer\.vscode\extensions\redhat.java-1.14.0-win32-x64\jre\17.0.5-win32-x86_64\bin\jimage.dll
0x00007ffa84c90000 - 0x00007ffa84e74000 	C:\WINDOWS\SYSTEM32\DBGHELP.DLL
0x00007ffa84c30000 - 0x00007ffa84c65000 	C:\WINDOWS\SYSTEM32\dbgcore.DLL
0x00007ffa85aa0000 - 0x00007ffa85b22000 	C:\WINDOWS\System32\bcryptPrimitives.dll
0x00007ffa70700000 - 0x00007ffa70725000 	c:\Users\lufer\.vscode\extensions\redhat.java-1.14.0-win32-x64\jre\17.0.5-win32-x86_64\bin\java.dll
0x00007ffa791b0000 - 0x00007ffa791c8000 	c:\Users\lufer\.vscode\extensions\redhat.java-1.14.0-win32-x64\jre\17.0.5-win32-x86_64\bin\zip.dll
0x00007ffa87450000 - 0x00007ffa87b94000 	C:\WINDOWS\System32\SHELL32.dll
0x00007ffa82660000 - 0x00007ffa82df2000 	C:\WINDOWS\SYSTEM32\windows.storage.dll
0x00007ffa86630000 - 0x00007ffa86985000 	C:\WINDOWS\System32\combase.dll
0x00007ffa84640000 - 0x00007ffa84670000 	C:\WINDOWS\SYSTEM32\Wldp.dll
0x00007ffa86d40000 - 0x00007ffa86ded000 	C:\WINDOWS\System32\SHCORE.dll
0x00007ffa865d0000 - 0x00007ffa86625000 	C:\WINDOWS\System32\shlwapi.dll
0x00007ffa85220000 - 0x00007ffa8523f000 	C:\WINDOWS\SYSTEM32\profapi.dll
0x00007ffa79190000 - 0x00007ffa791a9000 	C:\Users\lufer\.vscode\extensions\redhat.java-1.14.0-win32-x64\jre\17.0.5-win32-x86_64\bin\net.dll
0x00007ffa77e40000 - 0x00007ffa77f4c000 	C:\WINDOWS\SYSTEM32\WINHTTP.dll
0x00007ffa84450000 - 0x00007ffa844ba000 	C:\WINDOWS\system32\mswsock.dll
0x00007ffa71880000 - 0x00007ffa71895000 	C:\Users\lufer\.vscode\extensions\redhat.java-1.14.0-win32-x64\jre\17.0.5-win32-x86_64\bin\nio.dll
0x00007ffa796f0000 - 0x00007ffa79700000 	c:\Users\lufer\.vscode\extensions\redhat.java-1.14.0-win32-x64\jre\17.0.5-win32-x86_64\bin\verify.dll
0x00007ffa85020000 - 0x00007ffa85038000 	C:\WINDOWS\SYSTEM32\CRYPTSP.dll
0x00007ffa83c70000 - 0x00007ffa83ca4000 	C:\WINDOWS\system32\rsaenh.dll
0x00007ffa85970000 - 0x00007ffa85997000 	C:\WINDOWS\System32\bcrypt.dll
0x00007ffa851a0000 - 0x00007ffa851ce000 	C:\WINDOWS\SYSTEM32\USERENV.dll
0x00007ffa84600000 - 0x00007ffa8460c000 	C:\WINDOWS\SYSTEM32\CRYPTBASE.dll
0x00007ffa84020000 - 0x00007ffa8405b000 	C:\WINDOWS\SYSTEM32\IPHLPAPI.DLL
0x00007ffa87ba0000 - 0x00007ffa87ba8000 	C:\WINDOWS\System32\NSI.dll
0x00007ffa78560000 - 0x00007ffa78577000 	C:\WINDOWS\SYSTEM32\dhcpcsvc6.DLL
0x00007ffa7d090000 - 0x00007ffa7d0ad000 	C:\WINDOWS\SYSTEM32\dhcpcsvc.DLL
0x00007ffa84060000 - 0x00007ffa8412a000 	C:\WINDOWS\SYSTEM32\DNSAPI.dll
0x00007ffa7dc60000 - 0x00007ffa7dc69000 	C:\Users\lufer\.vscode\extensions\redhat.java-1.14.0-win32-x64\jre\17.0.5-win32-x86_64\bin\management.dll
0x00007ffa6d6f0000 - 0x00007ffa6d6fb000 	C:\Users\lufer\.vscode\extensions\redhat.java-1.14.0-win32-x64\jre\17.0.5-win32-x86_64\bin\management_ext.dll
0x00007ffa863e0000 - 0x00007ffa863e8000 	C:\WINDOWS\System32\PSAPI.DLL

dbghelp: loaded successfully - version: 4.0.5 - missing functions: none
symbol engine: initialized successfully - sym options: 0x614 - pdb path: .;c:\Users\lufer\.vscode\extensions\redhat.java-1.14.0-win32-x64\jre\17.0.5-win32-x86_64\bin;C:\WINDOWS\SYSTEM32;C:\WINDOWS\WinSxS\amd64_microsoft.windows.common-controls_6595b64144ccf1df_6.0.19041.1110_none_60b5254171f9507e;c:\Users\lufer\.vscode\extensions\redhat.java-1.14.0-win32-x64\jre\17.0.5-win32-x86_64\bin\server

VM Arguments:
jvm_args: -XX:+HeapDumpOnOutOfMemoryError -Xmx1024m -Dsts.lsp.client=vscode -Dsts.log.file=/dev/null -XX:TieredStopAtLevel=1 -Xlog:jni+resolve=off -Dspring.config.location=file:c:\Users\lufer\.vscode\extensions\vmware.vscode-spring-boot-1.44.0\language-server\BOOT-INF\classes\application.properties 
java_command: org.springframework.ide.vscode.boot.app.BootLanguageServerBootApp
java_class_path (initial): c:\Users\lufer\.vscode\extensions\vmware.vscode-spring-boot-1.44.0\language-server\BOOT-INF\classes;c:\Users\lufer\.vscode\extensions\vmware.vscode-spring-boot-1.44.0\language-server\BOOT-INF\lib\annotations-24.0.0.jar;c:\Users\lufer\.vscode\extensions\vmware.vscode-spring-boot-1.44.0\language-server\BOOT-INF\lib\ant-1.10.13.jar;c:\Users\lufer\.vscode\extensions\vmware.vscode-spring-boot-1.44.0\language-server\BOOT-INF\lib\ant-launcher-1.10.13.jar;c:\Users\lufer\.vscode\extensions\vmware.vscode-spring-boot-1.44.0\language-server\BOOT-INF\lib\antlr-runtime-3.5.2.jar;c:\Users\lufer\.vscode\extensions\vmware.vscode-spring-boot-1.44.0\language-server\BOOT-INF\lib\antlr4-4.9.3.jar;c:\Users\lufer\.vscode\extensions\vmware.vscode-spring-boot-1.44.0\language-server\BOOT-INF\lib\antlr4-runtime-4.9.3.jar;c:\Users\lufer\.vscode\extensions\vmware.vscode-spring-boot-1.44.0\language-server\BOOT-INF\lib\apiguardian-api-1.1.2.jar;c:\Users\lufer\.vscode\extensions\vmware.vscode-spring-boot-1.44.0\language-server\BOOT-INF\lib\asm-9.4.jar;c:\Users\lufer\.vscode\extensions\vmware.vscode-spring-boot-1.44.0\language-server\BOOT-INF\lib\asm-analysis-9.4.jar;c:\Users\lufer\.vscode\extensions\vmware.vscode-spring-boot-1.44.0\language-server\BOOT-INF\lib\asm-tree-9.4.jar;c:\Users\lufer\.vscode\extensions\vmware.vscode-spring-boot-1.44.0\language-server\BOOT-INF\lib\asm-util-9.4.jar;c:\Users\lufer\.vscode\extensions\vmware.vscode-spring-boot-1.44.0\language-server\BOOT-INF\lib\caffeine-3.1.2.jar;c:\Users\lufer\.vscode\extensions\vmware.vscode-spring-boot-1.44.0\language-server\BOOT-INF\lib\checker-qual-3.12.0.jar;c:\Users\lufer\.vscode\extensions\vmware.vscode-spring-boot-1.44.0\language-server\BOOT-INF\lib\ci-environment-9.1.0.jar;c:\Users\lufer\.vscode\extensions\vmware.vscode-spring-boot-1.44.0\language-server\BOOT-INF\lib\classgraph-4.8.149.jar;c:\Users\lufer\.vscode\extensions\vmware.vscode-spring-boot-1.44.0\language-server\BOOT-INF\lib\commons-codec-1.15.ja
Launcher Type: SUN_STANDARD

[Global flags]
     intx CICompilerCount                          = 3                                         {product} {ergonomic}
     uint ConcGCThreads                            = 1                                         {product} {ergonomic}
     uint G1ConcRefinementThreads                  = 4                                         {product} {ergonomic}
   size_t G1HeapRegionSize                         = 1048576                                   {product} {ergonomic}
    uintx GCDrainStackTargetSize                   = 64                                        {product} {ergonomic}
     bool HeapDumpOnOutOfMemoryError               = true                                   {manageable} {command line}
   size_t InitialHeapSize                          = 134217728                                 {product} {ergonomic}
   size_t MarkStackSize                            = 4194304                                   {product} {ergonomic}
   size_t MaxHeapSize                              = 1073741824                                {product} {command line}
   size_t MaxNewSize                               = 643825664                                 {product} {ergonomic}
   size_t MinHeapDeltaBytes                        = 1048576                                   {product} {ergonomic}
   size_t MinHeapSize                              = 8388608                                   {product} {ergonomic}
    uintx NonProfiledCodeHeapSize                  = 0                                      {pd product} {ergonomic}
     bool ProfileInterpreter                       = false                                  {pd product} {command line}
    uintx ProfiledCodeHeapSize                     = 0                                      {pd product} {ergonomic}
   size_t SoftMaxHeapSize                          = 1073741824                             {manageable} {ergonomic}
     intx TieredStopAtLevel                        = 1                                         {product} {command line}
     bool UseCompressedClassPointers               = true                           {product lp64_product} {ergonomic}
     bool UseCompressedOops                        = true                           {product lp64_product} {ergonomic}
     bool UseG1GC                                  = true                                      {product} {ergonomic}
     bool UseLargePagesIndividualAllocation        = false                                  {pd product} {ergonomic}

Logging:
Log output configuration:
 #0: stdout all=warning,jni+resolve=off uptime,level,tags
 #1: stderr all=off uptime,level,tags

Environment Variables:
JAVA_HOME=C:\Program Files\Java\jdk-18.0.1.1
PATH=C:\WINDOWS\system32;C:\WINDOWS;C:\WINDOWS\System32\Wbem;C:\WINDOWS\System32\WindowsPowerShell\v1.0\;C:\WINDOWS\System32\OpenSSH\;C:\Program Files\Git\cmd;C:\Program Files\Java\jdk-18.0.1.1\bin;C:\Program Files\Calibre2\;C:\Program Files\nodejs\;C:\Program Files\MySQL\MySQL Shell 8.0\bin\;C:\Users\lufer\AppData\Local\Microsoft\WindowsApps;;C:\Users\lufer\AppData\Roaming\npm;C:\Users\lufer\AppData\Local\Programs\Microsoft VS Code\bin
USERNAME=lufer
OS=Windows_NT
PROCESSOR_IDENTIFIER=Intel64 Family 6 Model 58 Stepping 9, GenuineIntel
TMP=C:\Users\lufer\AppData\Local\Temp
TEMP=C:\Users\lufer\AppData\Local\Temp



---------------  S Y S T E M  ---------------

OS:
 Windows 10 , 64 bit Build 19041 (10.0.19041.2364)
OS uptime: 0 days 12:33 hours
Hyper-V role detected

CPU: total 4 (initial active 4) (2 cores per cpu, 2 threads per core) family 6 model 58 stepping 9 microcode 0x21, cx8, cmov, fxsr, ht, mmx, sse, sse2, sse3, ssse3, sse4.1, sse4.2, popcnt, tsc, tscinvbit, avx, erms, clmul, vzeroupper, clflush, hv

Memory: 4k page, system-wide physical 8089M (1357M free)
TotalPageFile size 15001M (AvailPageFile size 6535M)
current process WorkingSet (physical memory assigned to process): 144M, peak: 144M
current process commit charge ("private bytes"): 173M, peak: 223M

vm_info: OpenJDK 64-Bit Server VM (17.0.5+8) for windows-amd64 JRE (17.0.5+8), built on Oct 19 2022 04:48:13 by "temurin" with MS VC++ 16.7 (VS2019)

END.
